10-24 00:22:00: --------    -------- 
Checking for completed games..
--------    --------
10-24 00:24:00: --------    -------- 
Checking for completed games..
--------    --------
10-24 00:26:01: --------    -------- 
Checking for completed games..
--------    --------
10-24 00:28:01: --------    -------- 
Checking for completed games..
--------    --------
10-24 00:30:02: --------    -------- 
Checking for completed games..
--------    --------
10-24 00:32:01: --------    -------- 
Checking for completed games..
--------    --------
10-24 00:34:00: --------    -------- 
Checking for completed games..
--------    --------
10-24 00:36:00: --------    -------- 
Checking for completed games..
--------    --------
10-24 00:38:00: --------    -------- 
Checking for completed games..
--------    --------
10-24 00:40:01: --------    -------- 
Checking for completed games..
--------    --------
10-24 00:41:01: --------    -------- 
Running completedReq.js - Initializing Cron Jobs
--------    --------
10-24 00:42:01: --------    -------- 
Checking for completed games..
--------    --------
10-24 00:43:53: --------    -------- 
Running completedReq.js - Initializing Cron Jobs
--------    --------
10-24 00:44:01: --------    -------- 
Checking for completed games..
--------    --------
10-24 00:46:16: --------    -------- 
Running completedReq.js - Initializing Cron Jobs
--------    --------
10-24 00:48:00: --------    -------- 
Checking for completed games..
--------    --------
10-24 00:50:01: --------    -------- 
Checking for completed games..
--------    --------
10-24 00:52:00: --------    -------- 
Checking for completed games..
--------    --------
10-24 00:54:01: --------    -------- 
Checking for completed games..
--------    --------
10-24 00:56:01: --------    -------- 
Checking for completed games..
--------    --------
10-24 00:58:01: --------    -------- 
Checking for completed games..
--------    --------
10-24 01:00:02: --------    -------- 
Checking for completed games..
--------    --------
10-24 01:02:00: --------    -------- 
Checking for completed games..
--------    --------
10-24 01:04:00: --------    -------- 
Checking for completed games..
--------    --------
10-24 01:06:00: --------    -------- 
Checking for completed games..
--------    --------
10-24 01:08:00: --------    -------- 
Checking for completed games..
--------    --------
10-24 01:10:02: --------    -------- 
Checking for completed games..
--------    --------
10-24 01:12:01: --------    -------- 
Checking for completed games..
--------    --------
10-24 01:14:01: --------    -------- 
Checking for completed games..
--------    --------
10-24 01:16:01: --------    -------- 
Checking for completed games..
--------    --------
10-24 01:18:00: --------    -------- 
Checking for completed games..
--------    --------
10-24 01:20:02: --------    -------- 
Checking for completed games..
--------    --------
10-24 01:22:00: --------    -------- 
Checking for completed games..
--------    --------
10-24 01:24:00: --------    -------- 
Checking for completed games..
--------    --------
10-24 01:26:00: --------    -------- 
Checking for completed games..
--------    --------
10-24 01:28:00: --------    -------- 
Checking for completed games..
--------    --------
10-24 01:30:03: --------    -------- 
Checking for completed games..
--------    --------
10-24 01:32:00: --------    -------- 
Checking for completed games..
--------    --------
10-24 01:34:00: --------    -------- 
Checking for completed games..
--------    --------
10-24 01:36:00: --------    -------- 
Checking for completed games..
--------    --------
10-24 01:38:00: --------    -------- 
Checking for completed games..
--------    --------
10-24 01:40:02: --------    -------- 
Checking for completed games..
--------    --------
10-24 01:42:01: --------    -------- 
Checking for completed games..
--------    --------
10-24 01:44:01: --------    -------- 
Checking for completed games..
--------    --------
10-24 01:46:01: --------    -------- 
Checking for completed games..
--------    --------
10-24 01:48:01: --------    -------- 
Checking for completed games..
--------    --------
10-24 01:50:01: --------    -------- 
Checking for completed games..
--------    --------
10-24 01:52:00: --------    -------- 
Checking for completed games..
--------    --------
10-24 01:54:00: --------    -------- 
Checking for completed games..
--------    --------
10-24 01:56:00: --------    -------- 
Checking for completed games..
--------    --------
10-24 01:58:00: --------    -------- 
Checking for completed games..
--------    --------
10-24 09:21:58: --------    -------- 
Running completedReq.js - Initializing Cron Jobs
--------    --------
10-24 09:25:01: --------    -------- 
Checking for completed games..
--------    --------
10-24 09:26:08: --------    -------- 
Running completedReq.js - Initializing Cron Jobs
--------    --------
10-24 09:27:22: --------    -------- 
Running completedReq.js - Initializing Cron Jobs
--------    --------
10-24 09:28:01: --------    -------- 
Checking for completed games..
--------    --------
10-24 09:29:01: --------    -------- 
Checking for completed games..
--------    --------
10-24 09:30:02: --------    -------- 
Checking for completed games..
--------    --------
10-24 12:44:28: --------    -------- 
Running completedReq.js - Initializing Cron Jobs
--------    --------
10-24 12:44:43: --------    -------- 
Running completedReq.js - Initializing Cron Jobs
--------    --------
10-24 13:53:44: --------    -------- 
Running completedReq.js - Initializing Cron Jobs
--------    --------
10-24 13:54:00: --------    -------- 
Checking for completed games..
--------    --------
10-24 13:55:00: --------    -------- 
Checking for completed games..
--------    --------
10-24 13:56:01: --------    -------- 
Checking for completed games..
--------    --------
10-24 13:57:01: --------    -------- 
Checking for completed games..
--------    --------
10-24 14:13:35: --------    -------- 
Running completedReq.js - Initializing Cron Jobs
--------    --------
10-24 14:14:00: --------    -------- 
Checking for completed games..
--------    --------
10-24 14:15:01: --------    -------- 
Checking for completed games..
--------    --------
10-24 14:16:24: --------    -------- 
Running completedReq.js - Initializing Cron Jobs
--------    --------
10-24 14:17:00: --------    -------- 
Checking for completed games..
--------    --------
10-24 14:17:30: --------    -------- 
Running completedReq.js - Initializing Cron Jobs
--------    --------
10-24 14:18:01: --------    -------- 
Checking for completed games..
--------    --------
10-24 14:19:01: --------    -------- 
Checking for completed games..
--------    --------
10-24 14:21:26: --------    -------- 
Running completedReq.js - Initializing Cron Jobs
--------    --------
10-24 14:22:00: --------    -------- 
Checking for completed games..
--------    --------
10-24 14:23:41: --------    -------- 
Running completedReq.js - Initializing Cron Jobs
--------    --------
10-24 14:24:11: --------    -------- 
Running completedReq.js - Initializing Cron Jobs
--------    --------
10-24 14:24:41: --------    -------- 
Running completedReq.js - Initializing Cron Jobs
--------    --------
10-24 14:25:22: --------    -------- 
Running completedReq.js - Initializing Cron Jobs
--------    --------
10-24 14:29:55: --------    -------- 
Running completedReq.js - Initializing Cron Jobs
--------    --------
10-24 14:30:01: --------    -------- 
Checking for completed games..
--------    --------
10-24 14:31:01: --------    -------- 
Checking for completed games..
--------    --------
10-24 14:34:16: --------    -------- 
Running completedReq.js - Initializing Cron Jobs
--------    --------
10-24 14:34:38: --------    -------- 
Running completedReq.js - Initializing Cron Jobs
--------    --------
10-24 14:35:00: --------    -------- 
Checking for completed games..
--------    --------
10-24 14:36:26: --------    -------- 
Running completedReq.js - Initializing Cron Jobs
--------    --------
10-24 14:37:01: --------    -------- 
Checking for completed games..
--------    --------
10-24 14:38:01: --------    -------- 
Checking for completed games..
--------    --------
10-24 14:39:01: --------    -------- 
Checking for completed games..
--------    --------
10-24 14:43:04: --------    -------- 
Running completedReq.js - Initializing Cron Jobs
--------    --------
10-24 14:44:00: --------    -------- 
Checking for completed games..
--------    --------
10-24 14:45:00: --------    -------- 
Checking for completed games..
--------    --------
10-24 14:46:00: --------    -------- 
Checking for completed games..
--------    --------
10-24 14:47:01: --------    -------- 
Checking for completed games..
--------    --------
10-24 14:48:01: --------    -------- 
Checking for completed games..
--------    --------
10-24 14:49:01: --------    -------- 
Checking for completed games..
--------    --------
10-24 14:50:01: --------    -------- 
Checking for completed games..
--------    --------
10-24 14:51:01: --------    -------- 
Checking for completed games..
--------    --------
10-24 14:52:00: --------    -------- 
Checking for completed games..
--------    --------
10-24 14:53:00: --------    -------- 
Checking for completed games..
--------    --------
10-24 14:54:00: --------    -------- 
Checking for completed games..
--------    --------
10-24 14:55:00: --------    -------- 
Checking for completed games..
--------    --------
10-24 14:56:00: --------    -------- 
Checking for completed games..
--------    --------
10-24 14:57:00: --------    -------- 
Checking for completed games..
--------    --------
10-24 14:58:00: --------    -------- 
Checking for completed games..
--------    --------
10-24 14:59:00: --------    -------- 
Checking for completed games..
--------    --------
10-24 15:00:00: --------    -------- 
Checking for completed games..
--------    --------
10-24 15:01:00: --------    -------- 
Checking for completed games..
--------    --------
10-24 15:02:01: --------    -------- 
Checking for completed games..
--------    --------
10-24 15:03:00: --------    -------- 
Checking for completed games..
--------    --------
10-24 15:04:01: --------    -------- 
Checking for completed games..
--------    --------
10-24 15:05:01: --------    -------- 
Checking for completed games..
--------    --------
10-24 15:06:01: --------    -------- 
Checking for completed games..
--------    --------
10-24 15:07:01: --------    -------- 
Checking for completed games..
--------    --------
10-24 15:08:01: --------    -------- 
Checking for completed games..
--------    --------
10-24 15:09:01: --------    -------- 
Checking for completed games..
--------    --------
10-24 15:10:00: --------    -------- 
Checking for completed games..
--------    --------
10-24 15:11:00: --------    -------- 
Checking for completed games..
--------    --------
10-24 15:12:00: --------    -------- 
Checking for completed games..
--------    --------
10-24 15:13:00: --------    -------- 
Checking for completed games..
--------    --------
10-24 15:14:00: --------    -------- 
Checking for completed games..
--------    --------
10-24 15:15:00: --------    -------- 
Checking for completed games..
--------    --------
10-24 15:16:00: --------    -------- 
Checking for completed games..
--------    --------
10-24 15:17:00: --------    -------- 
Checking for completed games..
--------    --------
10-24 15:18:00: --------    -------- 
Checking for completed games..
--------    --------
10-24 15:19:01: --------    -------- 
Checking for completed games..
--------    --------
10-24 15:20:00: --------    -------- 
Checking for completed games..
--------    --------
10-24 15:21:00: --------    -------- 
Checking for completed games..
--------    --------
10-24 15:22:01: --------    -------- 
Checking for completed games..
--------    --------
10-24 15:23:01: --------    -------- 
Checking for completed games..
--------    --------
10-24 15:24:01: --------    -------- 
Checking for completed games..
--------    --------
10-24 15:25:01: --------    -------- 
Checking for completed games..
--------    --------
10-24 15:26:01: --------    -------- 
Checking for completed games..
--------    --------
10-24 15:27:01: --------    -------- 
Checking for completed games..
--------    --------
10-24 15:28:00: --------    -------- 
Checking for completed games..
--------    --------
10-24 15:29:00: --------    -------- 
Checking for completed games..
--------    --------
10-24 15:30:00: --------    -------- 
Checking for completed games..
--------    --------
10-24 15:31:00: --------    -------- 
Checking for completed games..
--------    --------
10-24 15:32:00: --------    -------- 
Checking for completed games..
--------    --------
10-24 17:30:25: --------    -------- 
Running completedReq.js - Initializing Cron Jobs
--------    --------
10-24 17:30:33: --------    -------- 
Running completedReq.js - Initializing Cron Jobs
--------    --------
10-24 17:46:01: --------    -------- 
Running completedReq.js - Initializing Cron Jobs
--------    --------
10-24 17:54:43: --------    -------- 
Running completedReq.js - Initializing Cron Jobs
--------    --------
10-24 18:23:07: --------    -------- 
Running completedReq.js - Initializing Cron Jobs
--------    --------
10-25 13:18:44: --------    -------- 
Running completedReq.js - Initializing Cron Jobs
--------    --------
10-25 13:20:30: --------    -------- 
Running completedReq.js - Initializing Cron Jobs
--------    --------
10-25 13:22:47: --------    -------- 
Running completedReq.js - Initializing Cron Jobs
--------    --------
10-25 13:23:11: --------    -------- 
Running completedReq.js - Initializing Cron Jobs
--------    --------
10-25 13:35:32: --------    -------- 
Running completedReq.js - Initializing Cron Jobs
--------    --------
10-25 13:37:27: --------    -------- 
Running completedReq.js - Initializing Cron Jobs
--------    --------
10-25 13:39:50: --------    -------- 
Running completedReq.js - Initializing Cron Jobs
--------    --------
10-25 13:40:02: --------    -------- 
Running completedReq.js - Initializing Cron Jobs
--------    --------
10-25 14:13:34: --------    -------- 
Running completedReq.js - Initializing Cron Jobs
--------    --------
10-25 14:13:55: --------    -------- 
Running completedReq.js - Initializing Cron Jobs
--------    --------
10-25 14:15:26: --------    -------- 
Running completedReq.js - Initializing Cron Jobs
--------    --------
10-25 14:21:08: --------    -------- 
Running completedReq.js - Initializing Cron Jobs
--------    --------
10-25 14:21:25: --------    -------- 
Running completedReq.js - Initializing Cron Jobs
--------    --------
10-25 14:22:01: --------    -------- 
Running completedReq.js - Initializing Cron Jobs
--------    --------
10-25 14:24:00: --------    -------- 
Running completedReq.js - Initializing Cron Jobs
--------    --------
10-25 16:55:40: --------    -------- 
Running completedReq.js - Initializing Cron Jobs
--------    --------
10-25 16:56:27: --------    -------- 
Running completedReq.js - Initializing Cron Jobs
--------    --------
10-25 16:57:58: --------    -------- 
Running completedReq.js - Initializing Cron Jobs
--------    --------
10-25 17:00:13: --------    -------- 
Running completedReq.js - Initializing Cron Jobs
--------    --------
10-25 17:05:37: --------    -------- 
Running completedReq.js - Initializing Cron Jobs
--------    --------
10-25 22:12:00: --------    -------- 
Running completedReq.js - Initializing Cron Jobs
--------    --------
10-25 22:13:00: --------    -------- 
Running completedReq.js - Initializing Cron Jobs
--------    --------
10-25 22:14:00: --------    -------- 
Running completedReq.js - Initializing Cron Jobs
--------    --------
10-25 22:15:00: --------    -------- 
Running completedReq.js - Initializing Cron Jobs
--------    --------
10-25 22:16:01: --------    -------- 
Running completedReq.js - Initializing Cron Jobs
--------    --------
10-25 22:18:01: --------    -------- 
Running completedReq.js - Initializing Cron Jobs
--------    --------
10-25 22:19:00: --------    -------- 
Running completedReq.js - Initializing Cron Jobs
--------    --------
10-25 22:20:00: --------    -------- 
Running completedReq.js - Initializing Cron Jobs
--------    --------
10-25 22:22:01: --------    -------- 
Running completedReq.js - Initializing Cron Jobs
--------    --------
10-25 22:23:00: --------    -------- 
Running completedReq.js - Initializing Cron Jobs
--------    --------
10-25 22:23:00: --------    -------- 
Checking for completed games between the hours: */5 11-22 30 10 0
--------    --------
10-25 22:24:00: --------    -------- 
Running completedReq.js - Initializing Cron Jobs
--------    --------
10-25 22:24:00: --------    -------- 
Checking for completed games between the hours: */5 11-22 30 10 0
--------    --------
10-25 22:25:00: --------    -------- 
Running completedReq.js - Initializing Cron Jobs
--------    --------
10-25 22:25:00: --------    -------- 
Checking for completed games between the hours: */5 11-22 30 10 0
--------    --------
10-26 11:31:33: --------    -------- 
Checking for completed games between the hours: false
--------    --------
10-26 11:33:08: --------    -------- 
Checking for completed games between the hours: false
--------    --------
10-26 11:33:59: --------    -------- 
Checking for completed games between the hours: */5 19 26 10 3
--------    --------
10-26 11:50:00: --------    -------- 
Running completedReq.js - Initializing Cron Jobs
--------    --------
10-26 11:50:00: --------    -------- 
Checking for completed games between the hours: */5 19 26 10 3
--------    --------
10-26 23:07:19: --------    -------- 
Checking for completed games between the hours: */5 19 26 10 3
--------    --------
10-26 23:20:11: --------    -------- 
Checking for completed games between the hours: */5 21-5 26 10 3
--------    --------
10-26 23:21:35: --------    -------- 
Checking for completed games between the hours: */5 19-3 26 10 3
--------    --------
10-26 23:42:43: --------    -------- 
Checking for completed games between the hours: [object Object]
--------    --------
10-26 23:43:55: --------    -------- 
Checking for completed games between the hours: [object Object]
--------    --------
10-26 23:45:09: --------    -------- 
Checking for completed games between the hours: [object Object]
--------    --------
10-26 23:46:47: --------    -------- 
Checking for completed games between the hours: [object Object]
--------    --------
10-26 23:47:07: --------    -------- 
Checking for completed games between the hours: [object Object]
--------    --------
10-26 23:47:41: --------    -------- 
Checking for completed games between the hours: [object Object]
--------    --------
10-26 23:48:11: --------    -------- 
Checking for completed games between the hours: [object Object]
--------    --------
10-26 23:49:50: --------    -------- 
Checking for completed games between the hours: [object Object]
--------    --------
10-26 23:50:19: --------    -------- 
Checking for completed games between the hours: [object Object]
--------    --------
10-26 23:50:59: --------    -------- 
Checking for completed games between the hours: [object Object]
--------    --------
10-26 23:51:56: --------    -------- 
Checking for completed games between the hours: [object Object]
--------    --------
10-26 23:53:22: --------    -------- 
Checking for completed games between the hours: [object Object]
--------    --------
10-26 23:54:24: --------    -------- 
Checking for completed games between the hours: [object Object]
--------    --------
10-26 23:56:22: --------    -------- 
Checking for completed games between the hours: [object Object]
--------    --------
10-26 23:57:29: --------    -------- 
Checking for completed games between the hours: [object Object]
--------    --------
10-26 23:58:10: --------    -------- 
Checking for completed games between the hours: [object Object]
--------    --------
10-26 23:58:28: --------    -------- 
Checking for completed games between the hours: [object Object]
--------    --------
10-26 23:58:34: --------    -------- 
Checking for completed games between the hours: [object Object]
--------    --------
10-26 23:59:26: --------    -------- 
Checking for completed games between the hours: [object Object]
--------    --------
10-26 23:59:31: --------    -------- 
Checking for completed games between the hours: [object Object]
--------    --------
10-27 03:11:24: --------    -------- 
Checking for completed games between the hours
--------    --------
10-27 03:15:02: --------    -------- 
Cron Range Hours:
{
	range1: '*/1 21-23 26 10 3',
	range2: '*/1 0-3 27 10 4'
}
--------    --------
10-27 03:21:00: --------    -------- 
Running completedReq.js - Initializing Cron Jobs
--------    --------
10-27 03:21:00: --------    -------- 
Cron Range Hours:
{
	range1: '*/1 21-23 26 10 3',
	range2: '*/1 0-3 27 10 4'
}
--------    --------
11-01 03:21:01: --------    -------- 
Running completedReq.js - Initializing Cron Jobs
--------    --------
11-01 03:21:01: --------    -------- 
Cron Range Hours:
{
	range1: '*/5 21-5 31 10 1'
}
--------    --------
11-03 22:16:01: --------    -------- 
Running completedReq.js - Initializing Cron Jobs
--------    --------
11-03 22:16:01: --------    -------- 
Cron Range Hours:
{
	range1: '*/1 22-22 3 11 4'
}
--------    --------
11-03 22:17:00: --------    -------- 
Running completedReq.js - Initializing Cron Jobs
--------    --------
11-03 22:17:00: --------    -------- 
Cron Range Hours:
{
	range1: '*/1 22-22 3 11 4'
}
--------    --------
11-03 22:17:00: --------    -------- 
Checking for completed games..
--------    --------
11-03 22:18:01: --------    -------- 
Running completedReq.js - Initializing Cron Jobs
--------    --------
11-03 22:18:01: --------    -------- 
Cron Range Hours:
{
	range1: '*/1 22-22 3 11 4'
}
--------    --------
11-03 22:19:00: --------    -------- 
Checking for completed games..
--------    --------
11-03 22:20:01: --------    -------- 
Checking for completed games..
--------    --------
11-03 22:20:01: --------    -------- 
Running completedReq.js - Initializing Cron Jobs
--------    --------
11-03 22:20:01: --------    -------- 
Cron Range Hours:
{
	range1: '*/1 22-22 3 11 4'
}
--------    --------
11-03 22:21:00: --------    -------- 
Checking for completed games..
--------    --------
11-03 22:21:00: --------    -------- 
Checking for completed games..
--------    --------
11-03 22:22:00: --------    -------- 
Checking for completed games..
--------    --------
11-03 22:22:01: --------    -------- 
Checking for completed games..
--------    --------
11-03 22:22:01: --------    -------- 
Running completedReq.js - Initializing Cron Jobs
--------    --------
11-03 22:22:01: --------    -------- 
Cron Range Hours:
{
	range1: '*/1 22-22 3 11 4'
}
--------    --------
11-03 22:23:49: --------    -------- 
Cron Range Hours:
{
	range1: '*/1 22-22 3 11 4'
}
--------    --------
11-03 22:24:00: --------    -------- 
Running completedReq.js - Initializing Cron Jobs
--------    --------
11-03 22:24:00: --------    -------- 
Cron Range Hours:
{
	range1: '*/1 22-22 3 11 4'
}
--------    --------
11-03 22:24:01: --------    -------- 
Checking for completed games..
--------    --------
11-03 22:24:26: --------    -------- 
Cron Range Hours:
{
	range1: '*/1 22-22 3 11 4'
}
--------    --------
11-03 22:25:01: --------    -------- 
Checking for completed games..
--------    --------
11-03 22:25:24: --------    -------- 
Cron Range Hours:
{
	range1: '*/1 22-22 3 11 4'
}
--------    --------
11-03 22:26:01: --------    -------- 
Checking for completed games..
--------    --------
11-03 22:26:01: --------    -------- 
Checking for completed games..
--------    --------
11-03 22:30:02: --------    -------- 
Running completedReq.js - Initializing Cron Jobs
--------    --------
11-03 22:30:02: --------    -------- 
Cron Range Hours:
{
	range1: '*/1 22-22 3 11 4'
}
--------    --------
11-03 22:31:00: --------    -------- 
Running completedReq.js - Initializing Cron Jobs
--------    --------
11-03 22:31:00: --------    -------- 
Cron Range Hours:
{
	range1: '*/1 22-22 3 11 4'
}
--------    --------
11-03 22:32:01: --------    -------- 
Running completedReq.js - Initializing Cron Jobs
--------    --------
11-03 22:32:01: --------    -------- 
Cron Range Hours:
{
	range1: '*/1 22-22 3 11 4'
}
--------    --------
11-03 22:33:00: --------    -------- 
Running completedReq.js - Initializing Cron Jobs
--------    --------
11-03 22:33:00: --------    -------- 
Cron Range Hours:
{
	range1: '*/1 22-22 3 11 4'
}
--------    --------
11-03 22:33:01: --------    -------- 
Checking for completed games..
--------    --------
11-03 22:34:00: --------    -------- 
Checking for completed games..
--------    --------
11-03 22:34:00: --------    -------- 
Running completedReq.js - Initializing Cron Jobs
--------    --------
11-03 22:34:00: --------    -------- 
Cron Range Hours:
{
	range1: '*/1 22-22 3 11 4'
}
--------    --------
11-03 22:34:01: --------    -------- 
Checking for completed games..
--------    --------
11-03 22:35:00: --------    -------- 
Checking for completed games..
--------    --------
11-03 22:35:00: --------    -------- 
Running completedReq.js - Initializing Cron Jobs
--------    --------
11-03 22:35:00: --------    -------- 
Cron Range Hours:
{
	range1: '*/1 22-22 3 11 4'
}
--------    --------
11-03 22:35:01: --------    -------- 
Checking for completed games..
--------    --------
11-03 22:36:00: --------    -------- 
Checking for completed games..
--------    --------
11-03 22:36:00: --------    -------- 
Checking for completed games..
--------    --------
11-03 22:36:00: --------    -------- 
Checking for completed games..
--------    --------
11-03 22:36:01: --------    -------- 
Running completedReq.js - Initializing Cron Jobs
--------    --------
11-03 22:36:01: --------    -------- 
Cron Range Hours:
{
	range1: '*/1 22-22 3 11 4'
}
--------    --------
11-03 22:37:00: --------    -------- 
Checking for completed games..
--------    --------
11-03 22:37:00: --------    -------- 
Checking for completed games..
--------    --------
11-03 22:37:00: --------    -------- 
Checking for completed games..
--------    --------
11-03 22:37:00: --------    -------- 
Checking for completed games..
--------    --------
11-03 22:37:01: --------    -------- 
Running completedReq.js - Initializing Cron Jobs
--------    --------
11-03 22:37:01: --------    -------- 
Cron Range Hours:
{
	range1: '*/1 22-22 3 11 4'
}
--------    --------
11-03 22:38:00: --------    -------- 
Checking for completed games..
--------    --------
11-03 22:38:00: --------    -------- 
Checking for completed games..
--------    --------
11-03 22:38:00: --------    -------- 
Checking for completed games..
--------    --------
11-03 22:38:00: --------    -------- 
Checking for completed games..
--------    --------
11-03 22:38:00: --------    -------- 
Checking for completed games..
--------    --------
11-03 22:38:01: --------    -------- 
Running completedReq.js - Initializing Cron Jobs
--------    --------
11-03 22:38:01: --------    -------- 
Cron Range Hours:
{
	range1: '*/1 22-22 3 11 4'
}
--------    --------
11-03 23:09:13: --------    -------- 
Cron Range Hours:
{
	range1: '*/1 22-22 3 11 4'
}
--------    --------
11-03 23:10:07: --------    -------- 
Cron Range Hours:
{
	range1: '*/1 22-22 3 11 4'
}
--------    --------
11-03 23:18:00: --------    -------- 
Running completedReq.js - Initializing Cron Jobs
--------    --------
11-03 23:18:00: --------    -------- 
Cron Range Hours:
{
	range1: '*/5 20-25 3 11 4'
}
--------    --------
11-03 23:18:12: --------    -------- 
Cron Range Hours:
{
	range1: '*/5 20-25 3 11 4'
}
--------    --------
11-03 23:18:31: --------    -------- 
Cron Range Hours:
{
	range1: '*/5 20-23 3 11 4'
}
--------    --------
11-03 23:19:01: --------    -------- 
Running completedReq.js - Initializing Cron Jobs
--------    --------
11-03 23:19:01: --------    -------- 
Cron Range Hours:
{
	range1: '*/5 20-23 3 11 4'
}
--------    --------
11-03 23:20:00: --------    -------- 
Checking for completed games..
--------    --------
11-03 23:20:01: --------    -------- 
Running completedReq.js - Initializing Cron Jobs
--------    --------
11-03 23:20:01: --------    -------- 
Cron Range Hours:
{
	range1: '*/5 20-23 3 11 4'
}
--------    --------
11-03 23:20:01: --------    -------- 
Checking for completed games..
--------    --------
11-03 23:21:01: --------    -------- 
Running completedReq.js - Initializing Cron Jobs
--------    --------
11-03 23:21:01: --------    -------- 
Cron Range Hours:
{
	range1: '*/5 20-23 3 11 4'
}
--------    --------
11-03 23:22:01: --------    -------- 
Running completedReq.js - Initializing Cron Jobs
--------    --------
11-03 23:22:01: --------    -------- 
Cron Range Hours:
{
	range1: '*/5 20-23 3 11 4'
}
--------    --------
11-03 23:23:00: --------    -------- 
Running completedReq.js - Initializing Cron Jobs
--------    --------
11-03 23:23:00: --------    -------- 
Cron Range Hours:
{
	range1: '*/5 20-23 3 11 4'
}
--------    --------
11-03 23:24:00: --------    -------- 
Running completedReq.js - Initializing Cron Jobs
--------    --------
11-03 23:24:00: --------    -------- 
Cron Range Hours:
{
	range1: '*/5 20-23 3 11 4'
}
--------    --------
11-03 23:25:00: --------    -------- 
Checking for completed games..
--------    --------
11-03 23:25:00: --------    -------- 
Running completedReq.js - Initializing Cron Jobs
--------    --------
11-03 23:25:00: --------    -------- 
Cron Range Hours:
{
	range1: '*/5 20-23 3 11 4'
}
--------    --------
11-03 23:25:00: --------    -------- 
Checking for completed games..
--------    --------
11-03 23:25:00: --------    -------- 
Checking for completed games..
--------    --------
11-03 23:25:00: --------    -------- 
Checking for completed games..
--------    --------
11-03 23:25:00: --------    -------- 
Checking for completed games..
--------    --------
11-03 23:25:01: --------    -------- 
Checking for completed games..
--------    --------
11-03 23:25:01: --------    -------- 
Checking for completed games..
--------    --------
11-03 23:26:00: --------    -------- 
Running completedReq.js - Initializing Cron Jobs
--------    --------
11-03 23:26:00: --------    -------- 
Cron Range Hours:
{
	range1: '*/5 20-23 3 11 4'
}
--------    --------
11-03 23:27:00: --------    -------- 
Running completedReq.js - Initializing Cron Jobs
--------    --------
11-03 23:27:00: --------    -------- 
Cron Range Hours:
{
	range1: '*/5 20-23 3 11 4'
}
--------    --------
11-04 03:25:55: --------    -------- 
Cron Range Hours:
Range 1: */5 21-23 4 11 5
Range 2: */5 0-3 5 11 6
--------    --------
11-05 00:01:00: --------    -------- 
Running completedReq.js - Initializing Cron Jobs
--------    --------
11-05 00:01:00: --------    -------- 
[completedReq.js] Cron Range Hours:
Range 1: undefined
Range 2: undefined
--------    --------
11-05 00:01:00: --------    -------- 
[completedReq.js] No games today, skipping completed game check
--------    --------
11-11 08:05:00: --------    -------- 
Running completedReq.js - Initializing Cron Jobs
--------    --------
11-11 08:05:00: --------    -------- 
[completedReq.js] Cron Range Hours:
Range 1: */5 21-23 11 11 5
Range 2: */5 0-3 12 11 6
--------    --------
11-12 08:05:01: --------    -------- 
Running completedReq.js - Initializing Cron Jobs
--------    --------
11-12 08:05:01: --------    -------- 
[completedReq.js] Cron Range Hours:
Range 1: */5 16-22 12 11 6
Range 2: undefined
--------    --------
11-12 16:00:00: --------    -------- 
Checking for completed games..
--------    --------
11-12 16:05:01: --------    -------- 
Checking for completed games..
--------    --------
11-12 16:10:00: --------    -------- 
Checking for completed games..
--------    --------
11-22 08:28:54: --------    -------- 
Cron Range Hours:
Range 1: */5 21-23 22 11 2
Range 2: */5 0-3 23 11 3
--------    --------
11-22 08:30:45: --------    -------- 
Cron Range Hours:
Range 1: */5 21-23 22 11 2
Range 2: */5 0-3 23 11 3
--------    --------
11-25 00:01:01: --------    -------- 
Running completedReq.js - Initializing Cron Jobs
--------    --------
11-25 00:01:01: --------    -------- 
[completedReq.js] Cron Range Hours:
Range 1: undefined
Range 2: undefined
--------    --------
11-25 00:01:01: --------    -------- 
[completedReq.js] No games today, skipping completed game check
--------    --------
11-26 00:01:01: --------    -------- 
Running completedReq.js - Initializing Cron Jobs
--------    --------
11-26 00:01:01: --------    -------- 
[completedReq.js] Cron Range Hours:
Range 1: undefined
Range 2: undefined
--------    --------
11-26 00:01:01: --------    -------- 
[completedReq.js] No games today, skipping completed game check
--------    --------
12-02 00:01:00: --------    -------- 
Running completedReq.js - Initializing Cron Jobs
--------    --------
12-02 00:01:00: --------    -------- 
[completedReq.js] Cron Range Hours:
Range 1: undefined
Range 2: undefined
--------    --------
12-02 00:01:00: --------    -------- 
[completedReq.js] No games today, skipping completed game check
--------    --------
12-03 00:01:00: --------    -------- 
Running completedReq.js - Initializing Cron Jobs
--------    --------
12-03 00:01:00: --------    -------- 
[completedReq.js] Cron Range Hours:
Range 1: undefined
Range 2: undefined
--------    --------
12-03 00:01:00: --------    -------- 
[completedReq.js] No games today, skipping completed game check
--------    --------
12-04 08:05:01: --------    -------- 
Running completedReq.js - Initializing Cron Jobs
--------    --------
12-04 08:05:01: --------    -------- 
[completedReq.js] Cron Range Hours:
Range 1: */5 15-23 4 12 0
Range 2: undefined
--------    --------
12-04 15:00:00: --------    -------- 
Checking for completed games..
--------    --------
12-04 15:05:01: --------    -------- 
Checking for completed games..
--------    --------
12-04 15:10:02: --------    -------- 
Checking for completed games..
--------    --------
12-04 15:15:03: --------    -------- 
Checking for completed games..
--------    --------
12-04 15:20:00: --------    -------- 
Checking for completed games..
--------    --------
12-04 15:25:01: --------    -------- 
Checking for completed games..
--------    --------
12-04 15:30:03: --------    -------- 
Checking for completed games..
--------    --------
12-04 15:35:00: --------    -------- 
Checking for completed games..
--------    --------
12-04 15:40:01: --------    -------- 
Checking for completed games..
--------    --------
12-04 15:45:02: --------    -------- 
Checking for completed games..
--------    --------
12-04 15:50:00: --------    -------- 
Checking for completed games..
--------    --------
12-04 15:55:01: --------    -------- 
Checking for completed games..
--------    --------
12-04 16:00:03: --------    -------- 
Checking for completed games..
--------    --------
12-05 08:05:01: --------    -------- 
Running completedReq.js - Initializing Cron Jobs
--------    --------
12-05 08:05:01: --------    -------- 
[completedReq.js] Cron Range Hours:
Range 1: */5 21-23 5 12 1
Range 2: */5 0-3 6 12 2
--------    --------
12-06 08:05:00: --------    -------- 
Running completedReq.js - Initializing Cron Jobs
--------    --------
12-06 08:05:00: --------    -------- 
[completedReq.js] Cron Range Hours:
Range 1: */5 21-23 6 12 2
Range 2: */5 0-3 7 12 3
--------    --------
12-06 21:00:01: --------    -------- 
Checking for completed games..
--------    --------
12-06 21:05:01: --------    -------- 
Checking for completed games..
--------    --------
12-06 21:10:02: --------    -------- 
Checking for completed games..
--------    --------
12-06 21:15:02: --------    -------- 
Checking for completed games..
--------    --------
12-06 21:25:01: --------    -------- 
Checking for completed games..
--------    --------
12-06 21:30:02: --------    -------- 
Checking for completed games..
--------    --------
12-06 21:35:02: --------    -------- 
Checking for completed games..
--------    --------
12-06 21:40:02: --------    -------- 
Checking for completed games..
--------    --------
12-06 21:45:01: --------    -------- 
Checking for completed games..
--------    --------
12-06 21:50:02: --------    -------- 
Checking for completed games..
--------    --------
12-06 21:55:02: --------    -------- 
Checking for completed games..
--------    --------
12-06 22:00:01: --------    -------- 
Checking for completed games..
--------    --------
12-06 22:05:01: --------    -------- 
Checking for completed games..
--------    --------
12-06 22:10:02: --------    -------- 
Checking for completed games..
--------    --------
12-06 22:15:03: --------    -------- 
Checking for completed games..
--------    --------
12-06 22:20:01: --------    -------- 
Checking for completed games..
--------    --------
12-06 22:25:01: --------    -------- 
Checking for completed games..
--------    --------
12-06 22:30:03: --------    -------- 
Checking for completed games..
--------    --------
12-06 22:35:00: --------    -------- 
Checking for completed games..
--------    --------
12-06 22:40:02: --------    -------- 
Checking for completed games..
--------    --------
12-06 22:45:02: --------    -------- 
Checking for completed games..
--------    --------
12-06 22:50:01: --------    -------- 
Checking for completed games..
--------    --------
12-06 22:55:02: --------    -------- 
Checking for completed games..
--------    --------
12-06 23:00:04: --------    -------- 
Checking for completed games..
--------    --------
12-06 23:05:00: --------    -------- 
Checking for completed games..
--------    --------
12-06 23:10:01: --------    -------- 
Checking for completed games..
--------    --------
12-06 23:15:02: --------    -------- 
Checking for completed games..
--------    --------
12-06 23:20:01: --------    -------- 
Checking for completed games..
--------    --------
12-06 23:25:01: --------    -------- 
Checking for completed games..
--------    --------
12-06 23:30:03: --------    -------- 
Checking for completed games..
--------    --------
12-06 23:35:02: --------    -------- 
Checking for completed games..
--------    --------
12-06 23:40:01: --------    -------- 
Checking for completed games..
--------    --------
12-06 23:45:02: --------    -------- 
Checking for completed games..
--------    --------
12-06 23:50:02: --------    -------- 
Checking for completed games..
--------    --------
12-06 23:55:01: --------    -------- 
Checking for completed games..
--------    --------
12-07 00:00:06: --------    -------- 
Checking for completed games
--------    --------
12-07 00:05:03: --------    -------- 
Checking for completed games
--------    --------
12-07 00:10:03: --------    -------- 
Checking for completed games
--------    --------
12-07 00:15:03: --------    -------- 
Checking for completed games
--------    --------
12-07 00:20:04: --------    -------- 
Checking for completed games
--------    --------
12-07 00:25:02: --------    -------- 
Checking for completed games
--------    --------
12-07 00:30:04: --------    -------- 
Checking for completed games
--------    --------
12-07 00:35:03: --------    -------- 
Checking for completed games
--------    --------
12-07 00:40:03: --------    -------- 
Checking for completed games
--------    --------
12-07 00:45:03: --------    -------- 
Checking for completed games
--------    --------
12-07 00:50:03: --------    -------- 
Checking for completed games
--------    --------
12-07 00:55:02: --------    -------- 
Checking for completed games
--------    --------
12-07 01:00:06: --------    -------- 
Checking for completed games
--------    --------
12-07 01:05:03: --------    -------- 
Checking for completed games
--------    --------
12-07 01:10:03: --------    -------- 
Checking for completed games
--------    --------
12-07 01:15:03: --------    -------- 
Checking for completed games
--------    --------
12-07 01:20:03: --------    -------- 
Checking for completed games
--------    --------
12-14 18:02:39: --------    -------- 
Cron Range Hours:
Range 1: */5 21-23 14 12 3
Range 2: */5 0-3 15 12 4
--------    --------
12-14 18:06:31: --------    -------- 
Cron Range Hours:
Range 1: */5 21-23 14 12 3
Range 2: */5 0-3 15 12 4
--------    --------
01-17 19:03:29: --------    -------- 
Cron Range Hours:
Range 1: */5 19-22 17 1 3
Range 2: */5 0-4 18 1 4
--------    --------
01-17 19:03:38: --------    -------- 
Cron Range Hours:
Range 1: */5 19-22 17 1 3
Range 2: */5 0-4 18 1 4
--------    --------
01-17 19:03:44: --------    -------- 
Cron Range Hours:
Range 1: */5 19-22 17 1 3
Range 2: */5 0-4 18 1 4
--------    --------
01-17 19:05:31: --------    -------- 
Cron Range Hours:
Range 1: */5 19-22 17 1 3
Range 2: */5 0-4 18 1 4
--------    --------
01-17 19:06:32: --------    -------- 
Cron Range Hours:
Range 1: */5 19-22 17 1 3
Range 2: */5 0-4 18 1 4
--------    --------
01-17 19:09:41: --------    -------- 
Cron Range Hours:
Range 1: */5 19-22 17 1 3
Range 2: */5 0-4 18 1 4
--------    --------
01-17 19:16:11: --------    -------- 
Cron Range Hours:
Range 1: */5 19-22 17 1 3
Range 2: */5 0-4 18 1 4
--------    --------
01-17 19:17:05: --------    -------- 
Cron Range Hours:
Range 1: */5 19-22 17 1 3
Range 2: */5 0-4 18 1 4
--------    --------
01-17 19:17:09: --------    -------- 
Cron Range Hours:
Range 1: */5 19-22 17 1 3
Range 2: */5 0-4 18 1 4
--------    --------
01-17 19:17:21: --------    -------- 
Cron Range Hours:
Range 1: */5 19-22 17 1 3
Range 2: */5 0-4 18 1 4
--------    --------
01-17 19:17:32: --------    -------- 
Cron Range Hours:
Range 1: */5 19-22 17 1 3
Range 2: */5 0-4 18 1 4
--------    --------
01-17 19:17:32: --------    -------- 
Cron Range Hours:
Range 1: */5 19-22 17 1 3
Range 2: */5 0-4 18 1 4
--------    --------
01-17 19:17:37: --------    -------- 
Cron Range Hours:
Range 1: */5 19-22 17 1 3
Range 2: */5 0-4 18 1 4
--------    --------
01-17 19:17:44: --------    -------- 
Cron Range Hours:
Range 1: */5 19-22 17 1 3
Range 2: */5 0-4 18 1 4
--------    --------
01-17 19:17:58: --------    -------- 
Cron Range Hours:
Range 1: */5 19-22 17 1 3
Range 2: */5 0-4 18 1 4
--------    --------
01-17 19:18:15: --------    -------- 
Cron Range Hours:
Range 1: */5 19-22 17 1 3
Range 2: */5 0-4 18 1 4
--------    --------
01-17 19:18:48: --------    -------- 
Cron Range Hours:
Range 1: */5 19-22 17 1 3
Range 2: */5 0-4 18 1 4
--------    --------
01-17 19:28:06: --------    -------- 
Cron Range Hours:
Range 1: */5 19-22 17 1 3
Range 2: */5 0-4 18 1 4
--------    --------
01-17 19:29:15: --------    -------- 
Cron Range Hours:
Range 1: */5 19-22 17 1 3
Range 2: */5 0-4 18 1 4
--------    --------
01-17 19:35:04: --------    -------- 
Cron Range Hours:
Range 1: */5 19-22 24 1 3
Range 2: */5 0-4 18 1 4
--------    --------
01-17 19:36:03: --------    -------- 
Cron Range Hours:
Range 1: */5 19-22 24 1 3
Range 2: */5 0-4 18 1 4
--------    --------
01-17 19:41:37: --------    -------- 
Cron Range Hours:
Range 1: */5 19-22 24 1 3
Range 2: */5 0-4 18 1 4
--------    --------
01-17 19:43:50: --------    -------- 
Cron Range Hours:
Range 1: */5 19-22 24 1 3
Range 2: */5 0-4 18 1 4
--------    --------
01-17 20:19:06: --------    -------- 
Cron Range Hours:
Range 1: */5 19-22 24 1 3
Range 2: */5 0-4 18 1 4
--------    --------
01-17 20:20:02: --------    -------- 
Cron Range Hours:
Range 1: */5 19-22 24 1 3
Range 2: */5 0-4 18 1 4
--------    --------
01-17 20:20:38: --------    -------- 
Cron Range Hours:
Range 1: */5 19-22 24 1 3
Range 2: */5 0-4 18 1 4
--------    --------
01-17 20:21:10: --------    -------- 
Cron Range Hours:
Range 1: */5 19-22 24 1 3
Range 2: */5 0-4 18 1 4
--------    --------
01-18 08:05:00: --------    -------- 
Running completedReq.js - Initializing Cron Jobs
--------    --------
01-18 08:05:00: --------    -------- 
[completedReq.js] Cron Range Hours:
Range 1: */5 19-22 18 1 4
Range 2: */5 0-4 19 1 5
--------    --------
01-21 10:47:10: --------    -------- 
Running completedReq.js - Initializing Cron Jobs
--------    --------
01-21 10:47:10: --------    -------- 
[completedReq.js] Cron Range Hours:
Range 1: undefined
Range 2: undefined
--------    --------
01-21 10:47:10: --------    -------- 
[completedReq.js] No games today, skipping completed game check
--------    --------
01-21 10:52:01: --------    -------- 
Running completedReq.js - Initializing Cron Jobs
--------    --------
01-21 10:52:01: --------    -------- 
[completedReq.js] Cron Range Hours:
Range 1: */5 17-20 21 1 7
Range 2: */5 0-4 22 1 8
--------    --------
