11-05 21:57:45: --------    -------- 
No match found for Brooklyn Nets
--------    --------
11-05 21:57:45: --------    -------- 
No match found for Washington Wizards
--------    --------
11-05 21:57:45: --------    -------- 
No match found for Milwaukee Bucks
--------    --------
11-05 21:59:51: --------    -------- 
No match found for Brooklyn Nets
--------    --------
11-05 21:59:51: --------    -------- 
No match found for Washington Wizards
--------    --------
11-05 21:59:51: --------    -------- 
No match found for Milwaukee Bucks
--------    --------
11-22 08:06:21: --------    -------- 
Closing Bet Information:
User ID: 208016830491525120
Bet ID: 1435
Bet Result: Won
Bet Amount: 20
Bet Odds: -330
Team Bet On: Phoenix Suns
Opposing Team: Los Angeles Lakers
Winning Team: Phoenix Suns
Home or Away: home
Payout: 26.06
Profit: 6.06
--------    --------
11-22 08:06:21: --------    -------- 
Successfully closed bet 1435 || User ID: 208016830491525120
--------    --------
01-18 08:00:00: --------    -------- 
Closing Bet Information:
User ID: 208016830491525120
Bet Result: Lost
Bet ID: 4639
Bet Amount: 10
Bet Odds: -210

--------    --------
01-18 08:00:00: --------    -------- 
Successfully closed bet 4639 || 208016830491525120
--------    --------
01-18 08:00:00: --------    -------- 
Closing Bet Information:
User ID: 208016830491525120
Bet Result: Lost
Bet ID: 6736
Bet Amount: 10
Bet Odds: -210

--------    --------
01-18 08:00:01: --------    -------- 
Successfully closed bet 6736 || 208016830491525120
--------    --------
