10-23 20:40:02: --------    -------- 
Match ID: 8405
Home Team: Tennessee Titans
Away Team: Indianapolis Colts
Home Score: 19
Away Score: 10
Winner: Tennessee Titans
In Progress Status: true
Sending Matchup to be closed.
--------    --------
10-23 20:40:02: --------    -------- 
Match ID: 1521
Home Team: Dallas Cowboys
Away Team: Detroit Lions
Home Score: 24
Away Score: 6
Winner: Dallas Cowboys
In Progress Status: true
Sending Matchup to be closed.
--------    --------
10-23 20:40:02: --------    -------- 
Match ID: 7602
Home Team: Baltimore Ravens
Away Team: Cleveland Browns
Home Score: 23
Away Score: 20
Winner: Baltimore Ravens
In Progress Status: true
Sending Matchup to be closed.
--------    --------
10-23 20:40:02: --------    -------- 
Match ID: 4010
Home Team: Cincinnati Bengals
Away Team: Atlanta Falcons
Home Score: 35
Away Score: 17
Winner: Cincinnati Bengals
In Progress Status: true
Sending Matchup to be closed.
--------    --------
10-23 20:40:02: --------    -------- 
Match ID: 2025
Home Team: Washington Commanders
Away Team: Green Bay Packers
Home Score: 23
Away Score: 21
Winner: Washington Commanders
In Progress Status: true
Sending Matchup to be closed.
--------    --------
10-23 20:40:02: --------    -------- 
Match ID: 7242
Home Team: Carolina Panthers
Away Team: Tampa Bay Buccaneers
Home Score: 21
Away Score: 3
Winner: Carolina Panthers
In Progress Status: true
Sending Matchup to be closed.
--------    --------
10-23 20:40:02: --------    -------- 
Match ID: 2552
Home Team: Jacksonville Jaguars
Away Team: New York Giants
Home Score: 17
Away Score: 23
Winner: New York Giants
In Progress Status: true
Sending Matchup to be closed.
--------    --------
10-23 20:40:02: --------    -------- 
Match ID: 6999
Home Team: Las Vegas Raiders
Away Team: Houston Texans
Home Score: 38
Away Score: 20
Winner: Las Vegas Raiders
In Progress Status: true
Sending Matchup to be closed.
--------    --------
10-23 20:40:02: --------    -------- 
Match ID: 4455
Home Team: Denver Broncos
Away Team: New York Jets
Home Score: 9
Away Score: 16
Winner: New York Jets
In Progress Status: true
Sending Matchup to be closed.
--------    --------
10-23 20:40:02: --------    -------- 
Match ID: 5079
Home Team: Los Angeles Chargers
Away Team: Seattle Seahawks
Home Score: 23
Away Score: 37
Winner: Seattle Seahawks
In Progress Status: true
Sending Matchup to be closed.
--------    --------
10-23 20:40:02: --------    -------- 
Match ID: 9846
Home Team: San Francisco 49ers
Away Team: Kansas City Chiefs
Home Score: 23
Away Score: 44
Winner: Kansas City Chiefs
In Progress Status: true
Sending Matchup to be closed.
--------    --------
10-23 21:16:01: --------    -------- 
Match ID: 8405
Home Team: Tennessee Titans
Away Team: Indianapolis Colts
Home Score: 19
Away Score: 10
Winner: Tennessee Titans
In Progress Status: true
Sending Matchup to be closed.
--------    --------
10-23 21:16:01: --------    -------- 
Match ID: 1521
Home Team: Dallas Cowboys
Away Team: Detroit Lions
Home Score: 24
Away Score: 6
Winner: Dallas Cowboys
In Progress Status: true
Sending Matchup to be closed.
--------    --------
10-23 21:16:01: --------    -------- 
Match ID: 7602
Home Team: Baltimore Ravens
Away Team: Cleveland Browns
Home Score: 23
Away Score: 20
Winner: Baltimore Ravens
In Progress Status: true
Sending Matchup to be closed.
--------    --------
10-23 21:16:01: --------    -------- 
Match ID: 4010
Home Team: Cincinnati Bengals
Away Team: Atlanta Falcons
Home Score: 35
Away Score: 17
Winner: Cincinnati Bengals
In Progress Status: true
Sending Matchup to be closed.
--------    --------
10-23 21:16:01: --------    -------- 
Match ID: 2025
Home Team: Washington Commanders
Away Team: Green Bay Packers
Home Score: 23
Away Score: 21
Winner: Washington Commanders
In Progress Status: true
Sending Matchup to be closed.
--------    --------
10-23 21:16:01: --------    -------- 
Match ID: 7242
Home Team: Carolina Panthers
Away Team: Tampa Bay Buccaneers
Home Score: 21
Away Score: 3
Winner: Carolina Panthers
In Progress Status: true
Sending Matchup to be closed.
--------    --------
10-23 21:16:01: --------    -------- 
Match ID: 2552
Home Team: Jacksonville Jaguars
Away Team: New York Giants
Home Score: 17
Away Score: 23
Winner: New York Giants
In Progress Status: true
Sending Matchup to be closed.
--------    --------
10-23 21:16:01: --------    -------- 
Match ID: 6999
Home Team: Las Vegas Raiders
Away Team: Houston Texans
Home Score: 38
Away Score: 20
Winner: Las Vegas Raiders
In Progress Status: true
Sending Matchup to be closed.
--------    --------
10-23 21:16:01: --------    -------- 
Match ID: 4455
Home Team: Denver Broncos
Away Team: New York Jets
Home Score: 9
Away Score: 16
Winner: New York Jets
In Progress Status: true
Sending Matchup to be closed.
--------    --------
10-23 21:16:01: --------    -------- 
Match ID: 5079
Home Team: Los Angeles Chargers
Away Team: Seattle Seahawks
Home Score: 23
Away Score: 37
Winner: Seattle Seahawks
In Progress Status: true
Sending Matchup to be closed.
--------    --------
10-23 21:16:02: --------    -------- 
Match ID: 9846
Home Team: San Francisco 49ers
Away Team: Kansas City Chiefs
Home Score: 23
Away Score: 44
Winner: Kansas City Chiefs
In Progress Status: true
Sending Matchup to be closed.
--------    --------
10-27 16:09:17: --------    -------- 
Match ID: 501
Home Team: Oklahoma City Thunder
Away Team: Los Angeles Clippers
Home Score: 108
Away Score: 94
Winner: Oklahoma City Thunder
In Progress Status: undefined
Sending Matchup to be closed.
--------    --------
10-27 16:09:18: --------    -------- 
Match ID: 6694
Home Team: Detroit Pistons
Away Team: Atlanta Hawks
Home Score: 113
Away Score: 118
Winner: Atlanta Hawks
In Progress Status: undefined
Sending Matchup to be closed.
--------    --------
