10-23 20:40:01: --------    -------- 
locateMatchup.js: Searching for matchup Tennessee Titans vs Indianapolis Colts
--------    --------
10-23 20:40:02: --------    -------- 
Home Team - Tennessee Titans (Tennessee Titans) Away Team - Indianapolis Colts (Indianapolis Colts)
--------    --------
10-23 20:40:02: --------    -------- 
Matchup Found
--------    --------
10-23 20:40:02: --------    -------- 
locateMatchup.js: Searching for matchup Dallas Cowboys vs Detroit Lions
--------    --------
10-23 20:40:02: --------    -------- 
Home Team - Dallas Cowboys (Dallas Cowboys) Away Team - Detroit Lions (Detroit Lions)
--------    --------
10-23 20:40:02: --------    -------- 
Matchup Found
--------    --------
10-23 20:40:02: --------    -------- 
locateMatchup.js: Searching for matchup Baltimore Ravens vs Cleveland Browns
--------    --------
10-23 20:40:02: --------    -------- 
Home Team - Baltimore Ravens (Baltimore Ravens) Away Team - Cleveland Browns (Cleveland Browns)
--------    --------
10-23 20:40:02: --------    -------- 
Matchup Found
--------    --------
10-23 20:40:02: --------    -------- 
locateMatchup.js: Searching for matchup Cincinnati Bengals vs Atlanta Falcons
--------    --------
10-23 20:40:02: --------    -------- 
Home Team - Cincinnati Bengals (Cincinnati Bengals) Away Team - Atlanta Falcons (Atlanta Falcons)
--------    --------
10-23 20:40:02: --------    -------- 
Matchup Found
--------    --------
10-23 20:40:02: --------    -------- 
locateMatchup.js: Searching for matchup Washington Commanders vs Green Bay Packers
--------    --------
10-23 20:40:02: --------    -------- 
Home Team - Washington Commanders (Washington Commanders) Away Team - Green Bay Packers (Green Bay Packers)
--------    --------
10-23 20:40:02: --------    -------- 
Matchup Found
--------    --------
10-23 20:40:02: --------    -------- 
locateMatchup.js: Searching for matchup Carolina Panthers vs Tampa Bay Buccaneers
--------    --------
10-23 20:40:02: --------    -------- 
Home Team - Carolina Panthers (Carolina Panthers) Away Team - Tampa Bay Buccaneers (Tampa Bay Buccaneers)
--------    --------
10-23 20:40:02: --------    -------- 
Matchup Found
--------    --------
10-23 20:40:02: --------    -------- 
locateMatchup.js: Searching for matchup Jacksonville Jaguars vs New York Giants
--------    --------
10-23 20:40:02: --------    -------- 
Home Team - Jacksonville Jaguars (Jacksonville Jaguars) Away Team - New York Giants (New York Giants)
--------    --------
10-23 20:40:02: --------    -------- 
Matchup Found
--------    --------
10-23 20:40:02: --------    -------- 
locateMatchup.js: Searching for matchup Las Vegas Raiders vs Houston Texans
--------    --------
10-23 20:40:02: --------    -------- 
Home Team - Las Vegas Raiders (Las Vegas Raiders) Away Team - Houston Texans (Houston Texans)
--------    --------
10-23 20:40:02: --------    -------- 
Matchup Found
--------    --------
10-23 20:40:02: --------    -------- 
locateMatchup.js: Searching for matchup Denver Broncos vs New York Jets
--------    --------
10-23 20:40:02: --------    -------- 
Home Team - Denver Broncos (Denver Broncos) Away Team - New York Jets (New York Jets)
--------    --------
10-23 20:40:02: --------    -------- 
Matchup Found
--------    --------
10-23 20:40:02: --------    -------- 
locateMatchup.js: Searching for matchup Los Angeles Chargers vs Seattle Seahawks
--------    --------
10-23 20:40:02: --------    -------- 
Home Team - Los Angeles Chargers (Los Angeles Chargers) Away Team - Seattle Seahawks (Seattle Seahawks)
--------    --------
10-23 20:40:02: --------    -------- 
Matchup Found
--------    --------
10-23 20:40:02: --------    -------- 
locateMatchup.js: Searching for matchup San Francisco 49ers vs Kansas City Chiefs
--------    --------
10-23 20:40:02: --------    -------- 
Home Team - San Francisco 49ers (San Francisco 49ers) Away Team - Kansas City Chiefs (Kansas City Chiefs)
--------    --------
10-23 20:40:02: --------    -------- 
Matchup Found
--------    --------
10-23 21:16:01: --------    -------- 
locateMatchup.js: Searching for matchup Tennessee Titans vs Indianapolis Colts
--------    --------
10-23 21:16:01: --------    -------- 
Home Team - Tennessee Titans (Tennessee Titans) Away Team - Indianapolis Colts (Indianapolis Colts)
--------    --------
10-23 21:16:01: --------    -------- 
Matchup Found
--------    --------
10-23 21:16:01: --------    -------- 
locateMatchup.js: Searching for matchup Dallas Cowboys vs Detroit Lions
--------    --------
10-23 21:16:01: --------    -------- 
Home Team - Dallas Cowboys (Dallas Cowboys) Away Team - Detroit Lions (Detroit Lions)
--------    --------
10-23 21:16:01: --------    -------- 
Matchup Found
--------    --------
10-23 21:16:01: --------    -------- 
locateMatchup.js: Searching for matchup Baltimore Ravens vs Cleveland Browns
--------    --------
10-23 21:16:01: --------    -------- 
Home Team - Baltimore Ravens (Baltimore Ravens) Away Team - Cleveland Browns (Cleveland Browns)
--------    --------
10-23 21:16:01: --------    -------- 
Matchup Found
--------    --------
10-23 21:16:01: --------    -------- 
locateMatchup.js: Searching for matchup Cincinnati Bengals vs Atlanta Falcons
--------    --------
10-23 21:16:01: --------    -------- 
Home Team - Cincinnati Bengals (Cincinnati Bengals) Away Team - Atlanta Falcons (Atlanta Falcons)
--------    --------
10-23 21:16:01: --------    -------- 
Matchup Found
--------    --------
10-23 21:16:01: --------    -------- 
locateMatchup.js: Searching for matchup Washington Commanders vs Green Bay Packers
--------    --------
10-23 21:16:01: --------    -------- 
Home Team - Washington Commanders (Washington Commanders) Away Team - Green Bay Packers (Green Bay Packers)
--------    --------
10-23 21:16:01: --------    -------- 
Matchup Found
--------    --------
10-23 21:16:01: --------    -------- 
locateMatchup.js: Searching for matchup Carolina Panthers vs Tampa Bay Buccaneers
--------    --------
10-23 21:16:01: --------    -------- 
Home Team - Carolina Panthers (Carolina Panthers) Away Team - Tampa Bay Buccaneers (Tampa Bay Buccaneers)
--------    --------
10-23 21:16:01: --------    -------- 
Matchup Found
--------    --------
10-23 21:16:01: --------    -------- 
locateMatchup.js: Searching for matchup Jacksonville Jaguars vs New York Giants
--------    --------
10-23 21:16:01: --------    -------- 
Home Team - Jacksonville Jaguars (Jacksonville Jaguars) Away Team - New York Giants (New York Giants)
--------    --------
10-23 21:16:01: --------    -------- 
Matchup Found
--------    --------
10-23 21:16:01: --------    -------- 
locateMatchup.js: Searching for matchup Las Vegas Raiders vs Houston Texans
--------    --------
10-23 21:16:01: --------    -------- 
Home Team - Las Vegas Raiders (Las Vegas Raiders) Away Team - Houston Texans (Houston Texans)
--------    --------
10-23 21:16:01: --------    -------- 
Matchup Found
--------    --------
10-23 21:16:01: --------    -------- 
locateMatchup.js: Searching for matchup Denver Broncos vs New York Jets
--------    --------
10-23 21:16:01: --------    -------- 
Home Team - Denver Broncos (Denver Broncos) Away Team - New York Jets (New York Jets)
--------    --------
10-23 21:16:01: --------    -------- 
Matchup Found
--------    --------
10-23 21:16:01: --------    -------- 
locateMatchup.js: Searching for matchup Los Angeles Chargers vs Seattle Seahawks
--------    --------
10-23 21:16:01: --------    -------- 
Home Team - Los Angeles Chargers (Los Angeles Chargers) Away Team - Seattle Seahawks (Seattle Seahawks)
--------    --------
10-23 21:16:01: --------    -------- 
Matchup Found
--------    --------
10-23 21:16:02: --------    -------- 
locateMatchup.js: Searching for matchup San Francisco 49ers vs Kansas City Chiefs
--------    --------
10-23 21:16:02: --------    -------- 
Home Team - San Francisco 49ers (San Francisco 49ers) Away Team - Kansas City Chiefs (Kansas City Chiefs)
--------    --------
10-23 21:16:02: --------    -------- 
Matchup Found
--------    --------
10-23 23:30:03: --------    -------- 
locateMatchup.js: Searching for matchup Miami Dolphins vs Pittsburgh Steelers
--------    --------
10-23 23:30:03: --------    -------- 
locateMatchup.js: Searching for matchup Miami Dolphins vs Pittsburgh Steelers
--------    --------
10-23 23:30:03: --------    -------- 
locateMatchup.js: Searching for matchup Miami Dolphins vs Pittsburgh Steelers
--------    --------
10-23 23:30:03: --------    -------- 
== Error: ==
QueryResultError {
    code: queryResultErrorCode.noData
    message: "No data returned from the query."
    received: 0
    query: "SELECT * FROM "NBAactivematchups" WHERE teamone = 'Miami Dolphins'"
}

--------    --------
10-23 23:30:03: --------    -------- 
Unable to locate matchup / ID for Miami Dolphins vs Pittsburgh Steelers in the database
--------    --------
10-23 23:30:03: --------    -------- 
Home Team - Miami Dolphins (undefined) Away Team - Pittsburgh Steelers (undefined)
--------    --------
10-23 23:30:03: --------    -------- 
== Error: ==
QueryResultError {
    code: queryResultErrorCode.noData
    message: "No data returned from the query."
    received: 0
    query: "SELECT * FROM "NBAactivematchups" WHERE teamone = 'Miami Dolphins'"
}

--------    --------
10-23 23:30:03: --------    -------- 
Unable to locate matchup / ID for Miami Dolphins vs Pittsburgh Steelers in the database
--------    --------
10-23 23:30:03: --------    -------- 
Home Team - Miami Dolphins (undefined) Away Team - Pittsburgh Steelers (undefined)
--------    --------
10-23 23:30:03: --------    -------- 
== Error: ==
QueryResultError {
    code: queryResultErrorCode.noData
    message: "No data returned from the query."
    received: 0
    query: "SELECT * FROM "NBAactivematchups" WHERE teamone = 'Miami Dolphins'"
}

--------    --------
10-23 23:30:03: --------    -------- 
Unable to locate matchup / ID for Miami Dolphins vs Pittsburgh Steelers in the database
--------    --------
10-23 23:30:03: --------    -------- 
Home Team - Miami Dolphins (undefined) Away Team - Pittsburgh Steelers (undefined)
--------    --------
10-24 09:28:01: --------    -------- 
locateMatchup.js: Searching for matchup Philadelphia 76ers vs San Antonio Spurs
--------    --------
10-24 09:28:01: --------    -------- 
Home Team - Philadelphia 76ers (Philadelphia 76ers) Away Team - San Antonio Spurs (Indiana Pacers)
--------    --------
10-24 09:28:01: --------    -------- 
== Error: ==
false

--------    --------
10-24 09:28:01: --------    -------- 
locateMatchup.js: Searching for matchup Indiana Pacers vs Detroit Pistons
--------    --------
10-24 09:28:01: --------    -------- 
== Error: ==
QueryResultError {
    code: queryResultErrorCode.noData
    message: "No data returned from the query."
    received: 0
    query: "SELECT * FROM "NBAactivematchups" WHERE teamone = 'Indiana Pacers'"
}

--------    --------
10-24 09:28:01: --------    -------- 
Unable to locate matchup / ID for Indiana Pacers vs Detroit Pistons in the database
--------    --------
10-24 09:28:01: --------    -------- 
Home Team - Indiana Pacers (undefined) Away Team - Detroit Pistons (undefined)
--------    --------
10-24 09:28:01: --------    -------- 
locateMatchup.js: Searching for matchup Orlando Magic vs Boston Celtics
--------    --------
10-24 09:28:01: --------    -------- 
== Error: ==
QueryResultError {
    code: queryResultErrorCode.noData
    message: "No data returned from the query."
    received: 0
    query: "SELECT * FROM "NBAactivematchups" WHERE teamone = 'Orlando Magic'"
}

--------    --------
10-24 09:28:01: --------    -------- 
Unable to locate matchup / ID for Orlando Magic vs Boston Celtics in the database
--------    --------
10-24 09:28:01: --------    -------- 
Home Team - Orlando Magic (undefined) Away Team - Boston Celtics (undefined)
--------    --------
10-24 09:28:01: --------    -------- 
locateMatchup.js: Searching for matchup Miami Heat vs Toronto Raptors
--------    --------
10-24 09:28:01: --------    -------- 
Home Team - Miami Heat (Miami Heat) Away Team - Toronto Raptors (Toronto Raptors)
--------    --------
10-24 09:28:01: --------    -------- 
Matchup Found
--------    --------
10-24 09:29:01: --------    -------- 
locateMatchup.js: Searching for matchup Philadelphia 76ers vs San Antonio Spurs
--------    --------
10-24 09:29:01: --------    -------- 
Home Team - Philadelphia 76ers (Philadelphia 76ers) Away Team - San Antonio Spurs (Indiana Pacers)
--------    --------
10-24 09:29:01: --------    -------- 
== Error: ==
false

--------    --------
10-24 09:29:01: --------    -------- 
locateMatchup.js: Searching for matchup Indiana Pacers vs Detroit Pistons
--------    --------
10-24 09:29:01: --------    -------- 
== Error: ==
QueryResultError {
    code: queryResultErrorCode.noData
    message: "No data returned from the query."
    received: 0
    query: "SELECT * FROM "NBAactivematchups" WHERE teamone = 'Indiana Pacers'"
}

--------    --------
10-24 09:29:01: --------    -------- 
Unable to locate matchup / ID for Indiana Pacers vs Detroit Pistons in the database
--------    --------
10-24 09:29:01: --------    -------- 
Home Team - Indiana Pacers (undefined) Away Team - Detroit Pistons (undefined)
--------    --------
10-24 09:29:01: --------    -------- 
locateMatchup.js: Searching for matchup Orlando Magic vs Boston Celtics
--------    --------
10-24 09:29:01: --------    -------- 
== Error: ==
QueryResultError {
    code: queryResultErrorCode.noData
    message: "No data returned from the query."
    received: 0
    query: "SELECT * FROM "NBAactivematchups" WHERE teamone = 'Orlando Magic'"
}

--------    --------
10-24 09:29:01: --------    -------- 
Unable to locate matchup / ID for Orlando Magic vs Boston Celtics in the database
--------    --------
10-24 09:29:01: --------    -------- 
Home Team - Orlando Magic (undefined) Away Team - Boston Celtics (undefined)
--------    --------
10-24 09:29:01: --------    -------- 
locateMatchup.js: Searching for matchup Miami Heat vs Toronto Raptors
--------    --------
10-24 09:29:01: --------    -------- 
Home Team - Miami Heat (Miami Heat) Away Team - Toronto Raptors (Toronto Raptors)
--------    --------
10-24 09:29:01: --------    -------- 
Matchup Found
--------    --------
10-24 09:30:03: --------    -------- 
locateMatchup.js: Searching for matchup Philadelphia 76ers vs San Antonio Spurs
--------    --------
10-24 09:30:03: --------    -------- 
Home Team - Philadelphia 76ers (Philadelphia 76ers) Away Team - San Antonio Spurs (Indiana Pacers)
--------    --------
10-24 09:30:03: --------    -------- 
== Error: ==
false

--------    --------
10-24 09:30:03: --------    -------- 
locateMatchup.js: Searching for matchup Indiana Pacers vs Detroit Pistons
--------    --------
10-24 09:30:03: --------    -------- 
== Error: ==
QueryResultError {
    code: queryResultErrorCode.noData
    message: "No data returned from the query."
    received: 0
    query: "SELECT * FROM "NBAactivematchups" WHERE teamone = 'Indiana Pacers'"
}

--------    --------
10-24 09:30:03: --------    -------- 
Unable to locate matchup / ID for Indiana Pacers vs Detroit Pistons in the database
--------    --------
10-24 09:30:03: --------    -------- 
Home Team - Indiana Pacers (undefined) Away Team - Detroit Pistons (undefined)
--------    --------
10-24 09:30:03: --------    -------- 
locateMatchup.js: Searching for matchup Orlando Magic vs Boston Celtics
--------    --------
10-24 09:30:03: --------    -------- 
== Error: ==
QueryResultError {
    code: queryResultErrorCode.noData
    message: "No data returned from the query."
    received: 0
    query: "SELECT * FROM "NBAactivematchups" WHERE teamone = 'Orlando Magic'"
}

--------    --------
10-24 09:30:03: --------    -------- 
Unable to locate matchup / ID for Orlando Magic vs Boston Celtics in the database
--------    --------
10-24 09:30:03: --------    -------- 
Home Team - Orlando Magic (undefined) Away Team - Boston Celtics (undefined)
--------    --------
10-24 09:30:03: --------    -------- 
locateMatchup.js: Searching for matchup Miami Heat vs Toronto Raptors
--------    --------
10-24 09:30:03: --------    -------- 
Home Team - Miami Heat (Miami Heat) Away Team - Toronto Raptors (Toronto Raptors)
--------    --------
10-24 09:30:03: --------    -------- 
Matchup Found
--------    --------
10-24 14:37:01: --------    -------- 
locateMatchup.js: Searching for matchup Philadelphia 76ers vs San Antonio Spurs
--------    --------
10-24 14:37:01: --------    -------- 
Home Team - Philadelphia 76ers (Philadelphia 76ers) Away Team - San Antonio Spurs (Indiana Pacers)
--------    --------
10-24 14:37:01: --------    -------- 
== Error: ==
false

--------    --------
10-24 14:38:01: --------    -------- 
locateMatchup.js: Searching for matchup Philadelphia 76ers vs San Antonio Spurs
--------    --------
10-24 14:38:01: --------    -------- 
Home Team - Philadelphia 76ers (Philadelphia 76ers) Away Team - San Antonio Spurs (Indiana Pacers)
--------    --------
10-24 14:38:01: --------    -------- 
== Error: ==
false

--------    --------
10-24 14:39:01: --------    -------- 
locateMatchup.js: Searching for matchup Philadelphia 76ers vs San Antonio Spurs
--------    --------
10-24 14:39:01: --------    -------- 
Home Team - Philadelphia 76ers (Philadelphia 76ers) Away Team - San Antonio Spurs (Indiana Pacers)
--------    --------
10-24 14:39:01: --------    -------- 
== Error: ==
false

--------    --------
10-24 14:44:01: --------    -------- 
locateMatchup.js: Searching for matchup Philadelphia 76ers vs San Antonio Spurs
--------    --------
10-24 14:44:01: --------    -------- 
Home Team - Philadelphia 76ers (Philadelphia 76ers) Away Team - San Antonio Spurs (Indiana Pacers)
--------    --------
10-24 14:44:01: --------    -------- 
== Error: ==
false

--------    --------
10-24 14:45:01: --------    -------- 
locateMatchup.js: Searching for matchup Philadelphia 76ers vs San Antonio Spurs
--------    --------
10-24 14:45:01: --------    -------- 
Home Team - Philadelphia 76ers (Philadelphia 76ers) Away Team - San Antonio Spurs (Indiana Pacers)
--------    --------
10-24 14:45:01: --------    -------- 
== Error: ==
false

--------    --------
10-24 14:46:01: --------    -------- 
locateMatchup.js: Searching for matchup Philadelphia 76ers vs San Antonio Spurs
--------    --------
10-24 14:46:01: --------    -------- 
Home Team - Philadelphia 76ers (Philadelphia 76ers) Away Team - San Antonio Spurs (Indiana Pacers)
--------    --------
10-24 14:46:01: --------    -------- 
== Error: ==
false

--------    --------
10-24 14:47:01: --------    -------- 
locateMatchup.js: Searching for matchup Philadelphia 76ers vs San Antonio Spurs
--------    --------
10-24 14:47:01: --------    -------- 
Home Team - Philadelphia 76ers (Philadelphia 76ers) Away Team - San Antonio Spurs (Indiana Pacers)
--------    --------
10-24 14:47:01: --------    -------- 
== Error: ==
false

--------    --------
10-24 14:48:01: --------    -------- 
locateMatchup.js: Searching for matchup Philadelphia 76ers vs San Antonio Spurs
--------    --------
10-24 14:48:01: --------    -------- 
Home Team - Philadelphia 76ers (Philadelphia 76ers) Away Team - San Antonio Spurs (Indiana Pacers)
--------    --------
10-24 14:48:01: --------    -------- 
== Error: ==
false

--------    --------
10-24 14:49:01: --------    -------- 
locateMatchup.js: Searching for matchup Philadelphia 76ers vs San Antonio Spurs
--------    --------
10-24 14:49:01: --------    -------- 
Home Team - Philadelphia 76ers (Philadelphia 76ers) Away Team - San Antonio Spurs (Indiana Pacers)
--------    --------
10-24 14:49:01: --------    -------- 
== Error: ==
false

--------    --------
10-24 14:50:01: --------    -------- 
locateMatchup.js: Searching for matchup Philadelphia 76ers vs San Antonio Spurs
--------    --------
10-24 14:50:01: --------    -------- 
Home Team - Philadelphia 76ers (Philadelphia 76ers) Away Team - San Antonio Spurs (Indiana Pacers)
--------    --------
10-24 14:50:01: --------    -------- 
== Error: ==
false

--------    --------
10-24 14:51:01: --------    -------- 
locateMatchup.js: Searching for matchup Philadelphia 76ers vs San Antonio Spurs
--------    --------
10-24 14:51:01: --------    -------- 
Home Team - Philadelphia 76ers (Philadelphia 76ers) Away Team - San Antonio Spurs (Indiana Pacers)
--------    --------
10-24 14:51:01: --------    -------- 
== Error: ==
false

--------    --------
10-24 14:52:00: --------    -------- 
locateMatchup.js: Searching for matchup Philadelphia 76ers vs San Antonio Spurs
--------    --------
10-24 14:52:00: --------    -------- 
Home Team - Philadelphia 76ers (Philadelphia 76ers) Away Team - San Antonio Spurs (Indiana Pacers)
--------    --------
10-24 14:52:00: --------    -------- 
== Error: ==
false

--------    --------
10-24 14:53:00: --------    -------- 
locateMatchup.js: Searching for matchup Philadelphia 76ers vs San Antonio Spurs
--------    --------
10-24 14:53:00: --------    -------- 
Home Team - Philadelphia 76ers (Philadelphia 76ers) Away Team - San Antonio Spurs (Indiana Pacers)
--------    --------
10-24 14:53:00: --------    -------- 
== Error: ==
false

--------    --------
10-24 14:54:00: --------    -------- 
locateMatchup.js: Searching for matchup Philadelphia 76ers vs San Antonio Spurs
--------    --------
10-24 14:54:00: --------    -------- 
Home Team - Philadelphia 76ers (Philadelphia 76ers) Away Team - San Antonio Spurs (Indiana Pacers)
--------    --------
10-24 14:54:00: --------    -------- 
== Error: ==
false

--------    --------
10-24 14:55:00: --------    -------- 
locateMatchup.js: Searching for matchup Philadelphia 76ers vs San Antonio Spurs
--------    --------
10-24 14:55:00: --------    -------- 
Home Team - Philadelphia 76ers (Philadelphia 76ers) Away Team - San Antonio Spurs (Indiana Pacers)
--------    --------
10-24 14:55:00: --------    -------- 
== Error: ==
false

--------    --------
10-24 14:56:00: --------    -------- 
locateMatchup.js: Searching for matchup Philadelphia 76ers vs San Antonio Spurs
--------    --------
10-24 14:56:00: --------    -------- 
Home Team - Philadelphia 76ers (Philadelphia 76ers) Away Team - San Antonio Spurs (Indiana Pacers)
--------    --------
10-24 14:56:00: --------    -------- 
== Error: ==
false

--------    --------
10-24 14:57:00: --------    -------- 
locateMatchup.js: Searching for matchup Philadelphia 76ers vs San Antonio Spurs
--------    --------
10-24 14:57:00: --------    -------- 
Home Team - Philadelphia 76ers (Philadelphia 76ers) Away Team - San Antonio Spurs (Indiana Pacers)
--------    --------
10-24 14:57:00: --------    -------- 
== Error: ==
false

--------    --------
10-24 14:58:00: --------    -------- 
locateMatchup.js: Searching for matchup Philadelphia 76ers vs San Antonio Spurs
--------    --------
10-24 14:58:00: --------    -------- 
Home Team - Philadelphia 76ers (Philadelphia 76ers) Away Team - San Antonio Spurs (Indiana Pacers)
--------    --------
10-24 14:58:00: --------    -------- 
== Error: ==
false

--------    --------
10-24 14:59:00: --------    -------- 
locateMatchup.js: Searching for matchup Philadelphia 76ers vs San Antonio Spurs
--------    --------
10-24 14:59:00: --------    -------- 
Home Team - Philadelphia 76ers (Philadelphia 76ers) Away Team - San Antonio Spurs (Indiana Pacers)
--------    --------
10-24 14:59:00: --------    -------- 
== Error: ==
false

--------    --------
10-24 15:00:01: --------    -------- 
locateMatchup.js: Searching for matchup Philadelphia 76ers vs San Antonio Spurs
--------    --------
10-24 15:00:01: --------    -------- 
Home Team - Philadelphia 76ers (Philadelphia 76ers) Away Team - San Antonio Spurs (Indiana Pacers)
--------    --------
10-24 15:00:01: --------    -------- 
== Error: ==
false

--------    --------
10-24 15:01:01: --------    -------- 
locateMatchup.js: Searching for matchup Philadelphia 76ers vs San Antonio Spurs
--------    --------
10-24 15:01:01: --------    -------- 
Home Team - Philadelphia 76ers (Philadelphia 76ers) Away Team - San Antonio Spurs (Indiana Pacers)
--------    --------
10-24 15:01:01: --------    -------- 
== Error: ==
false

--------    --------
10-24 15:02:01: --------    -------- 
locateMatchup.js: Searching for matchup Philadelphia 76ers vs San Antonio Spurs
--------    --------
10-24 15:02:01: --------    -------- 
Home Team - Philadelphia 76ers (Philadelphia 76ers) Away Team - San Antonio Spurs (Indiana Pacers)
--------    --------
10-24 15:02:01: --------    -------- 
== Error: ==
false

--------    --------
10-24 15:03:01: --------    -------- 
locateMatchup.js: Searching for matchup Philadelphia 76ers vs San Antonio Spurs
--------    --------
10-24 15:03:01: --------    -------- 
Home Team - Philadelphia 76ers (Philadelphia 76ers) Away Team - San Antonio Spurs (Indiana Pacers)
--------    --------
10-24 15:03:01: --------    -------- 
== Error: ==
false

--------    --------
10-24 15:04:01: --------    -------- 
locateMatchup.js: Searching for matchup Philadelphia 76ers vs San Antonio Spurs
--------    --------
10-24 15:04:01: --------    -------- 
Home Team - Philadelphia 76ers (Philadelphia 76ers) Away Team - San Antonio Spurs (Indiana Pacers)
--------    --------
10-24 15:04:01: --------    -------- 
== Error: ==
false

--------    --------
10-24 15:05:01: --------    -------- 
locateMatchup.js: Searching for matchup Philadelphia 76ers vs San Antonio Spurs
--------    --------
10-24 15:05:01: --------    -------- 
Home Team - Philadelphia 76ers (Philadelphia 76ers) Away Team - San Antonio Spurs (Indiana Pacers)
--------    --------
10-24 15:05:01: --------    -------- 
== Error: ==
false

--------    --------
10-24 15:06:01: --------    -------- 
locateMatchup.js: Searching for matchup Philadelphia 76ers vs San Antonio Spurs
--------    --------
10-24 15:06:01: --------    -------- 
Home Team - Philadelphia 76ers (Philadelphia 76ers) Away Team - San Antonio Spurs (Indiana Pacers)
--------    --------
10-24 15:06:01: --------    -------- 
== Error: ==
false

--------    --------
10-24 15:07:01: --------    -------- 
locateMatchup.js: Searching for matchup Philadelphia 76ers vs San Antonio Spurs
--------    --------
10-24 15:07:01: --------    -------- 
Home Team - Philadelphia 76ers (Philadelphia 76ers) Away Team - San Antonio Spurs (Indiana Pacers)
--------    --------
10-24 15:07:01: --------    -------- 
== Error: ==
false

--------    --------
10-24 15:08:01: --------    -------- 
locateMatchup.js: Searching for matchup Philadelphia 76ers vs San Antonio Spurs
--------    --------
10-24 15:08:01: --------    -------- 
Home Team - Philadelphia 76ers (Philadelphia 76ers) Away Team - San Antonio Spurs (Indiana Pacers)
--------    --------
10-24 15:08:01: --------    -------- 
== Error: ==
false

--------    --------
10-24 15:09:01: --------    -------- 
locateMatchup.js: Searching for matchup Philadelphia 76ers vs San Antonio Spurs
--------    --------
10-24 15:09:01: --------    -------- 
Home Team - Philadelphia 76ers (Philadelphia 76ers) Away Team - San Antonio Spurs (Indiana Pacers)
--------    --------
10-24 15:09:01: --------    -------- 
== Error: ==
false

--------    --------
10-24 15:10:00: --------    -------- 
locateMatchup.js: Searching for matchup Philadelphia 76ers vs San Antonio Spurs
--------    --------
10-24 15:10:00: --------    -------- 
Home Team - Philadelphia 76ers (Philadelphia 76ers) Away Team - San Antonio Spurs (Indiana Pacers)
--------    --------
10-24 15:10:00: --------    -------- 
== Error: ==
false

--------    --------
10-24 15:11:00: --------    -------- 
locateMatchup.js: Searching for matchup Philadelphia 76ers vs San Antonio Spurs
--------    --------
10-24 15:11:00: --------    -------- 
Home Team - Philadelphia 76ers (Philadelphia 76ers) Away Team - San Antonio Spurs (Indiana Pacers)
--------    --------
10-24 15:11:00: --------    -------- 
== Error: ==
false

--------    --------
10-24 15:12:00: --------    -------- 
locateMatchup.js: Searching for matchup Philadelphia 76ers vs San Antonio Spurs
--------    --------
10-24 15:12:00: --------    -------- 
Home Team - Philadelphia 76ers (Philadelphia 76ers) Away Team - San Antonio Spurs (Indiana Pacers)
--------    --------
10-24 15:12:00: --------    -------- 
== Error: ==
false

--------    --------
10-24 15:13:00: --------    -------- 
locateMatchup.js: Searching for matchup Philadelphia 76ers vs San Antonio Spurs
--------    --------
10-24 15:13:00: --------    -------- 
Home Team - Philadelphia 76ers (Philadelphia 76ers) Away Team - San Antonio Spurs (Indiana Pacers)
--------    --------
10-24 15:13:00: --------    -------- 
== Error: ==
false

--------    --------
10-24 15:14:00: --------    -------- 
locateMatchup.js: Searching for matchup Philadelphia 76ers vs San Antonio Spurs
--------    --------
10-24 15:14:00: --------    -------- 
Home Team - Philadelphia 76ers (Philadelphia 76ers) Away Team - San Antonio Spurs (Indiana Pacers)
--------    --------
10-24 15:14:00: --------    -------- 
== Error: ==
false

--------    --------
10-24 15:15:00: --------    -------- 
locateMatchup.js: Searching for matchup Philadelphia 76ers vs San Antonio Spurs
--------    --------
10-24 15:15:00: --------    -------- 
Home Team - Philadelphia 76ers (Philadelphia 76ers) Away Team - San Antonio Spurs (Indiana Pacers)
--------    --------
10-24 15:15:00: --------    -------- 
== Error: ==
false

--------    --------
10-24 15:16:01: --------    -------- 
locateMatchup.js: Searching for matchup Philadelphia 76ers vs San Antonio Spurs
--------    --------
10-24 15:16:01: --------    -------- 
Home Team - Philadelphia 76ers (Philadelphia 76ers) Away Team - San Antonio Spurs (Indiana Pacers)
--------    --------
10-24 15:16:01: --------    -------- 
== Error: ==
false

--------    --------
10-24 15:17:01: --------    -------- 
locateMatchup.js: Searching for matchup Philadelphia 76ers vs San Antonio Spurs
--------    --------
10-24 15:17:01: --------    -------- 
Home Team - Philadelphia 76ers (Philadelphia 76ers) Away Team - San Antonio Spurs (Indiana Pacers)
--------    --------
10-24 15:17:01: --------    -------- 
== Error: ==
false

--------    --------
10-24 15:18:01: --------    -------- 
locateMatchup.js: Searching for matchup Philadelphia 76ers vs San Antonio Spurs
--------    --------
10-24 15:18:01: --------    -------- 
Home Team - Philadelphia 76ers (Philadelphia 76ers) Away Team - San Antonio Spurs (Indiana Pacers)
--------    --------
10-24 15:18:01: --------    -------- 
== Error: ==
false

--------    --------
10-24 15:19:01: --------    -------- 
locateMatchup.js: Searching for matchup Philadelphia 76ers vs San Antonio Spurs
--------    --------
10-24 15:19:01: --------    -------- 
Home Team - Philadelphia 76ers (Philadelphia 76ers) Away Team - San Antonio Spurs (Indiana Pacers)
--------    --------
10-24 15:19:01: --------    -------- 
== Error: ==
false

--------    --------
10-24 15:20:01: --------    -------- 
locateMatchup.js: Searching for matchup Philadelphia 76ers vs San Antonio Spurs
--------    --------
10-24 15:20:01: --------    -------- 
Home Team - Philadelphia 76ers (Philadelphia 76ers) Away Team - San Antonio Spurs (Indiana Pacers)
--------    --------
10-24 15:20:01: --------    -------- 
== Error: ==
false

--------    --------
10-24 15:21:01: --------    -------- 
locateMatchup.js: Searching for matchup Philadelphia 76ers vs San Antonio Spurs
--------    --------
10-24 15:21:01: --------    -------- 
Home Team - Philadelphia 76ers (Philadelphia 76ers) Away Team - San Antonio Spurs (Indiana Pacers)
--------    --------
10-24 15:21:01: --------    -------- 
== Error: ==
false

--------    --------
10-24 15:22:01: --------    -------- 
locateMatchup.js: Searching for matchup Philadelphia 76ers vs San Antonio Spurs
--------    --------
10-24 15:22:01: --------    -------- 
Home Team - Philadelphia 76ers (Philadelphia 76ers) Away Team - San Antonio Spurs (Indiana Pacers)
--------    --------
10-24 15:22:01: --------    -------- 
== Error: ==
false

--------    --------
10-24 15:23:01: --------    -------- 
locateMatchup.js: Searching for matchup Philadelphia 76ers vs San Antonio Spurs
--------    --------
10-24 15:23:01: --------    -------- 
Home Team - Philadelphia 76ers (Philadelphia 76ers) Away Team - San Antonio Spurs (Indiana Pacers)
--------    --------
10-24 15:23:01: --------    -------- 
== Error: ==
false

--------    --------
10-24 15:24:01: --------    -------- 
locateMatchup.js: Searching for matchup Philadelphia 76ers vs San Antonio Spurs
--------    --------
10-24 15:24:01: --------    -------- 
Home Team - Philadelphia 76ers (Philadelphia 76ers) Away Team - San Antonio Spurs (Indiana Pacers)
--------    --------
10-24 15:24:01: --------    -------- 
== Error: ==
false

--------    --------
10-24 15:25:01: --------    -------- 
locateMatchup.js: Searching for matchup Philadelphia 76ers vs San Antonio Spurs
--------    --------
10-24 15:25:01: --------    -------- 
Home Team - Philadelphia 76ers (Philadelphia 76ers) Away Team - San Antonio Spurs (Indiana Pacers)
--------    --------
10-24 15:25:01: --------    -------- 
== Error: ==
false

--------    --------
10-24 15:26:01: --------    -------- 
locateMatchup.js: Searching for matchup Philadelphia 76ers vs San Antonio Spurs
--------    --------
10-24 15:26:01: --------    -------- 
Home Team - Philadelphia 76ers (Philadelphia 76ers) Away Team - San Antonio Spurs (Indiana Pacers)
--------    --------
10-24 15:26:01: --------    -------- 
== Error: ==
false

--------    --------
10-24 15:27:01: --------    -------- 
locateMatchup.js: Searching for matchup Philadelphia 76ers vs San Antonio Spurs
--------    --------
10-24 15:27:01: --------    -------- 
Home Team - Philadelphia 76ers (Philadelphia 76ers) Away Team - San Antonio Spurs (Indiana Pacers)
--------    --------
10-24 15:27:01: --------    -------- 
== Error: ==
false

--------    --------
10-24 15:28:00: --------    -------- 
locateMatchup.js: Searching for matchup Philadelphia 76ers vs San Antonio Spurs
--------    --------
10-24 15:28:00: --------    -------- 
Home Team - Philadelphia 76ers (Philadelphia 76ers) Away Team - San Antonio Spurs (Indiana Pacers)
--------    --------
10-24 15:28:00: --------    -------- 
== Error: ==
false

--------    --------
10-24 15:29:00: --------    -------- 
locateMatchup.js: Searching for matchup Philadelphia 76ers vs San Antonio Spurs
--------    --------
10-24 15:29:00: --------    -------- 
Home Team - Philadelphia 76ers (Philadelphia 76ers) Away Team - San Antonio Spurs (Indiana Pacers)
--------    --------
10-24 15:29:00: --------    -------- 
== Error: ==
false

--------    --------
10-24 15:30:00: --------    -------- 
locateMatchup.js: Searching for matchup Philadelphia 76ers vs San Antonio Spurs
--------    --------
10-24 15:30:00: --------    -------- 
Home Team - Philadelphia 76ers (Philadelphia 76ers) Away Team - San Antonio Spurs (Indiana Pacers)
--------    --------
10-24 15:30:00: --------    -------- 
== Error: ==
false

--------    --------
10-24 15:31:00: --------    -------- 
locateMatchup.js: Searching for matchup Philadelphia 76ers vs San Antonio Spurs
--------    --------
10-24 15:31:00: --------    -------- 
Home Team - Philadelphia 76ers (Philadelphia 76ers) Away Team - San Antonio Spurs (Indiana Pacers)
--------    --------
10-24 15:31:00: --------    -------- 
== Error: ==
false

--------    --------
10-24 15:32:00: --------    -------- 
locateMatchup.js: Searching for matchup Philadelphia 76ers vs San Antonio Spurs
--------    --------
10-24 15:32:00: --------    -------- 
Home Team - Philadelphia 76ers (Philadelphia 76ers) Away Team - San Antonio Spurs (Indiana Pacers)
--------    --------
10-24 15:32:00: --------    -------- 
== Error: ==
false

--------    --------
10-24 17:46:02: --------    -------- 
locateMatchup.js: Searching for matchup New England Patriots vs Chicago Bears
--------    --------
10-24 17:46:02: --------    -------- 
Home Team - New England Patriots (New England Patriots) Away Team - Chicago Bears (Chicago Bears)
--------    --------
10-24 17:46:02: --------    -------- 
Matchup Found
--------    --------
10-24 17:46:02: --------    -------- 
locateMatchup.js: Searching for matchup Tampa Bay Buccaneers vs Baltimore Ravens
--------    --------
10-24 17:46:02: --------    -------- 
== Error: ==
QueryResultError {
    code: queryResultErrorCode.noData
    message: "No data returned from the query."
    received: 0
    query: "SELECT * FROM activematchups WHERE teamone = 'Tampa Bay Buccaneers'"
}

--------    --------
10-24 17:46:02: --------    -------- 
Unable to locate matchup / ID for Tampa Bay Buccaneers vs Baltimore Ravens in the database
--------    --------
10-24 17:46:02: --------    -------- 
Home Team - Tampa Bay Buccaneers (undefined) Away Team - Baltimore Ravens (undefined)
--------    --------
10-24 17:50:40: --------    -------- 
locateMatchup.js: Searching for matchup New England Patriots vs Chicago Bears
--------    --------
10-24 17:50:40: --------    -------- 
Home Team - New England Patriots (New England Patriots) Away Team - Chicago Bears (Chicago Bears)
--------    --------
10-24 17:50:40: --------    -------- 
Matchup Found
--------    --------
10-24 17:54:44: --------    -------- 
locateMatchup.js: Searching for matchup New England Patriots vs Chicago Bears
--------    --------
10-24 17:54:44: --------    -------- 
Home Team - New England Patriots (New England Patriots) Away Team - Chicago Bears (Chicago Bears)
--------    --------
10-24 17:54:44: --------    -------- 
Matchup Found
--------    --------
10-24 17:54:44: --------    -------- 
locateMatchup.js: Searching for matchup Tampa Bay Buccaneers vs Baltimore Ravens
--------    --------
10-24 17:54:44: --------    -------- 
Home Team - Tampa Bay Buccaneers (Tampa Bay Buccaneers) Away Team - Baltimore Ravens (Baltimore Ravens)
--------    --------
10-24 17:54:44: --------    -------- 
Matchup Found
--------    --------
10-24 17:54:44: --------    -------- 
locateMatchup.js: Searching for matchup Jacksonville Jaguars vs Denver Broncos
--------    --------
10-24 17:54:44: --------    -------- 
Home Team - Jacksonville Jaguars (Jacksonville Jaguars) Away Team - Denver Broncos (Denver Broncos)
--------    --------
10-24 17:54:44: --------    -------- 
Matchup Found
--------    --------
10-24 17:54:44: --------    -------- 
locateMatchup.js: Searching for matchup Minnesota Vikings vs Arizona Cardinals
--------    --------
10-24 17:54:44: --------    -------- 
Home Team - Minnesota Vikings (Minnesota Vikings) Away Team - Arizona Cardinals (Arizona Cardinals)
--------    --------
10-24 17:54:44: --------    -------- 
Matchup Found
--------    --------
10-24 17:54:44: --------    -------- 
locateMatchup.js: Searching for matchup Atlanta Falcons vs Carolina Panthers
--------    --------
10-24 17:54:44: --------    -------- 
Home Team - Atlanta Falcons (Atlanta Falcons) Away Team - Carolina Panthers (Carolina Panthers)
--------    --------
10-24 17:54:44: --------    -------- 
Matchup Found
--------    --------
10-24 17:54:44: --------    -------- 
locateMatchup.js: Searching for matchup Dallas Cowboys vs Chicago Bears
--------    --------
10-24 17:54:44: --------    -------- 
Home Team - Dallas Cowboys (Dallas Cowboys) Away Team - Chicago Bears (Chicago Bears)
--------    --------
10-24 17:54:44: --------    -------- 
Matchup Found
--------    --------
10-24 17:54:44: --------    -------- 
locateMatchup.js: Searching for matchup Detroit Lions vs Miami Dolphins
--------    --------
10-24 17:54:44: --------    -------- 
Home Team - Detroit Lions (Detroit Lions) Away Team - Miami Dolphins (Miami Dolphins)
--------    --------
10-24 17:54:44: --------    -------- 
Matchup Found
--------    --------
10-24 17:54:44: --------    -------- 
locateMatchup.js: Searching for matchup New Orleans Saints vs Las Vegas Raiders
--------    --------
10-24 17:54:44: --------    -------- 
Home Team - New Orleans Saints (New Orleans Saints) Away Team - Las Vegas Raiders (Las Vegas Raiders)
--------    --------
10-24 17:54:44: --------    -------- 
Matchup Found
--------    --------
10-24 17:54:44: --------    -------- 
locateMatchup.js: Searching for matchup New York Jets vs New England Patriots
--------    --------
10-24 17:54:44: --------    -------- 
Home Team - New York Jets (New York Jets) Away Team - New England Patriots (New England Patriots)
--------    --------
10-24 17:54:44: --------    -------- 
Matchup Found
--------    --------
10-24 17:54:44: --------    -------- 
locateMatchup.js: Searching for matchup Philadelphia Eagles vs Pittsburgh Steelers
--------    --------
10-24 17:54:44: --------    -------- 
Home Team - Philadelphia Eagles (Philadelphia Eagles) Away Team - Pittsburgh Steelers (Pittsburgh Steelers)
--------    --------
10-24 17:54:44: --------    -------- 
Matchup Found
--------    --------
10-24 17:54:44: --------    -------- 
locateMatchup.js: Searching for matchup Houston Texans vs Tennessee Titans
--------    --------
10-24 17:54:44: --------    -------- 
Home Team - Houston Texans (Houston Texans) Away Team - Tennessee Titans (Tennessee Titans)
--------    --------
10-24 17:54:44: --------    -------- 
Matchup Found
--------    --------
10-24 17:54:44: --------    -------- 
locateMatchup.js: Searching for matchup Indianapolis Colts vs Washington Commanders
--------    --------
10-24 17:54:44: --------    -------- 
Home Team - Indianapolis Colts (Indianapolis Colts) Away Team - Washington Commanders (Washington Commanders)
--------    --------
10-24 17:54:44: --------    -------- 
Matchup Found
--------    --------
10-24 17:54:44: --------    -------- 
locateMatchup.js: Searching for matchup Los Angeles Rams vs San Francisco 49ers
--------    --------
10-24 17:54:44: --------    -------- 
Home Team - Los Angeles Rams (Los Angeles Rams) Away Team - San Francisco 49ers (San Francisco 49ers)
--------    --------
10-24 17:54:44: --------    -------- 
Matchup Found
--------    --------
10-24 17:54:44: --------    -------- 
locateMatchup.js: Searching for matchup Seattle Seahawks vs New York Giants
--------    --------
10-24 17:54:44: --------    -------- 
Home Team - Seattle Seahawks (Seattle Seahawks) Away Team - New York Giants (New York Giants)
--------    --------
10-24 17:54:44: --------    -------- 
Matchup Found
--------    --------
10-24 17:54:44: --------    -------- 
locateMatchup.js: Searching for matchup Buffalo Bills vs Green Bay Packers
--------    --------
10-24 17:54:44: --------    -------- 
Home Team - Buffalo Bills (Buffalo Bills) Away Team - Green Bay Packers (Green Bay Packers)
--------    --------
10-24 17:54:44: --------    -------- 
Matchup Found
--------    --------
10-24 17:54:44: --------    -------- 
locateMatchup.js: Searching for matchup Cleveland Browns vs Cincinnati Bengals
--------    --------
10-24 17:54:44: --------    -------- 
Home Team - Cleveland Browns (Cleveland Browns) Away Team - Cincinnati Bengals (Cincinnati Bengals)
--------    --------
10-24 17:54:44: --------    -------- 
Matchup Found
--------    --------
10-27 15:16:18: --------    -------- 
locateMatchup.js: Searching for matchup Brooklyn Nets vs Dallas Mavericks
--------    --------
10-27 15:16:18: --------    -------- 
Home Team - Brooklyn Nets (Brooklyn Nets) Away Team - Dallas Mavericks (Dallas Mavericks)
--------    --------
10-27 15:16:18: --------    -------- 
Matchup Found
--------    --------
10-27 15:16:55: --------    -------- 
locateMatchup.js: Searching for matchup Brooklyn Nets vs Dallas Mavericks
--------    --------
10-27 15:16:55: --------    -------- 
Home Team - Brooklyn Nets (Brooklyn Nets) Away Team - Dallas Mavericks (Dallas Mavericks)
--------    --------
10-27 15:16:55: --------    -------- 
Matchup Found
--------    --------
10-27 15:17:36: --------    -------- 
locateMatchup.js: Searching for matchup Brooklyn Nets vs Dallas Mavericks
--------    --------
10-27 15:17:36: --------    -------- 
Home Team - Brooklyn Nets (Brooklyn Nets) Away Team - Dallas Mavericks (Dallas Mavericks)
--------    --------
10-27 15:17:36: --------    -------- 
Matchup Found
--------    --------
10-27 15:18:40: --------    -------- 
locateMatchup.js: Searching for matchup Brooklyn Nets vs Dallas Mavericks
--------    --------
10-27 15:18:40: --------    -------- 
Home Team - Brooklyn Nets (Brooklyn Nets) Away Team - Dallas Mavericks (Dallas Mavericks)
--------    --------
10-27 15:18:40: --------    -------- 
Matchup Found
--------    --------
10-27 15:18:40: --------    -------- 
locateMatchup.js: Searching for matchup Oklahoma City Thunder vs Los Angeles Clippers
--------    --------
10-27 15:18:40: --------    -------- 
Home Team - Oklahoma City Thunder (Oklahoma City Thunder) Away Team - Los Angeles Clippers (Los Angeles Clippers)
--------    --------
10-27 15:18:40: --------    -------- 
Matchup Found
--------    --------
10-27 15:18:40: --------    -------- 
locateMatchup.js: Searching for matchup Golden State Warriors vs Miami Heat
--------    --------
10-27 15:18:40: --------    -------- 
Home Team - Golden State Warriors (Golden State Warriors) Away Team - Miami Heat (Miami Heat)
--------    --------
10-27 15:18:40: --------    -------- 
Matchup Found
--------    --------
10-27 15:18:40: --------    -------- 
locateMatchup.js: Searching for matchup Sacramento Kings vs Memphis Grizzlies
--------    --------
10-27 15:18:40: --------    -------- 
Home Team - Sacramento Kings (Sacramento Kings) Away Team - Memphis Grizzlies (Memphis Grizzlies)
--------    --------
10-27 15:18:40: --------    -------- 
Matchup Found
--------    --------
10-27 15:18:40: --------    -------- 
locateMatchup.js: Searching for matchup Detroit Pistons vs Atlanta Hawks
--------    --------
10-27 15:18:40: --------    -------- 
Home Team - Detroit Pistons (Detroit Pistons) Away Team - Atlanta Hawks (Atlanta Hawks)
--------    --------
10-27 15:18:40: --------    -------- 
Matchup Found
--------    --------
10-27 15:19:38: --------    -------- 
locateMatchup.js: Searching for matchup Brooklyn Nets vs Dallas Mavericks
--------    --------
10-27 15:19:38: --------    -------- 
Home Team - Brooklyn Nets (Brooklyn Nets) Away Team - Dallas Mavericks (Dallas Mavericks)
--------    --------
10-27 15:19:38: --------    -------- 
Matchup Found
--------    --------
10-27 15:19:38: --------    -------- 
locateMatchup.js: Searching for matchup Oklahoma City Thunder vs Los Angeles Clippers
--------    --------
10-27 15:19:38: --------    -------- 
Home Team - Oklahoma City Thunder (Oklahoma City Thunder) Away Team - Los Angeles Clippers (Los Angeles Clippers)
--------    --------
10-27 15:19:38: --------    -------- 
Matchup Found
--------    --------
10-27 15:19:38: --------    -------- 
locateMatchup.js: Searching for matchup Golden State Warriors vs Miami Heat
--------    --------
10-27 15:19:38: --------    -------- 
Home Team - Golden State Warriors (Golden State Warriors) Away Team - Miami Heat (Miami Heat)
--------    --------
10-27 15:19:38: --------    -------- 
Matchup Found
--------    --------
10-27 15:19:38: --------    -------- 
locateMatchup.js: Searching for matchup Sacramento Kings vs Memphis Grizzlies
--------    --------
10-27 15:19:38: --------    -------- 
Home Team - Sacramento Kings (Sacramento Kings) Away Team - Memphis Grizzlies (Memphis Grizzlies)
--------    --------
10-27 15:19:38: --------    -------- 
Matchup Found
--------    --------
10-27 15:19:38: --------    -------- 
locateMatchup.js: Searching for matchup Detroit Pistons vs Atlanta Hawks
--------    --------
10-27 15:19:38: --------    -------- 
Home Team - Detroit Pistons (Detroit Pistons) Away Team - Atlanta Hawks (Atlanta Hawks)
--------    --------
10-27 15:19:38: --------    -------- 
Matchup Found
--------    --------
10-27 16:09:17: --------    -------- 
locateMatchup.js: Searching for matchup Oklahoma City Thunder vs Los Angeles Clippers
--------    --------
10-27 16:09:17: --------    -------- 
Home Team - Oklahoma City Thunder (Oklahoma City Thunder) Away Team - Los Angeles Clippers (Los Angeles Clippers)
--------    --------
10-27 16:09:17: --------    -------- 
Matchup Found
--------    --------
10-27 16:09:18: --------    -------- 
locateMatchup.js: Searching for matchup Detroit Pistons vs Atlanta Hawks
--------    --------
10-27 16:09:18: --------    -------- 
Home Team - Detroit Pistons (Detroit Pistons) Away Team - Atlanta Hawks (Atlanta Hawks)
--------    --------
10-27 16:09:18: --------    -------- 
Matchup Found
--------    --------
