09-25 19:28:01: - Logging - 
Retrieving Bets for Match ID: 6547
Bets Found:
[object Promise]
09-25 19:32:01: - Logging - 
Retrieving Bets for Match ID: 6547
Bets Found:
[object Promise]
09-25 19:32:01: - Logging - 
Retrieving Bets for Match ID: 1570
Bets Found:
[object Promise]
09-25 19:32:01: - Logging - 
Retrieving Bets for Match ID: 585
Bets Found:
[object Promise]
09-25 19:32:01: - Logging - 
Retrieving Bets for Match ID: 5924
Bets Found:
[object Promise]
09-25 19:32:01: - Logging - 
Retrieving Bets for Match ID: 5809
Bets Found:
[object Promise]
09-25 19:32:01: - Logging - 
Retrieving Bets for Match ID: 1391
Bets Found:
[object Promise]
09-25 19:32:01: - Logging - 
Retrieving Bets for Match ID: 6390
Bets Found:
[object Promise]
09-25 19:32:01: - Logging - 
Retrieving Bets for Match ID: 3962
Bets Found:
[object Promise]
09-25 19:32:01: - Logging - 
Retrieving Bets for Match ID: 3970
Bets Found:
[object Promise]
09-25 19:32:01: - Logging - 
Retrieving Bets for Match ID: 3004
Bets Found:
[object Promise]
09-25 19:32:01: - Logging - 
Retrieving Bets for Match ID: 6590
Bets Found:
[object Promise]
09-25 19:32:01: - Logging - 
Retrieving Bets for Match ID: 5844
Bets Found:
[object Promise]
09-25 19:32:01: - Logging - 
Retrieving Bets for Match ID: 2860
Bets Found:
[object Promise]
09-25 19:34:01: - Logging - 
Retrieving Bets for Match ID: 1570
Bets Found:

09-25 19:34:01: - Logging - 
Retrieving Bets for Match ID: 6590
Bets Found:

09-25 19:34:01: - Logging - 
Retrieving Bets for Match ID: 6547
Bets Found:

09-25 19:34:01: - Logging - 
Retrieving Bets for Match ID: 5924
Bets Found:

09-25 19:34:01: - Logging - 
Retrieving Bets for Match ID: 585
Bets Found:

09-25 19:34:01: - Logging - 
Retrieving Bets for Match ID: 5809
Bets Found:

09-25 19:34:01: - Logging - 
Retrieving Bets for Match ID: 1391
Bets Found:

09-25 19:34:01: - Logging - 
Retrieving Bets for Match ID: 6390
Bets Found:

09-25 19:34:01: - Logging - 
Retrieving Bets for Match ID: 3962
Bets Found:
[object Object]
09-25 19:34:01: - Logging - 
Retrieving Bets for Match ID: 5844
Bets Found:

09-25 19:34:01: - Logging - 
Retrieving Bets for Match ID: 2860
Bets Found:

09-25 19:34:01: - Logging - 
Retrieving Bets for Match ID: 3970
Bets Found:

09-25 19:34:01: - Logging - 
Retrieving Bets for Match ID: 3004
Bets Found:

09-25 19:36:01: - Logging - 
Retrieving Bets for Match ID: 6547
Bets Found:

09-25 19:36:01: - Logging - 
Retrieving Bets for Match ID: 1570
Bets Found:

09-25 19:36:01: - Logging - 
Retrieving Bets for Match ID: 585
Bets Found:

09-25 19:36:01: - Logging - 
Retrieving Bets for Match ID: 5924
Bets Found:

09-25 19:36:01: - Logging - 
Retrieving Bets for Match ID: 5809
Bets Found:

09-25 19:36:01: - Logging - 
Retrieving Bets for Match ID: 1391
Bets Found:

09-25 19:36:01: - Logging - 
Retrieving Bets for Match ID: 6390
Bets Found:

09-25 19:36:01: - Logging - 
Retrieving Bets for Match ID: 6590
Bets Found:

09-25 19:36:01: - Logging - 
Retrieving Bets for Match ID: 5844
Bets Found:

09-25 19:36:01: - Logging - 
Retrieving Bets for Match ID: 2860
Bets Found:

09-25 19:36:01: - Logging - 
Retrieving Bets for Match ID: 3962
Bets Found:
[object Object]
09-25 19:36:01: - Logging - 
Retrieving Bets for Match ID: 3004
Bets Found:

09-25 19:36:01: - Logging - 
Retrieving Bets for Match ID: 3970
Bets Found:

09-25 19:38:01: - Logging - 
Retrieving Bets for Match ID: 6547
Bets Found:

09-25 19:38:02: - Logging - 
Retrieving Bets for Match ID: 3962
Bets Found:
[object Object]
09-25 19:38:02: - Logging - 
Retrieving Bets for Match ID: 3004
Bets Found:

09-25 19:38:02: - Logging - 
Retrieving Bets for Match ID: 585
Bets Found:

09-25 19:38:02: - Logging - 
Retrieving Bets for Match ID: 5924
Bets Found:

09-25 19:38:02: - Logging - 
Retrieving Bets for Match ID: 5809
Bets Found:

09-25 19:38:02: - Logging - 
Retrieving Bets for Match ID: 1391
Bets Found:

09-25 19:38:02: - Logging - 
Retrieving Bets for Match ID: 6590
Bets Found:

09-25 19:38:02: - Logging - 
Retrieving Bets for Match ID: 5844
Bets Found:

09-25 19:38:02: - Logging - 
Retrieving Bets for Match ID: 2860
Bets Found:

09-25 19:38:02: - Logging - 
Retrieving Bets for Match ID: 6390
Bets Found:

09-25 19:38:02: - Logging - 
Retrieving Bets for Match ID: 3970
Bets Found:

09-25 19:38:02: - Logging - 
Retrieving Bets for Match ID: 1570
Bets Found:

09-25 19:42:01: - Logging - 
Retrieving Bets for Match ID: 6547
Bets Found:

09-25 19:42:01: - Logging - 
Retrieving Bets for Match ID: 1570
Bets Found:

09-25 19:42:01: - Logging - 
Retrieving Bets for Match ID: 5924
Bets Found:

09-25 19:42:01: - Logging - 
Retrieving Bets for Match ID: 6590
Bets Found:

09-25 19:42:01: - Logging - 
Retrieving Bets for Match ID: 5844
Bets Found:

09-25 19:42:01: - Logging - 
Retrieving Bets for Match ID: 2860
Bets Found:

09-25 19:42:01: - Logging - 
Retrieving Bets for Match ID: 585
Bets Found:

09-25 19:42:01: - Logging - 
Retrieving Bets for Match ID: 5809
Bets Found:

09-25 19:42:01: - Logging - 
Retrieving Bets for Match ID: 1391
Bets Found:

09-25 19:42:01: - Logging - 
Retrieving Bets for Match ID: 6390
Bets Found:

09-25 19:42:01: - Logging - 
Retrieving Bets for Match ID: 3962
Bets Found:
[object Object]
09-25 19:42:01: - Logging - 
Retrieving Bets for Match ID: 3970
Bets Found:

09-25 19:42:01: - Logging - 
Retrieving Bets for Match ID: 3004
Bets Found:

09-25 19:44:03: - Logging - 
Retrieving Bets for Match ID: 6547
Bets Found:

09-25 19:44:03: - Logging - 
Retrieving Bets for Match ID: 1570
Bets Found:

09-25 19:44:03: - Logging - 
Retrieving Bets for Match ID: 585
Bets Found:

09-25 19:44:03: - Logging - 
Retrieving Bets for Match ID: 6590
Bets Found:

09-25 19:44:03: - Logging - 
Retrieving Bets for Match ID: 5844
Bets Found:

09-25 19:44:03: - Logging - 
Retrieving Bets for Match ID: 2860
Bets Found:

09-25 19:44:03: - Logging - 
Retrieving Bets for Match ID: 5924
Bets Found:

09-25 19:44:03: - Logging - 
Retrieving Bets for Match ID: 5809
Bets Found:

09-25 19:44:03: - Logging - 
Retrieving Bets for Match ID: 1391
Bets Found:

09-25 19:44:03: - Logging - 
Retrieving Bets for Match ID: 3962
Bets Found:
[object Object]
09-25 19:44:03: - Logging - 
Retrieving Bets for Match ID: 3970
Bets Found:

09-25 19:44:03: - Logging - 
Retrieving Bets for Match ID: 3004
Bets Found:

09-25 19:44:03: - Logging - 
Retrieving Bets for Match ID: 6390
Bets Found:

