10-02 16:48:05: - Logging - 
Resolved team: texans to Houston Texans
10-02 16:50:01: - Logging - 
Resolved team: Minnesota Vikings to Minnesota Vikings
10-02 16:50:01: - Logging - 
Resolved team: Atlanta Falcons to Atlanta Falcons
10-02 16:50:01: - Logging - 
Resolved team: Dallas Cowboys to Dallas Cowboys
10-02 16:50:01: - Logging - 
Resolved team: Tennessee Titans to Tennessee Titans
10-02 16:50:01: - Logging - 
Resolved team: Philadelphia Eagles to Philadelphia Eagles
10-02 16:50:01: - Logging - 
Resolved team: New York Jets to New York Jets
10-02 16:50:01: - Logging - 
Resolved team: Buffalo Bills to Buffalo Bills
10-02 16:50:01: - Logging - 
Resolved team: Seattle Seahawks to Seattle Seahawks
10-02 16:50:01: - Logging - 
Resolved team: New York Giants to New York Giants
10-02 16:50:01: - Logging - 
Resolved team: Los Angeles Chargers to Los Angeles Chargers
10-02 16:51:46: - Logging - 
Resolved team: texans to Houston Texans
10-02 16:52:03: - Logging - 
Resolved team: Minnesota Vikings to Minnesota Vikings
10-02 16:52:03: - Logging - 
Resolved team: Atlanta Falcons to Atlanta Falcons
10-02 16:52:03: - Logging - 
Resolved team: Dallas Cowboys to Dallas Cowboys
10-02 16:52:03: - Logging - 
Resolved team: Tennessee Titans to Tennessee Titans
10-02 16:52:03: - Logging - 
Resolved team: Philadelphia Eagles to Philadelphia Eagles
10-02 16:52:03: - Logging - 
Resolved team: New York Jets to New York Jets
10-02 16:52:03: - Logging - 
Resolved team: Buffalo Bills to Buffalo Bills
10-02 16:52:03: - Logging - 
Resolved team: Seattle Seahawks to Seattle Seahawks
10-02 16:52:03: - Logging - 
Resolved team: New York Giants to New York Giants
10-02 16:52:03: - Logging - 
Resolved team: Los Angeles Chargers to Los Angeles Chargers
10-02 16:53:39: - Logging - 
Resolved team: texans to Houston Texans
10-02 16:53:44: - Logging - 
Resolved team: texans to Houston Texans
10-02 16:54:29: - Logging - 
Resolved team: texans to Houston Texans
10-02 16:54:56: - Logging - 
Resolved team: texans to Houston Texans
10-02 16:55:07: - Logging - 
Resolved team: texans to Houston Texans
10-02 16:56:01: - Logging - 
Resolved team: Minnesota Vikings to Minnesota Vikings
10-02 16:56:01: - Logging - 
Resolved team: Atlanta Falcons to Atlanta Falcons
10-02 16:56:01: - Logging - 
Resolved team: Dallas Cowboys to Dallas Cowboys
10-02 16:56:01: - Logging - 
Resolved team: Tennessee Titans to Tennessee Titans
10-02 16:56:01: - Logging - 
Resolved team: Philadelphia Eagles to Philadelphia Eagles
10-02 16:56:01: - Logging - 
Resolved team: New York Jets to New York Jets
10-02 16:56:01: - Logging - 
Resolved team: Buffalo Bills to Buffalo Bills
10-02 16:56:01: - Logging - 
Resolved team: Seattle Seahawks to Seattle Seahawks
10-02 16:56:01: - Logging - 
Resolved team: New York Giants to New York Giants
10-02 16:56:01: - Logging - 
Resolved team: Los Angeles Chargers to Los Angeles Chargers
10-02 16:58:01: - Logging - 
Resolved team: Minnesota Vikings to Minnesota Vikings
10-02 16:58:01: - Logging - 
Resolved team: Atlanta Falcons to Atlanta Falcons
10-02 16:58:01: - Logging - 
Resolved team: Dallas Cowboys to Dallas Cowboys
10-02 16:58:01: - Logging - 
Resolved team: Tennessee Titans to Tennessee Titans
10-02 16:58:01: - Logging - 
Resolved team: Philadelphia Eagles to Philadelphia Eagles
10-02 16:58:01: - Logging - 
Resolved team: New York Jets to New York Jets
10-02 16:58:01: - Logging - 
Resolved team: Buffalo Bills to Buffalo Bills
10-02 16:58:01: - Logging - 
Resolved team: Seattle Seahawks to Seattle Seahawks
10-02 16:58:01: - Logging - 
Resolved team: New York Giants to New York Giants
10-02 16:58:01: - Logging - 
Resolved team: Los Angeles Chargers to Los Angeles Chargers
10-02 17:13:48: - Logging - 
Resolved team: texans to Houston Texans
10-02 17:14:25: - Logging - 
Resolved team: chargers to Los Angeles Chargers
10-02 17:18:01: - Logging - 
Resolved team: Minnesota Vikings to Minnesota Vikings
10-02 17:18:01: - Logging - 
Resolved team: Atlanta Falcons to Atlanta Falcons
10-02 17:18:01: - Logging - 
Resolved team: Dallas Cowboys to Dallas Cowboys
10-02 17:18:01: - Logging - 
Resolved team: Tennessee Titans to Tennessee Titans
10-02 17:18:01: - Logging - 
Resolved team: Philadelphia Eagles to Philadelphia Eagles
10-02 17:18:01: - Logging - 
Resolved team: New York Jets to New York Jets
10-02 17:18:01: - Logging - 
Resolved team: Buffalo Bills to Buffalo Bills
10-02 17:18:01: - Logging - 
Resolved team: Seattle Seahawks to Seattle Seahawks
10-02 17:18:01: - Logging - 
Resolved team: New York Giants to New York Giants
10-02 17:18:01: - Logging - 
Resolved team: Los Angeles Chargers to Los Angeles Chargers
10-02 17:22:51: - Logging - 
Resolved team: Houston Texans to Houston Texans
10-02 17:23:34: - Logging - 
Resolved team: Houston Texans to Houston Texans
10-02 17:25:52: - Logging - 
Resolved team: Houstan Texans to Houston Texans
10-02 17:26:02: - Logging - 
Resolved team: Minnesota Vikings to Minnesota Vikings
10-02 17:26:02: - Logging - 
Resolved team: Atlanta Falcons to Atlanta Falcons
10-02 17:26:02: - Logging - 
Resolved team: Dallas Cowboys to Dallas Cowboys
10-02 17:26:02: - Logging - 
Resolved team: Tennessee Titans to Tennessee Titans
10-02 17:26:02: - Logging - 
Resolved team: Philadelphia Eagles to Philadelphia Eagles
10-02 17:26:02: - Logging - 
Resolved team: New York Jets to New York Jets
10-02 17:26:02: - Logging - 
Resolved team: Buffalo Bills to Buffalo Bills
10-02 17:26:02: - Logging - 
Resolved team: Seattle Seahawks to Seattle Seahawks
10-02 17:26:02: - Logging - 
Resolved team: New York Giants to New York Giants
10-02 17:26:02: - Logging - 
Resolved team: Los Angeles Chargers to Los Angeles Chargers
10-02 17:28:00: - Logging - 
Resolved team: Minnesota Vikings to Minnesota Vikings
10-02 17:28:00: - Logging - 
Resolved team: Atlanta Falcons to Atlanta Falcons
10-02 17:28:00: - Logging - 
Resolved team: Dallas Cowboys to Dallas Cowboys
10-02 17:28:00: - Logging - 
Resolved team: Tennessee Titans to Tennessee Titans
10-02 17:28:00: - Logging - 
Resolved team: Philadelphia Eagles to Philadelphia Eagles
10-02 17:28:00: - Logging - 
Resolved team: New York Jets to New York Jets
10-02 17:28:00: - Logging - 
Resolved team: Buffalo Bills to Buffalo Bills
10-02 17:28:00: - Logging - 
Resolved team: Seattle Seahawks to Seattle Seahawks
10-02 17:28:00: - Logging - 
Resolved team: New York Giants to New York Giants
10-02 17:28:00: - Logging - 
Resolved team: Los Angeles Chargers to Los Angeles Chargers
10-02 17:29:05: - Logging - 
Resolved team: Houstan Texans to Houston Texans
10-02 17:30:02: - Logging - 
Resolved team: Minnesota Vikings to Minnesota Vikings
10-02 17:30:02: - Logging - 
Resolved team: Atlanta Falcons to Atlanta Falcons
10-02 17:30:02: - Logging - 
Resolved team: Dallas Cowboys to Dallas Cowboys
10-02 17:30:02: - Logging - 
Resolved team: Tennessee Titans to Tennessee Titans
10-02 17:30:02: - Logging - 
Resolved team: Philadelphia Eagles to Philadelphia Eagles
10-02 17:30:02: - Logging - 
Resolved team: New York Jets to New York Jets
10-02 17:30:02: - Logging - 
Resolved team: Buffalo Bills to Buffalo Bills
10-02 17:30:02: - Logging - 
Resolved team: Seattle Seahawks to Seattle Seahawks
10-02 17:30:02: - Logging - 
Resolved team: New York Giants to New York Giants
10-02 17:30:02: - Logging - 
Resolved team: Los Angeles Chargers to Los Angeles Chargers
10-02 17:34:40: - Logging - 
Resolved team: Los Angeles Chargers to Los Angeles Chargers
10-02 17:35:47: - Logging - 
Resolved team: Los Angeles Chargers to Los Angeles Chargers
10-02 17:36:03: - Logging - 
Resolved team: Minnesota Vikings to Minnesota Vikings
10-02 17:36:03: - Logging - 
Resolved team: Atlanta Falcons to Atlanta Falcons
10-02 17:36:03: - Logging - 
Resolved team: Dallas Cowboys to Dallas Cowboys
10-02 17:36:03: - Logging - 
Resolved team: Tennessee Titans to Tennessee Titans
10-02 17:36:03: - Logging - 
Resolved team: Philadelphia Eagles to Philadelphia Eagles
10-02 17:36:03: - Logging - 
Resolved team: New York Jets to New York Jets
10-02 17:36:03: - Logging - 
Resolved team: Buffalo Bills to Buffalo Bills
10-02 17:36:03: - Logging - 
Resolved team: Seattle Seahawks to Seattle Seahawks
10-02 17:36:03: - Logging - 
Resolved team: New York Giants to New York Giants
10-02 17:36:03: - Logging - 
Resolved team: Los Angeles Chargers to Los Angeles Chargers
10-02 17:38:45: - Logging - 
Resolved team: chargers to Los Angeles Chargers
10-02 17:38:55: - Logging - 
Resolved team: Los Angeles Chargers to Los Angeles Chargers
10-02 17:41:34: - Logging - 
Resolved team: Los Angeles Chargers to Los Angeles Chargers
10-02 17:42:01: - Logging - 
Resolved team: Minnesota Vikings to Minnesota Vikings
10-02 17:42:01: - Logging - 
Resolved team: Atlanta Falcons to Atlanta Falcons
10-02 17:42:01: - Logging - 
Resolved team: Dallas Cowboys to Dallas Cowboys
10-02 17:42:01: - Logging - 
Resolved team: Tennessee Titans to Tennessee Titans
10-02 17:42:01: - Logging - 
Resolved team: Philadelphia Eagles to Philadelphia Eagles
10-02 17:42:01: - Logging - 
Resolved team: New York Jets to New York Jets
10-02 17:42:01: - Logging - 
Resolved team: Buffalo Bills to Buffalo Bills
10-02 17:42:01: - Logging - 
Resolved team: Seattle Seahawks to Seattle Seahawks
10-02 17:42:01: - Logging - 
Resolved team: New York Giants to New York Giants
10-02 17:42:01: - Logging - 
Resolved team: Los Angeles Chargers to Los Angeles Chargers
10-02 17:44:01: - Logging - 
Resolved team: Minnesota Vikings to Minnesota Vikings
10-02 17:44:01: - Logging - 
Resolved team: Atlanta Falcons to Atlanta Falcons
10-02 17:44:01: - Logging - 
Resolved team: Dallas Cowboys to Dallas Cowboys
10-02 17:44:01: - Logging - 
Resolved team: Tennessee Titans to Tennessee Titans
10-02 17:44:01: - Logging - 
Resolved team: Philadelphia Eagles to Philadelphia Eagles
10-02 17:44:01: - Logging - 
Resolved team: New York Jets to New York Jets
10-02 17:44:01: - Logging - 
Resolved team: Buffalo Bills to Buffalo Bills
10-02 17:44:01: - Logging - 
Resolved team: Seattle Seahawks to Seattle Seahawks
10-02 17:44:01: - Logging - 
Resolved team: New York Giants to New York Giants
10-02 17:44:01: - Logging - 
Resolved team: Los Angeles Chargers to Los Angeles Chargers
10-02 17:46:00: - Logging - 
Resolved team: Minnesota Vikings to Minnesota Vikings
10-02 17:46:00: - Logging - 
Resolved team: Atlanta Falcons to Atlanta Falcons
10-02 17:46:00: - Logging - 
Resolved team: Dallas Cowboys to Dallas Cowboys
10-02 17:46:00: - Logging - 
Resolved team: Tennessee Titans to Tennessee Titans
10-02 17:46:00: - Logging - 
Resolved team: Philadelphia Eagles to Philadelphia Eagles
10-02 17:46:00: - Logging - 
Resolved team: New York Jets to New York Jets
10-02 17:46:00: - Logging - 
Resolved team: Buffalo Bills to Buffalo Bills
10-02 17:46:00: - Logging - 
Resolved team: Seattle Seahawks to Seattle Seahawks
10-02 17:46:00: - Logging - 
Resolved team: New York Giants to New York Giants
10-02 17:46:00: - Logging - 
Resolved team: Los Angeles Chargers to Los Angeles Chargers
10-02 17:50:01: - Logging - 
Resolved team: Minnesota Vikings to Minnesota Vikings
10-02 17:50:01: - Logging - 
Resolved team: Atlanta Falcons to Atlanta Falcons
10-02 17:50:01: - Logging - 
Resolved team: Dallas Cowboys to Dallas Cowboys
10-02 17:50:01: - Logging - 
Resolved team: Tennessee Titans to Tennessee Titans
10-02 17:50:01: - Logging - 
Resolved team: Philadelphia Eagles to Philadelphia Eagles
10-02 17:50:01: - Logging - 
Resolved team: New York Jets to New York Jets
10-02 17:50:01: - Logging - 
Resolved team: Buffalo Bills to Buffalo Bills
10-02 17:50:01: - Logging - 
Resolved team: Seattle Seahawks to Seattle Seahawks
10-02 17:50:01: - Logging - 
Resolved team: New York Giants to New York Giants
10-02 17:50:01: - Logging - 
Resolved team: Los Angeles Chargers to Los Angeles Chargers
10-02 17:52:03: - Logging - 
Resolved team: Minnesota Vikings to Minnesota Vikings
10-02 17:52:03: - Logging - 
Resolved team: Atlanta Falcons to Atlanta Falcons
10-02 17:52:03: - Logging - 
Resolved team: Dallas Cowboys to Dallas Cowboys
10-02 17:52:03: - Logging - 
Resolved team: Tennessee Titans to Tennessee Titans
10-02 17:52:03: - Logging - 
Resolved team: Philadelphia Eagles to Philadelphia Eagles
10-02 17:52:03: - Logging - 
Resolved team: New York Jets to New York Jets
10-02 17:52:03: - Logging - 
Resolved team: Buffalo Bills to Buffalo Bills
10-02 17:52:03: - Logging - 
Resolved team: Seattle Seahawks to Seattle Seahawks
10-02 17:52:03: - Logging - 
Resolved team: New York Giants to New York Giants
10-02 17:52:03: - Logging - 
Resolved team: Los Angeles Chargers to Los Angeles Chargers
10-02 17:54:29: - Logging - 
Resolved team: chiefs to Kansas City Chiefs
10-02 17:55:06: - Logging - 
Resolved team: chiefs to Kansas City Chiefs
10-02 17:55:21: - Logging - 
Resolved team: Kansas City Chiefs to Kansas City Chiefs
10-02 17:56:24: - Logging - 
Resolved team: chiefs to Kansas City Chiefs
10-02 17:56:44: - Logging - 
Resolved team: Chiefs to Kansas City Chiefs
10-02 17:57:08: - Logging - 
Resolved team: Chiefs to Kansas City Chiefs
10-02 18:00:50: - Logging - 
Resolved team: Panthers to Carolina Panthers
10-02 18:01:59: - Logging - 
Resolved team: Panthers to Carolina Panthers
10-02 18:02:40: - Logging - 
Resolved team: Green Bay Packers to Green Bay Packers
10-02 18:48:23: - Logging - 
Resolved team: raiders to Las Vegas Raiders
10-02 18:48:29: - Logging - 
Resolved team: 49ers to San Francisco 49ers
10-02 18:48:48: - Logging - 
Resolved team: San Fransicso 49ers to San Francisco 49ers
10-02 21:57:54: - Logging - 
Resolved team: chargers to Los Angeles Chargers
10-02 21:58:40: - Logging - 
Resolved team: raiders to Las Vegas Raiders
10-02 21:58:55: - Logging - 
Resolved team: texans to Houston Texans
10-02 22:01:13: - Logging - 
Resolved team: Los Angeles Chargers to Los Angeles Chargers
10-02 22:02:00: - Logging - 
Resolved team: Arizona Cardinals to Arizona Cardinals
10-02 22:04:01: - Logging - 
Resolved team: Arizona Cardinals to Arizona Cardinals
10-02 22:04:01: - Logging - 
Resolved team: Green Bay Packers to Green Bay Packers
10-02 22:04:01: - Logging - 
Resolved team: Las Vegas Raiders to Las Vegas Raiders
10-02 22:06:01: - Logging - 
Resolved team: Arizona Cardinals to Arizona Cardinals
10-02 22:06:01: - Logging - 
Resolved team: Green Bay Packers to Green Bay Packers
10-02 22:06:01: - Logging - 
Resolved team: Las Vegas Raiders to Las Vegas Raiders
10-02 22:08:01: - Logging - 
Resolved team: Arizona Cardinals to Arizona Cardinals
10-02 22:08:01: - Logging - 
Resolved team: Green Bay Packers to Green Bay Packers
10-02 22:08:01: - Logging - 
Resolved team: Las Vegas Raiders to Las Vegas Raiders
10-02 22:10:04: - Logging - 
Resolved team: Arizona Cardinals to Arizona Cardinals
10-02 22:10:04: - Logging - 
Resolved team: Green Bay Packers to Green Bay Packers
10-02 22:10:04: - Logging - 
Resolved team: Las Vegas Raiders to Las Vegas Raiders
10-02 22:14:01: - Logging - 
Resolved team: Arizona Cardinals to Arizona Cardinals
10-02 22:14:01: - Logging - 
Resolved team: Green Bay Packers to Green Bay Packers
10-02 22:14:01: - Logging - 
Resolved team: Las Vegas Raiders to Las Vegas Raiders
10-02 22:16:00: - Logging - 
Resolved team: Arizona Cardinals to Arizona Cardinals
10-02 22:16:00: - Logging - 
Resolved team: Green Bay Packers to Green Bay Packers
10-02 22:16:00: - Logging - 
Resolved team: Las Vegas Raiders to Las Vegas Raiders
10-02 22:18:01: - Logging - 
Resolved team: Arizona Cardinals to Arizona Cardinals
10-02 22:18:01: - Logging - 
Resolved team: Green Bay Packers to Green Bay Packers
10-02 22:18:01: - Logging - 
Resolved team: Las Vegas Raiders to Las Vegas Raiders
10-02 22:20:02: - Logging - 
Resolved team: Arizona Cardinals to Arizona Cardinals
10-02 22:22:01: - Logging - 
Resolved team: Arizona Cardinals to Arizona Cardinals
10-02 22:22:01: - Logging - 
Resolved team: Green Bay Packers to Green Bay Packers
10-02 22:22:01: - Logging - 
Resolved team: Las Vegas Raiders to Las Vegas Raiders
10-02 23:47:19: - Logging - 
Resolved team: Cardinals to Arizona Cardinals
10-02 23:51:28: - Logging - 
Resolved team: Arizona Carindals to Arizona Cardinals
10-02 23:51:28: - Logging - 
Resolved team: Las Vegas Raiders to Las Vegas Raiders
10-03 00:09:31: - Logging - 
Resolved team: Arizona Carindals to Arizona Cardinals
10-03 00:09:31: - Logging - 
Resolved team: Las Vegas Raiders to Las Vegas Raiders
10-03 00:18:42: - Logging - 
Resolved team: Arizona Carindals to Arizona Cardinals
10-03 00:22:09: - Logging - 
Resolved team: Arizona Carindals to Arizona Cardinals
10-03 00:22:09: - Logging - 
Resolved team: Las Vegas Raiders to Las Vegas Raiders
10-03 00:30:07: - Logging - 
Resolved team: Arizona Carindals to Arizona Cardinals
10-03 00:30:07: - Logging - 
Resolved team: Las Vegas Raiders to Las Vegas Raiders
10-03 00:31:40: - Logging - 
Resolved team: Arizona Carindals to Arizona Cardinals
10-03 00:31:40: - Logging - 
Resolved team: Las Vegas Raiders to Las Vegas Raiders
10-03 00:34:17: - Logging - 
Resolved team: Arizona Carindals to Arizona Cardinals
10-03 00:34:17: - Logging - 
Resolved team: Las Vegas Raiders to Las Vegas Raiders
10-03 00:38:22: - Logging - 
Resolved team: Arizona Carindals to Arizona Cardinals
10-03 00:38:23: - Logging - 
Resolved team: Las Vegas Raiders to Las Vegas Raiders
10-03 00:42:54: - Logging - 
Resolved team: Arizona Carindals to Arizona Cardinals
10-03 00:42:54: - Logging - 
Resolved team: Las Vegas Raiders to Las Vegas Raiders
10-03 01:10:54: - Logging - 
Resolved team: Arizona Carindals to Arizona Cardinals
10-03 01:10:54: - Logging - 
Resolved team: Las Vegas Raiders to Las Vegas Raiders
10-03 01:12:21: - Logging - 
Resolved team: Arizona Carindals to Arizona Cardinals
10-03 01:12:21: - Logging - 
Resolved team: Las Vegas Raiders to Las Vegas Raiders
10-03 01:15:55: - Logging - 
Resolved team: Arizona Carindals to Arizona Cardinals
10-03 01:15:55: - Logging - 
Resolved team: Las Vegas Raiders to Las Vegas Raiders
10-03 01:17:02: - Logging - 
Resolved team: Arizona Carindals to Arizona Cardinals
10-03 01:18:52: - Logging - 
Resolved team: Arizona Carindals to Arizona Cardinals
10-03 01:23:11: - Logging - 
Resolved team: Arizona Carindals to Arizona Cardinals
10-03 01:23:11: - Logging - 
Resolved team: Las Vegas Raiders to Las Vegas Raiders
10-03 01:27:32: - Logging - 
Resolved team: Arizona Carindals to Arizona Cardinals
10-03 01:27:32: - Logging - 
Resolved team: Arizona Carindals to Arizona Cardinals
10-03 01:27:32: - Logging - 
Resolved team: Las Vegas Raiders to Las Vegas Raiders
10-03 01:30:19: - Logging - 
Resolved team: Arizona Carindals to Arizona Cardinals
10-03 01:30:19: - Logging - 
Resolved team: Las Vegas Raiders to Las Vegas Raiders
10-03 01:33:30: - Logging - 
Resolved team: Arizona Carindals to Arizona Cardinals
10-03 01:33:31: - Logging - 
Resolved team: Las Vegas Raiders to Las Vegas Raiders
10-03 01:35:40: - Logging - 
Resolved team: Arizona Carindals to Arizona Cardinals
10-03 01:35:40: - Logging - 
Resolved team: Arizona Carindals to Arizona Cardinals
10-03 01:35:40: - Logging - 
Resolved team: Las Vegas Raiders to Las Vegas Raiders
10-03 01:38:07: - Logging - 
Resolved team: Arizona Carindals to Arizona Cardinals
10-03 01:40:03: - Logging - 
Resolved team: Arizona Carindals to Arizona Cardinals
10-03 01:40:53: - Logging - 
Resolved team: Arizona Carindals to Arizona Cardinals
10-03 01:41:53: - Logging - 
Resolved team: Las Vegas Raiders to Las Vegas Raiders
10-03 01:45:05: - Logging - 
Resolved team: Arizona Carindals to Arizona Cardinals
10-03 01:45:05: - Logging - 
Resolved team: Las Vegas Raiders to Las Vegas Raiders
10-03 01:46:41: - Logging - 
Resolved team: Arizona Carindals to Arizona Cardinals
10-03 01:46:41: - Logging - 
Resolved team: Las Vegas Raiders to Las Vegas Raiders
10-03 01:56:02: - Logging - 
Resolved team: Arizona Carindals to Arizona Cardinals
10-03 01:57:14: - Logging - 
Resolved team: Arizona Carindals to Arizona Cardinals
10-03 01:57:14: - Logging - 
Resolved team: Las Vegas Raiders to Las Vegas Raiders
10-03 01:59:39: - Logging - 
Resolved team: Arizona Carindals to Arizona Cardinals
10-03 01:59:39: - Logging - 
Resolved team: Las Vegas Raiders to Las Vegas Raiders
10-03 02:03:35: - Logging - 
Resolved team: Arizona Carindals to Arizona Cardinals
10-03 02:03:35: - Logging - 
Resolved team: Arizona Carindals to Arizona Cardinals
10-03 02:03:35: - Logging - 
Resolved team: Las Vegas Raiders to Las Vegas Raiders
10-03 02:04:39: - Logging - 
Resolved team: Arizona Carindals to Arizona Cardinals
10-03 02:05:23: - Logging - 
Resolved team: Las Vegas Raiders to Las Vegas Raiders
10-03 02:06:48: - Logging - 
Resolved team: Arizona Carindals to Arizona Cardinals
10-03 02:06:48: - Logging - 
Resolved team: Las Vegas Raiders to Las Vegas Raiders
10-03 02:07:21: - Logging - 
Resolved team: Arizona Carindals to Arizona Cardinals
10-03 02:07:21: - Logging - 
Resolved team: Las Vegas Raiders to Las Vegas Raiders
10-03 02:12:07: - Logging - 
Resolved team: Arizona Carindals to Arizona Cardinals
10-03 02:12:07: - Logging - 
Resolved team: Las Vegas Raiders to Las Vegas Raiders
10-03 02:21:08: - Logging - 
Resolved team: Arizona Carindals to Arizona Cardinals
10-03 02:21:08: - Logging - 
Resolved team: Las Vegas Raiders to Las Vegas Raiders
10-03 02:23:11: - Logging - 
Resolved team: Las Vegas Raiders to Las Vegas Raiders
10-03 02:23:11: - Logging - 
Resolved team: Arizona Carindals to Arizona Cardinals
10-03 02:23:48: - Logging - 
Resolved team: Las Vegas Raiders to Las Vegas Raiders
10-03 02:24:15: - Logging - 
Resolved team: Las Vegas Raiders to Las Vegas Raiders
10-03 02:24:15: - Logging - 
Resolved team: Arizona Carindals to Arizona Cardinals
10-03 02:24:46: - Logging - 
Resolved team: Las Vegas Raiders to Las Vegas Raiders
10-03 02:24:46: - Logging - 
Resolved team: Arizona Carindals to Arizona Cardinals
10-03 02:26:39: - Logging - 
Resolved team: Las Vegas Raiders to Las Vegas Raiders
10-03 02:26:39: - Logging - 
Resolved team: Arizona Carindals to Arizona Cardinals
10-03 02:28:37: - Logging - 
Resolved team: Las Vegas Raiders to Las Vegas Raiders
10-03 02:28:37: - Logging - 
Resolved team: Arizona Carindals to Arizona Cardinals
10-03 02:31:14: - Logging - 
Resolved team: Las Vegas Raiders to Las Vegas Raiders
10-03 02:31:14: - Logging - 
Resolved team: Arizona Carindals to Arizona Cardinals
10-03 02:31:50: - Logging - 
Resolved team: Las Vegas Raiders to Las Vegas Raiders
10-03 02:31:50: - Logging - 
Resolved team: Arizona Carindals to Arizona Cardinals
10-03 02:32:17: - Logging - 
Resolved team: Las Vegas Raiders to Las Vegas Raiders
10-03 02:32:17: - Logging - 
Resolved team: Arizona Carindals to Arizona Cardinals
10-03 02:35:18: - Logging - 
Resolved team: Las Vegas Raiders to Las Vegas Raiders
10-03 02:35:18: - Logging - 
Resolved team: Arizona Carindals to Arizona Cardinals
10-03 02:35:45: - Logging - 
Resolved team: Las Vegas Raiders to Las Vegas Raiders
10-03 02:35:45: - Logging - 
Resolved team: Arizona Carindals to Arizona Cardinals
10-03 02:37:39: - Logging - 
Resolved team: Las Vegas Raiders to Las Vegas Raiders
10-03 02:37:40: - Logging - 
Resolved team: Arizona Carindals to Arizona Cardinals
10-03 16:09:13: - Logging - 
Resolved team: rams to Los Angeles Rams
10-03 16:09:53: - Logging - 
Resolved team: rams to Los Angeles Rams
10-03 16:10:26: - Logging - 
Resolved team: rams to Los Angeles Rams
10-03 19:49:45: - Logging - 
Resolved team: rams to Los Angeles Rams
10-03 23:05:04: - Logging - 
Resolved team: Los Angeles Rams to Los Angeles Rams
10-03 23:15:02: - Logging - 
Resolved team: Los Angeles Rams to Los Angeles Rams
10-03 23:20:03: - Logging - 
Resolved team: Los Angeles Rams to Los Angeles Rams
10-03 23:25:00: - Logging - 
Resolved team: Los Angeles Rams to Los Angeles Rams
10-03 23:30:01: - Logging - 
Resolved team: Los Angeles Rams to Los Angeles Rams
10-03 23:35:04: - Logging - 
Resolved team: Los Angeles Rams to Los Angeles Rams
10-03 23:40:00: - Logging - 
Resolved team: Los Angeles Rams to Los Angeles Rams
10-03 23:45:01: - Logging - 
Resolved team: Los Angeles Rams to Los Angeles Rams
10-03 23:50:04: - Logging - 
Resolved team: Los Angeles Rams to Los Angeles Rams
10-03 23:55:00: - Logging - 
Resolved team: Los Angeles Rams to Los Angeles Rams
10-04 00:47:09: - Logging - 
Resolved team: rams to Los Angeles Rams
10-04 00:48:10: - Logging - 
Resolved team: rams to Los Angeles Rams
10-04 01:45:01: - Logging - 
Resolved team: Los Angeles Rams to Los Angeles Rams
10-04 01:47:23: - Logging - 
Resolved team: rams to Los Angeles Rams
10-04 01:48:00: - Logging - 
Resolved team: Los Angeles Rams to Los Angeles Rams
10-04 01:50:31: - Logging - 
Resolved team: rams to Los Angeles Rams
10-04 01:55:00: - Logging - 
Resolved team: San Francisco 49ers to San Francisco 49ers
10-04 01:55:31: - Logging - 
Resolved team: rams to Los Angeles Rams
10-04 01:56:00: - Logging - 
Resolved team: San Francisco 49ers to San Francisco 49ers
10-04 02:20:04: - Logging - 
Resolved team: San Francisco 49ers to San Francisco 49ers
10-04 02:23:30: - Logging - 
Resolved team: washington to Washington Commanders
10-04 02:50:01: - Logging - 
Resolved team: Minnesota Vikings to Minnesota Vikings
10-08 16:44:45: - Logging - 
Resolved team: cowboys to Dallas Cowboys
10-08 16:44:55: - Logging - 
Resolved team: ravens to Baltimore Ravens
10-11 12:16:01: - Logging - 
Resolved team: patriots to New England Patriots
10-11 12:16:26: - Logging - 
Resolved team: patriots to New England Patriots
10-16 15:58:01: - Logging - 
Resolved team: Atlanta Falcons to Atlanta Falcons
10-16 16:14:50: - Logging - 
Unable to resolve team: Cleveland Browns
10-16 16:16:31: - Logging - 
Resolved team: browns to Cleveland Browns
10-16 16:16:37: - Logging - 
Resolved team: eagles to Philadelphia Eagles
10-16 16:16:47: - Logging - 
Resolved team: chiefs to Kansas City Chiefs
10-16 17:44:00: - Logging - 
Resolved team: Minnesota Vikings to Minnesota Vikings
10-16 17:44:00: - Logging - 
Resolved team: Pittsburgh Steelers to Pittsburgh Steelers
10-16 17:44:00: - Logging - 
Resolved team: Indianapolis Colts to Indianapolis Colts
10-16 17:44:01: - Logging - 
Resolved team: New York Jets to New York Jets
10-16 17:44:01: - Logging - 
Resolved team: New York Giants to New York Giants
10-16 17:44:01: - Logging - 
Resolved team: Cincinnati Bengals to Cincinnati Bengals
10-16 17:44:01: - Logging - 
Resolved team: New England Patriots to New England Patriots
10-17 10:37:29: --------    -------- 
Unable to resolve team: 76ers
--------    --------
10-17 10:37:54: --------    -------- 
Unable to resolve team: 76ers
--------    --------
10-17 10:38:51: --------    -------- 
Unable to resolve team: 76ers
--------    --------
10-17 10:39:48: --------    -------- 
Unable to resolve team: WARRIORS
--------    --------
10-17 10:44:30: --------    -------- 
Resolved team: 76ers to Carolina Panthers
--------    --------
10-17 10:45:14: --------    -------- 
Resolved team: 76ers to Philadelphia 76ers
--------    --------
10-19 13:47:59: --------    -------- 
Resolved team: wizards to Washington Commanders
--------    --------
10-19 13:52:35: --------    -------- 
Resolved team: wizards to Washington Wizards
--------    --------
10-19 14:01:49: --------    -------- 
Resolved team: wizards to Washington Wizards
--------    --------
10-19 14:02:49: --------    -------- 
Resolved team: wizards to Washington Wizards
--------    --------
10-19 18:51:04: --------    -------- 
Resolved team: spurs to San Antonio Spurs
--------    --------
10-19 18:52:17: --------    -------- 
Resolved team: spurs to San Antonio Spurs
--------    --------
10-20 12:08:47: --------    -------- 
Resolved team: bucks to Milwaukee Bucks
--------    --------
10-20 12:13:50: --------    -------- 
Resolved team: bucks to Milwaukee Bucks
--------    --------
10-20 12:16:31: --------    -------- 
Resolved team: bucks to Milwaukee Bucks
--------    --------
10-20 13:07:12: --------    -------- 
Resolved team: bucks to Milwaukee Bucks
--------    --------
10-20 13:08:52: --------    -------- 
Resolved team: bucks to Milwaukee Bucks
--------    --------
10-20 13:14:10: --------    -------- 
Resolved team: bucks to Milwaukee Bucks
--------    --------
10-20 14:16:09: --------    -------- 
Resolved team: clippers to Los Angeles Clippers
--------    --------
10-20 14:16:19: --------    -------- 
Resolved team: clippers to Los Angeles Clippers
--------    --------
10-20 14:16:34: --------    -------- 
Resolved team: clippers to Los Angeles Clippers
--------    --------
10-20 14:17:59: --------    -------- 
Resolved team: clippers to Los Angeles Clippers
--------    --------
10-20 14:19:20: --------    -------- 
Resolved team: clippers to Los Angeles Clippers
--------    --------
10-20 14:29:13: --------    -------- 
Resolved team: cardinals to Arizona Cardinals
--------    --------
10-20 14:29:56: --------    -------- 
Resolved team: cardinals to Arizona Cardinals
--------    --------
10-20 14:30:20: --------    -------- 
Resolved team: cardinals to Arizona Cardinals
--------    --------
10-20 14:59:59: --------    -------- 
Resolved team: bucks to Milwaukee Bucks
--------    --------
10-20 15:02:10: --------    -------- 
Resolved team: bucks to Milwaukee Bucks
--------    --------
10-20 15:03:10: --------    -------- 
Resolved team: bucks to Milwaukee Bucks
--------    --------
10-20 15:04:05: --------    -------- 
Resolved team: bucks to Milwaukee Bucks
--------    --------
10-20 15:05:13: --------    -------- 
Resolved team: bucks to Milwaukee Bucks
--------    --------
10-20 15:15:47: --------    -------- 
Resolved team: bucks to Milwaukee Bucks
--------    --------
10-20 15:18:41: --------    -------- 
Resolved team: bucks to Milwaukee Bucks
--------    --------
10-20 15:19:21: --------    -------- 
Resolved team: bucks to Milwaukee Bucks
--------    --------
10-20 15:19:36: --------    -------- 
Resolved team: bucks to Milwaukee Bucks
--------    --------
10-20 15:30:53: --------    -------- 
Resolved team: bucks to Milwaukee Bucks
--------    --------
10-20 15:31:04: --------    -------- 
Resolved team: bucks to Milwaukee Bucks
--------    --------
10-20 15:31:26: --------    -------- 
Resolved team: bucks to Milwaukee Bucks
--------    --------
10-20 15:31:50: --------    -------- 
Resolved team: bucks to Milwaukee Bucks
--------    --------
10-20 15:32:45: --------    -------- 
Resolved team: bucks to Milwaukee Bucks
--------    --------
10-20 15:33:18: --------    -------- 
Resolved team: bucks to Milwaukee Bucks
--------    --------
10-20 15:38:42: --------    -------- 
Resolved team: bucks to Milwaukee Bucks
--------    --------
10-20 15:42:06: --------    -------- 
Resolved team: bucks to Milwaukee Bucks
--------    --------
10-20 15:43:02: --------    -------- 
Resolved team: bucks to Milwaukee Bucks
--------    --------
10-20 15:43:09: --------    -------- 
Resolved team: bucks to Milwaukee Bucks
--------    --------
10-20 15:43:26: --------    -------- 
Resolved team: bucks to Milwaukee Bucks
--------    --------
10-20 15:45:32: --------    -------- 
Resolved team: bucks to Milwaukee Bucks
--------    --------
10-20 15:45:49: --------    -------- 
Resolved team: bucks to Milwaukee Bucks
--------    --------
10-20 15:46:10: --------    -------- 
Resolved team: bucks to Milwaukee Bucks
--------    --------
10-20 15:47:08: --------    -------- 
Resolved team: bucks to Milwaukee Bucks
--------    --------
10-20 15:47:33: --------    -------- 
Resolved team: bucks to Milwaukee Bucks
--------    --------
10-20 15:48:25: --------    -------- 
Resolved team: bucks to Milwaukee Bucks
--------    --------
10-20 20:40:00: --------    -------- 
Resolved team: cardinals to Arizona Cardinals
--------    --------
10-20 20:42:24: --------    -------- 
Resolved team: cardinals to Arizona Cardinals
--------    --------
10-21 01:35:02: --------    -------- 
Resolved team: Arizona Cardinals to Arizona Cardinals
--------    --------
10-21 01:44:01: --------    -------- 
Resolved team: cardinals to Arizona Cardinals
--------    --------
10-21 09:29:23: --------    -------- 
Resolved team: cardinals to Arizona Cardinals
--------    --------
10-21 09:29:34: --------    -------- 
Resolved team: cardinals to Arizona Cardinals
--------    --------
10-21 09:30:53: --------    -------- 
Resolved team: cardinals to Arizona Cardinals
--------    --------
10-21 09:31:26: --------    -------- 
Resolved team: cardinals to Arizona Cardinals
--------    --------
10-21 09:33:03: --------    -------- 
Resolved team: cardinals to Arizona Cardinals
--------    --------
10-21 23:27:01: --------    -------- 
Resolved team: Arizona Cardinals to Arizona Cardinals
--------    --------
10-23 00:03:28: --------    -------- 
Resolved team: pistons to Detroit Pistons
--------    --------
10-23 11:08:59: --------    -------- 
Resolved team: falcons to Atlanta Falcons
--------    --------
10-23 11:09:19: --------    -------- 
Resolved team: falcons to Atlanta Falcons
--------    --------
10-23 11:10:02: --------    -------- 
Resolved team: falcons to Atlanta Falcons
--------    --------
10-23 11:10:40: --------    -------- 
Resolved team: falcons to Atlanta Falcons
--------    --------
10-23 11:12:29: --------    -------- 
Resolved team: falcons to Atlanta Falcons
--------    --------
10-23 11:13:08: --------    -------- 
Resolved team: falcons to Atlanta Falcons
--------    --------
10-23 11:17:29: --------    -------- 
Resolved team: falcons to Atlanta Falcons
--------    --------
10-23 11:18:14: --------    -------- 
Resolved team: falcons to Atlanta Falcons
--------    --------
10-23 11:20:06: --------    -------- 
Resolved team: falcons to Atlanta Falcons
--------    --------
10-23 11:20:48: --------    -------- 
Resolved team: falcons to Atlanta Falcons
--------    --------
10-23 11:22:05: --------    -------- 
Resolved team: falcons to Atlanta Falcons
--------    --------
10-23 11:22:29: --------    -------- 
Resolved team: falcons to Atlanta Falcons
--------    --------
10-23 11:23:30: --------    -------- 
Resolved team: falcons to Atlanta Falcons
--------    --------
10-23 11:24:30: --------    -------- 
Resolved team: falcons to Atlanta Falcons
--------    --------
10-23 11:48:29: --------    -------- 
Resolved team: falcons to Atlanta Falcons
--------    --------
10-23 11:48:51: --------    -------- 
Resolved team: falcons to Atlanta Falcons
--------    --------
10-23 20:37:20: --------    -------- 
Resolved team: chiefs to Kansas City Chiefs
--------    --------
10-23 20:40:02: --------    -------- 
Resolved team: Tennessee Titans to Tennessee Titans
--------    --------
10-23 20:40:02: --------    -------- 
Resolved team: Dallas Cowboys to Dallas Cowboys
--------    --------
10-23 20:40:02: --------    -------- 
Resolved team: Baltimore Ravens to Baltimore Ravens
--------    --------
10-23 20:40:02: --------    -------- 
Resolved team: Cincinnati Bengals to Cincinnati Bengals
--------    --------
10-23 20:40:02: --------    -------- 
Resolved team: Washington Commanders to Washington Commanders
--------    --------
10-23 20:40:02: --------    -------- 
Resolved team: Carolina Panthers to Carolina Panthers
--------    --------
10-23 20:40:02: --------    -------- 
Resolved team: New York Giants to New York Giants
--------    --------
10-23 20:40:02: --------    -------- 
Resolved team: Las Vegas Raiders to Las Vegas Raiders
--------    --------
10-23 20:40:02: --------    -------- 
Resolved team: New York Jets to New York Jets
--------    --------
10-23 20:40:02: --------    -------- 
Resolved team: Seattle Seahawks to Seattle Seahawks
--------    --------
10-23 20:40:02: --------    -------- 
Resolved team: Kansas City Chiefs to Kansas City Chiefs
--------    --------
10-23 21:12:59: --------    -------- 
Resolved team: chiefs to Kansas City Chiefs
--------    --------
10-23 21:16:01: --------    -------- 
Resolved team: Tennessee Titans to Tennessee Titans
--------    --------
10-23 21:16:01: --------    -------- 
Resolved team: Dallas Cowboys to Dallas Cowboys
--------    --------
10-23 21:16:01: --------    -------- 
Resolved team: Baltimore Ravens to Baltimore Ravens
--------    --------
10-23 21:16:01: --------    -------- 
Resolved team: Cincinnati Bengals to Cincinnati Bengals
--------    --------
10-23 21:16:01: --------    -------- 
Resolved team: Washington Commanders to Washington Commanders
--------    --------
10-23 21:16:01: --------    -------- 
Resolved team: Carolina Panthers to Carolina Panthers
--------    --------
10-23 21:16:01: --------    -------- 
Resolved team: New York Giants to New York Giants
--------    --------
10-23 21:16:01: --------    -------- 
Resolved team: Las Vegas Raiders to Las Vegas Raiders
--------    --------
10-23 21:16:01: --------    -------- 
Resolved team: New York Jets to New York Jets
--------    --------
10-23 21:16:01: --------    -------- 
Resolved team: Seattle Seahawks to Seattle Seahawks
--------    --------
10-23 21:16:02: --------    -------- 
Resolved team: Kansas City Chiefs to Kansas City Chiefs
--------    --------
10-24 00:19:23: --------    -------- 
Resolved team: lakers to Los Angeles Lakers
--------    --------
10-24 00:19:42: --------    -------- 
Resolved team: lakers to Los Angeles Lakers
--------    --------
10-26 19:37:25: --------    -------- 
Resolved team: nets to Brooklyn Nets
--------    --------
10-26 19:41:29: --------    -------- 
Resolved team: nets to Brooklyn Nets
--------    --------
10-26 19:44:44: --------    -------- 
Resolved team: nets to Brooklyn Nets
--------    --------
10-26 19:44:55: --------    -------- 
Resolved team: nets to Brooklyn Nets
--------    --------
10-26 19:51:46: --------    -------- 
Resolved team: cavaliers to Cleveland Cavaliers
--------    --------
10-26 20:01:18: --------    -------- 
Resolved team: nets to Brooklyn Nets
--------    --------
10-26 20:01:40: --------    -------- 
Resolved team: bulls to Chicago Bulls
--------    --------
10-27 01:38:13: --------    -------- 
Resolved team: ravens to Baltimore Ravens
--------    --------
10-27 12:49:20: --------    -------- 
Resolved team: ravens to Baltimore Ravens
--------    --------
10-27 13:41:27: --------    -------- 
Resolved team: ravens to Baltimore Ravens
--------    --------
10-27 13:42:51: --------    -------- 
Resolved team: ravens to Baltimore Ravens
--------    --------
10-27 13:44:34: --------    -------- 
Resolved team: ravens to Baltimore Ravens
--------    --------
10-27 16:09:17: --------    -------- 
Resolved team: Oklahoma City Thunder to Oklahoma City Thunder
--------    --------
10-27 16:09:18: --------    -------- 
Resolved team: Atlanta Hawks to Atlanta Hawks
--------    --------
10-27 19:00:10: --------    -------- 
Resolved team: nets to Brooklyn Nets
--------    --------
10-28 08:12:55: --------    -------- 
Resolved team: mavericks to Dallas Mavericks
--------    --------
10-28 08:13:12: --------    -------- 
Resolved team: nets to Brooklyn Nets
--------    --------
10-28 08:14:32: --------    -------- 
Resolved team: nets to Brooklyn Nets
--------    --------
10-28 08:15:22: --------    -------- 
Resolved team: nets to Brooklyn Nets
--------    --------
10-31 19:03:02: --------    -------- 
Resolved team: nets to Brooklyn Nets
--------    --------
10-31 19:03:04: --------    -------- 
Resolved team: nets to Brooklyn Nets
--------    --------
11-01 12:05:01: --------    -------- 
Resolved team: miami to Miami Dolphins
--------    --------
11-01 12:18:05: --------    -------- 
Resolved team: browns to Cleveland Browns
--------    --------
11-01 12:19:58: --------    -------- 
Resolved team: rams to Los Angeles Rams
--------    --------
11-04 04:02:43: --------    -------- 
Resolved team: bengals to Cincinnati Bengals
--------    --------
11-04 04:03:27: --------    -------- 
Resolved team: bengals to Cincinnati Bengals
--------    --------
11-04 04:04:28: --------    -------- 
Resolved team: bengals to Cincinnati Bengals
--------    --------
11-04 04:14:52: --------    -------- 
Resolved team: bengals to Cincinnati Bengals
--------    --------
11-04 04:24:57: --------    -------- 
Resolved team: PACKERS to Green Bay Packers
--------    --------
11-05 04:11:47: --------    -------- 
Resolved team: rams to Los Angeles Rams
--------    --------
11-05 04:12:52: --------    -------- 
Resolved team: patriots to New England Patriots
--------    --------
11-05 04:13:47: --------    -------- 
Resolved team: patriots to New England Patriots
--------    --------
11-05 04:28:38: --------    -------- 
Resolved team: patriots to New England Patriots
--------    --------
11-05 04:29:40: --------    -------- 
Resolved team: patriots to New England Patriots
--------    --------
11-05 04:30:28: --------    -------- 
Resolved team: patriots to New England Patriots
--------    --------
11-05 04:42:13: --------    -------- 
Resolved team: patriots to New England Patriots
--------    --------
11-05 04:43:37: --------    -------- 
Resolved team: patriots to New England Patriots
--------    --------
11-05 04:50:54: --------    -------- 
Resolved team: patriots to New England Patriots
--------    --------
11-05 04:52:14: --------    -------- 
Resolved team: patriots to New England Patriots
--------    --------
11-05 04:54:45: --------    -------- 
Resolved team: patriots to New England Patriots
--------    --------
11-05 04:55:13: --------    -------- 
Resolved team: patriots to New England Patriots
--------    --------
11-05 04:55:26: --------    -------- 
Resolved team: patriots to New England Patriots
--------    --------
11-05 04:55:59: --------    -------- 
Resolved team: patriots to New England Patriots
--------    --------
11-05 04:56:05: --------    -------- 
Resolved team: patriots to New England Patriots
--------    --------
11-05 05:00:00: --------    -------- 
Resolved team: patriots to New England Patriots
--------    --------
11-05 05:02:25: --------    -------- 
Resolved team: patriots to New England Patriots
--------    --------
11-05 05:41:49: --------    -------- 
Resolved team: rockets to Houston Rockets
--------    --------
11-05 05:55:36: --------    -------- 
Resolved team: rockets to Houston Rockets
--------    --------
11-05 05:56:21: --------    -------- 
Resolved team: rockets to Houston Rockets
--------    --------
11-05 06:01:09: --------    -------- 
Resolved team: suns to Phoenix Suns
--------    --------
11-05 10:24:54: --------    -------- 
Resolved team: jaguars to Jacksonville Jaguars
--------    --------
11-11 13:48:55: --------    -------- 
Resolved team: falcons to Atlanta Falcons
--------    --------
11-11 14:22:13: --------    -------- 
Resolved team: falcons to Atlanta Falcons
--------    --------
11-11 14:23:45: --------    -------- 
Resolved team: chargers to Los Angeles Chargers
--------    --------
11-11 14:24:05: --------    -------- 
Resolved team: eagles to Philadelphia Eagles
--------    --------
11-11 19:48:20: --------    -------- 
Resolved team: grizzlies to Memphis Grizzlies
--------    --------
11-22 07:59:49: --------    -------- 
Resolved team: suns to Phoenix Suns
--------    --------
11-22 08:03:24: --------    -------- 
Resolved team: suns to Phoenix Suns
--------    --------
11-24 16:09:32: --------    -------- 
Resolved team: giants to New York Giants
--------    --------
11-24 16:10:00: --------    -------- 
Resolved team: eagkes to Philadelphia Eagles
--------    --------
11-24 16:10:37: --------    -------- 
Resolved team: cardinals to Arizona Cardinals
--------    --------
11-24 16:10:41: --------    -------- 
Resolved team: cardinals to Arizona Cardinals
--------    --------
11-24 16:11:31: --------    -------- 
Resolved team: cardinals to Arizona Cardinals
--------    --------
11-24 16:14:34: --------    -------- 
Resolved team: cardinals to Arizona Cardinals
--------    --------
11-24 17:03:00: --------    -------- 
Resolved team: clippers to Los Angeles Clippers
--------    --------
11-25 03:14:38: --------    -------- 
Resolved team: falcons to Atlanta Falcons
--------    --------
11-25 03:15:32: --------    -------- 
Resolved team: falcons to Atlanta Falcons
--------    --------
11-25 03:15:51: --------    -------- 
Resolved team: falcons to Atlanta Falcons
--------    --------
11-25 03:16:45: --------    -------- 
Resolved team: falcons to Atlanta Falcons
--------    --------
11-25 03:17:47: --------    -------- 
Resolved team: falcons to Atlanta Falcons
--------    --------
11-25 03:21:23: --------    -------- 
Resolved team: falcons to Atlanta Falcons
--------    --------
