10-24 09:28:01: --------    -------- 
Unable to find a matchup matchup / ID for Philadelphia 76ers vs. San Antonio Spurs
--------    --------
10-24 09:28:01: --------    -------- 
Unable to find a matchup matchup / ID for Indiana Pacers vs. Detroit Pistons
--------    --------
10-24 09:28:01: --------    -------- 
Unable to find a matchup matchup / ID for Orlando Magic vs. Boston Celtics
--------    --------
10-24 09:29:01: --------    -------- 
Unable to find a matchup matchup / ID for Philadelphia 76ers vs. San Antonio Spurs
--------    --------
10-24 09:29:01: --------    -------- 
Unable to find a matchup matchup / ID for Indiana Pacers vs. Detroit Pistons
--------    --------
10-24 09:29:01: --------    -------- 
Unable to find a matchup matchup / ID for Orlando Magic vs. Boston Celtics
--------    --------
10-24 09:30:03: --------    -------- 
Unable to find a matchup matchup / ID for Philadelphia 76ers vs. San Antonio Spurs
--------    --------
10-24 09:30:03: --------    -------- 
Unable to find a matchup matchup / ID for Indiana Pacers vs. Detroit Pistons
--------    --------
10-24 09:30:03: --------    -------- 
Unable to find a matchup matchup / ID for Orlando Magic vs. Boston Celtics
--------    --------
10-24 14:37:01: --------    -------- 
Unable to find a matchup matchup / ID for Philadelphia 76ers vs. San Antonio Spurs
--------    --------
10-24 14:38:01: --------    -------- 
Unable to find a matchup matchup / ID for Philadelphia 76ers vs. San Antonio Spurs
--------    --------
10-24 14:39:01: --------    -------- 
Unable to find a matchup matchup / ID for Philadelphia 76ers vs. San Antonio Spurs
--------    --------
10-24 14:44:01: --------    -------- 
Unable to find a matchup matchup / ID for Philadelphia 76ers vs. San Antonio Spurs
--------    --------
10-24 14:45:01: --------    -------- 
Unable to find a matchup matchup / ID for Philadelphia 76ers vs. San Antonio Spurs
--------    --------
10-24 14:46:01: --------    -------- 
Unable to find a matchup matchup / ID for Philadelphia 76ers vs. San Antonio Spurs
--------    --------
10-24 14:47:01: --------    -------- 
Unable to find a matchup matchup / ID for Philadelphia 76ers vs. San Antonio Spurs
--------    --------
10-24 14:48:01: --------    -------- 
Unable to find a matchup matchup / ID for Philadelphia 76ers vs. San Antonio Spurs
--------    --------
10-24 14:49:01: --------    -------- 
Unable to find a matchup matchup / ID for Philadelphia 76ers vs. San Antonio Spurs
--------    --------
10-24 14:50:01: --------    -------- 
Unable to find a matchup matchup / ID for Philadelphia 76ers vs. San Antonio Spurs
--------    --------
10-24 14:51:01: --------    -------- 
Unable to find a matchup matchup / ID for Philadelphia 76ers vs. San Antonio Spurs
--------    --------
10-24 14:52:00: --------    -------- 
Unable to find a matchup matchup / ID for Philadelphia 76ers vs. San Antonio Spurs
--------    --------
10-24 14:53:00: --------    -------- 
Unable to find a matchup matchup / ID for Philadelphia 76ers vs. San Antonio Spurs
--------    --------
10-24 14:54:00: --------    -------- 
Unable to find a matchup matchup / ID for Philadelphia 76ers vs. San Antonio Spurs
--------    --------
10-24 14:55:00: --------    -------- 
Unable to find a matchup matchup / ID for Philadelphia 76ers vs. San Antonio Spurs
--------    --------
10-24 14:56:00: --------    -------- 
Unable to find a matchup matchup / ID for Philadelphia 76ers vs. San Antonio Spurs
--------    --------
10-24 14:57:00: --------    -------- 
Unable to find a matchup matchup / ID for Philadelphia 76ers vs. San Antonio Spurs
--------    --------
10-24 14:58:00: --------    -------- 
Unable to find a matchup matchup / ID for Philadelphia 76ers vs. San Antonio Spurs
--------    --------
10-24 14:59:00: --------    -------- 
Unable to find a matchup matchup / ID for Philadelphia 76ers vs. San Antonio Spurs
--------    --------
10-24 15:00:01: --------    -------- 
Unable to find a matchup matchup / ID for Philadelphia 76ers vs. San Antonio Spurs
--------    --------
10-24 15:01:01: --------    -------- 
Unable to find a matchup matchup / ID for Philadelphia 76ers vs. San Antonio Spurs
--------    --------
10-24 15:02:01: --------    -------- 
Unable to find a matchup matchup / ID for Philadelphia 76ers vs. San Antonio Spurs
--------    --------
10-24 15:03:01: --------    -------- 
Unable to find a matchup matchup / ID for Philadelphia 76ers vs. San Antonio Spurs
--------    --------
10-24 15:04:01: --------    -------- 
Unable to find a matchup matchup / ID for Philadelphia 76ers vs. San Antonio Spurs
--------    --------
10-24 15:05:01: --------    -------- 
Unable to find a matchup matchup / ID for Philadelphia 76ers vs. San Antonio Spurs
--------    --------
10-24 15:06:01: --------    -------- 
Unable to find a matchup matchup / ID for Philadelphia 76ers vs. San Antonio Spurs
--------    --------
10-24 15:07:01: --------    -------- 
Unable to find a matchup matchup / ID for Philadelphia 76ers vs. San Antonio Spurs
--------    --------
10-24 15:08:01: --------    -------- 
Unable to find a matchup matchup / ID for Philadelphia 76ers vs. San Antonio Spurs
--------    --------
10-24 15:09:01: --------    -------- 
Unable to find a matchup matchup / ID for Philadelphia 76ers vs. San Antonio Spurs
--------    --------
10-24 15:10:00: --------    -------- 
Unable to find a matchup matchup / ID for Philadelphia 76ers vs. San Antonio Spurs
--------    --------
10-24 15:11:00: --------    -------- 
Unable to find a matchup matchup / ID for Philadelphia 76ers vs. San Antonio Spurs
--------    --------
10-24 15:12:00: --------    -------- 
Unable to find a matchup matchup / ID for Philadelphia 76ers vs. San Antonio Spurs
--------    --------
10-24 15:13:00: --------    -------- 
Unable to find a matchup matchup / ID for Philadelphia 76ers vs. San Antonio Spurs
--------    --------
10-24 15:14:00: --------    -------- 
Unable to find a matchup matchup / ID for Philadelphia 76ers vs. San Antonio Spurs
--------    --------
10-24 15:15:00: --------    -------- 
Unable to find a matchup matchup / ID for Philadelphia 76ers vs. San Antonio Spurs
--------    --------
10-24 15:16:01: --------    -------- 
Unable to find a matchup matchup / ID for Philadelphia 76ers vs. San Antonio Spurs
--------    --------
10-24 15:17:01: --------    -------- 
Unable to find a matchup matchup / ID for Philadelphia 76ers vs. San Antonio Spurs
--------    --------
10-24 15:18:01: --------    -------- 
Unable to find a matchup matchup / ID for Philadelphia 76ers vs. San Antonio Spurs
--------    --------
10-24 15:19:01: --------    -------- 
Unable to find a matchup matchup / ID for Philadelphia 76ers vs. San Antonio Spurs
--------    --------
10-24 15:20:01: --------    -------- 
Unable to find a matchup matchup / ID for Philadelphia 76ers vs. San Antonio Spurs
--------    --------
10-24 15:21:01: --------    -------- 
Unable to find a matchup matchup / ID for Philadelphia 76ers vs. San Antonio Spurs
--------    --------
10-24 15:22:01: --------    -------- 
Unable to find a matchup matchup / ID for Philadelphia 76ers vs. San Antonio Spurs
--------    --------
10-24 15:23:01: --------    -------- 
Unable to find a matchup matchup / ID for Philadelphia 76ers vs. San Antonio Spurs
--------    --------
10-24 15:24:01: --------    -------- 
Unable to find a matchup matchup / ID for Philadelphia 76ers vs. San Antonio Spurs
--------    --------
10-24 15:25:01: --------    -------- 
Unable to find a matchup matchup / ID for Philadelphia 76ers vs. San Antonio Spurs
--------    --------
10-24 15:26:01: --------    -------- 
Unable to find a matchup matchup / ID for Philadelphia 76ers vs. San Antonio Spurs
--------    --------
10-24 15:27:01: --------    -------- 
Unable to find a matchup matchup / ID for Philadelphia 76ers vs. San Antonio Spurs
--------    --------
10-24 15:28:00: --------    -------- 
Unable to find a matchup matchup / ID for Philadelphia 76ers vs. San Antonio Spurs
--------    --------
10-24 15:29:00: --------    -------- 
Unable to find a matchup matchup / ID for Philadelphia 76ers vs. San Antonio Spurs
--------    --------
10-24 15:30:00: --------    -------- 
Unable to find a matchup matchup / ID for Philadelphia 76ers vs. San Antonio Spurs
--------    --------
10-24 15:31:00: --------    -------- 
Unable to find a matchup matchup / ID for Philadelphia 76ers vs. San Antonio Spurs
--------    --------
10-24 15:32:00: --------    -------- 
Unable to find a matchup matchup / ID for Philadelphia 76ers vs. San Antonio Spurs
--------    --------
11-05 21:57:45: --------    -------- 
[checkCompleted.js] Error closing won bets for Brooklyn Nets || No match found for Brooklyn Nets
--------    --------
11-05 21:57:45: --------    -------- 
[checkCompleted.js] Error closing lost bets for Washington Wizards || No match found for Washington Wizards
--------    --------
11-05 21:57:45: --------    -------- 
[checkCompleted.js] Error closing won bets for Milwaukee Bucks || No match found for Milwaukee Bucks
--------    --------
11-05 21:59:51: --------    -------- 
[checkCompleted.js] Error closing won bets for Brooklyn Nets || No match found for Brooklyn Nets
--------    --------
11-05 21:59:51: --------    -------- 
[checkCompleted.js] Error closing lost bets for Washington Wizards || No match found for Washington Wizards
--------    --------
11-05 21:59:51: --------    -------- 
[checkCompleted.js] Error closing won bets for Milwaukee Bucks || No match found for Milwaukee Bucks
--------    --------
