10-02 15:50:01: - Logging - 
== ERROR: == 
Unable to locate bets for Match ID: 1063 from the Database.
Likely, there are no bets for this match.
Please verify this is accurate in the databse [activebets table]
10-02 15:58:02: - Logging - 
== ERROR: == 
Unable to locate bets for Match ID: 1063 from the Database.
Likely, there are no bets for this match.
Please verify this is accurate in the databse [activebets table]
10-02 15:58:02: - Logging - 
== ERROR: == 
Unable to locate bets for Match ID: 993 from the Database.
Likely, there are no bets for this match.
Please verify this is accurate in the databse [activebets table]
10-02 15:58:02: - Logging - 
== ERROR: == 
Unable to locate bets for Match ID: 6439 from the Database.
Likely, there are no bets for this match.
Please verify this is accurate in the databse [activebets table]
10-02 16:00:01: - Logging - 
== ERROR: == 
Unable to locate bets for Match ID: 1063 from the Database.
Likely, there are no bets for this match.
Please verify this is accurate in the databse [activebets table]
10-02 16:00:01: - Logging - 
== ERROR: == 
Unable to locate bets for Match ID: 993 from the Database.
Likely, there are no bets for this match.
Please verify this is accurate in the databse [activebets table]
10-02 16:00:01: - Logging - 
== ERROR: == 
Unable to locate bets for Match ID: 6439 from the Database.
Likely, there are no bets for this match.
Please verify this is accurate in the databse [activebets table]
10-02 16:02:01: - Logging - 
== ERROR: == 
Unable to locate bets for Match ID: 1063 from the Database.
Likely, there are no bets for this match.
Please verify this is accurate in the databse [activebets table]
10-02 16:02:01: - Logging - 
== ERROR: == 
Unable to locate bets for Match ID: 993 from the Database.
Likely, there are no bets for this match.
Please verify this is accurate in the databse [activebets table]
10-02 16:02:01: - Logging - 
== ERROR: == 
Unable to locate bets for Match ID: 5598 from the Database.
Likely, there are no bets for this match.
Please verify this is accurate in the databse [activebets table]
10-02 16:02:01: - Logging - 
== ERROR: == 
Unable to locate bets for Match ID: 6439 from the Database.
Likely, there are no bets for this match.
Please verify this is accurate in the databse [activebets table]
10-02 16:04:01: - Logging - 
== ERROR: == 
Unable to locate bets for Match ID: 1063 from the Database.
Likely, there are no bets for this match.
Please verify this is accurate in the databse [activebets table]
10-02 16:04:01: - Logging - 
== ERROR: == 
Unable to locate bets for Match ID: 993 from the Database.
Likely, there are no bets for this match.
Please verify this is accurate in the databse [activebets table]
10-02 16:04:01: - Logging - 
== ERROR: == 
Unable to locate bets for Match ID: 6439 from the Database.
Likely, there are no bets for this match.
Please verify this is accurate in the databse [activebets table]
10-02 16:04:01: - Logging - 
== ERROR: == 
Unable to locate bets for Match ID: 5598 from the Database.
Likely, there are no bets for this match.
Please verify this is accurate in the databse [activebets table]
10-02 16:04:01: - Logging - 
== ERROR: == 
Unable to locate bets for Match ID: 7771 from the Database.
Likely, there are no bets for this match.
Please verify this is accurate in the databse [activebets table]
10-02 16:06:03: - Logging - 
== ERROR: == 
Unable to locate bets for Match ID: 993 from the Database.
Likely, there are no bets for this match.
Please verify this is accurate in the databse [activebets table]
10-02 16:06:03: - Logging - 
== ERROR: == 
Unable to locate bets for Match ID: 1063 from the Database.
Likely, there are no bets for this match.
Please verify this is accurate in the databse [activebets table]
10-02 16:06:03: - Logging - 
== ERROR: == 
Unable to locate bets for Match ID: 5598 from the Database.
Likely, there are no bets for this match.
Please verify this is accurate in the databse [activebets table]
10-02 16:06:03: - Logging - 
== ERROR: == 
Unable to locate bets for Match ID: 188 from the Database.
Likely, there are no bets for this match.
Please verify this is accurate in the databse [activebets table]
10-02 16:06:03: - Logging - 
== ERROR: == 
Unable to locate bets for Match ID: 6439 from the Database.
Likely, there are no bets for this match.
Please verify this is accurate in the databse [activebets table]
10-02 16:06:03: - Logging - 
== ERROR: == 
Unable to locate bets for Match ID: 7771 from the Database.
Likely, there are no bets for this match.
Please verify this is accurate in the databse [activebets table]
10-02 16:08:03: - Logging - 
== ERROR: == 
Unable to locate bets for Match ID: 993 from the Database.
Likely, there are no bets for this match.
Please verify this is accurate in the databse [activebets table]
10-02 16:08:03: - Logging - 
== ERROR: == 
Unable to locate bets for Match ID: 188 from the Database.
Likely, there are no bets for this match.
Please verify this is accurate in the databse [activebets table]
10-02 16:08:03: - Logging - 
== ERROR: == 
Unable to locate bets for Match ID: 1063 from the Database.
Likely, there are no bets for this match.
Please verify this is accurate in the databse [activebets table]
10-02 16:08:03: - Logging - 
== ERROR: == 
Unable to locate bets for Match ID: 6439 from the Database.
Likely, there are no bets for this match.
Please verify this is accurate in the databse [activebets table]
10-02 16:08:03: - Logging - 
== ERROR: == 
Unable to locate bets for Match ID: 7771 from the Database.
Likely, there are no bets for this match.
Please verify this is accurate in the databse [activebets table]
10-02 16:08:03: - Logging - 
== ERROR: == 
Unable to locate bets for Match ID: 5598 from the Database.
Likely, there are no bets for this match.
Please verify this is accurate in the databse [activebets table]
10-02 16:10:02: - Logging - 
== ERROR: == 
Unable to locate bets for Match ID: 1063 from the Database.
Likely, there are no bets for this match.
Please verify this is accurate in the databse [activebets table]
10-02 16:10:02: - Logging - 
== ERROR: == 
Unable to locate bets for Match ID: 993 from the Database.
Likely, there are no bets for this match.
Please verify this is accurate in the databse [activebets table]
10-02 16:10:02: - Logging - 
== ERROR: == 
Unable to locate bets for Match ID: 5598 from the Database.
Likely, there are no bets for this match.
Please verify this is accurate in the databse [activebets table]
10-02 16:10:02: - Logging - 
== ERROR: == 
Unable to locate bets for Match ID: 6439 from the Database.
Likely, there are no bets for this match.
Please verify this is accurate in the databse [activebets table]
10-02 16:10:02: - Logging - 
== ERROR: == 
Unable to locate bets for Match ID: 7771 from the Database.
Likely, there are no bets for this match.
Please verify this is accurate in the databse [activebets table]
10-02 16:10:02: - Logging - 
== ERROR: == 
Unable to locate bets for Match ID: 1208 from the Database.
Likely, there are no bets for this match.
Please verify this is accurate in the databse [activebets table]
10-02 16:10:02: - Logging - 
== ERROR: == 
Unable to locate bets for Match ID: 188 from the Database.
Likely, there are no bets for this match.
Please verify this is accurate in the databse [activebets table]
10-02 16:28:01: - Logging - 
== ERROR: == 
Unable to locate bets for Match ID: 993 from the Database.
Likely, there are no bets for this match.
Please verify this is accurate in the databse [activebets table]
10-02 16:28:01: - Logging - 
== ERROR: == 
Unable to locate bets for Match ID: 1208 from the Database.
Likely, there are no bets for this match.
Please verify this is accurate in the databse [activebets table]
10-02 16:28:01: - Logging - 
== ERROR: == 
Unable to locate bets for Match ID: 2903 from the Database.
Likely, there are no bets for this match.
Please verify this is accurate in the databse [activebets table]
10-02 16:28:01: - Logging - 
== ERROR: == 
Unable to locate bets for Match ID: 6439 from the Database.
Likely, there are no bets for this match.
Please verify this is accurate in the databse [activebets table]
10-02 16:28:01: - Logging - 
== ERROR: == 
Unable to locate bets for Match ID: 2901 from the Database.
Likely, there are no bets for this match.
Please verify this is accurate in the databse [activebets table]
10-02 16:28:01: - Logging - 
== ERROR: == 
Unable to locate bets for Match ID: 5598 from the Database.
Likely, there are no bets for this match.
Please verify this is accurate in the databse [activebets table]
10-02 16:28:01: - Logging - 
== ERROR: == 
Unable to locate bets for Match ID: 7771 from the Database.
Likely, there are no bets for this match.
Please verify this is accurate in the databse [activebets table]
10-02 16:28:01: - Logging - 
== ERROR: == 
Unable to locate bets for Match ID: 188 from the Database.
Likely, there are no bets for this match.
Please verify this is accurate in the databse [activebets table]
10-02 16:50:01: - Logging - 
== ERROR: == 
Unable to locate bets for Match ID: 1063 from the Database.
Likely, there are no bets for this match.
Please verify this is accurate in the databse [activebets table]
10-02 16:50:01: - Logging - 
== ERROR: == 
Unable to locate bets for Match ID: 993 from the Database.
Likely, there are no bets for this match.
Please verify this is accurate in the databse [activebets table]
10-02 16:50:01: - Logging - 
== ERROR: == 
Unable to locate bets for Match ID: 2903 from the Database.
Likely, there are no bets for this match.
Please verify this is accurate in the databse [activebets table]
10-02 16:50:01: - Logging - 
== ERROR: == 
Unable to locate bets for Match ID: 6439 from the Database.
Likely, there are no bets for this match.
Please verify this is accurate in the databse [activebets table]
10-02 16:50:01: - Logging - 
== ERROR: == 
Unable to locate bets for Match ID: 5598 from the Database.
Likely, there are no bets for this match.
Please verify this is accurate in the databse [activebets table]
10-02 16:50:01: - Logging - 
== ERROR: == 
Unable to locate bets for Match ID: 2901 from the Database.
Likely, there are no bets for this match.
Please verify this is accurate in the databse [activebets table]
10-02 16:50:01: - Logging - 
== ERROR: == 
Unable to locate bets for Match ID: 1208 from the Database.
Likely, there are no bets for this match.
Please verify this is accurate in the databse [activebets table]
10-02 16:50:01: - Logging - 
== ERROR: == 
Unable to locate bets for Match ID: 2220 from the Database.
Likely, there are no bets for this match.
Please verify this is accurate in the databse [activebets table]
10-02 16:50:01: - Logging - 
== ERROR: == 
Unable to locate bets for Match ID: 7771 from the Database.
Likely, there are no bets for this match.
Please verify this is accurate in the databse [activebets table]
10-02 16:52:03: - Logging - 
== ERROR: == 
Unable to locate bets for Match ID: 1063 from the Database.
Likely, there are no bets for this match.
Please verify this is accurate in the databse [activebets table]
10-02 16:52:03: - Logging - 
== ERROR: == 
Unable to locate bets for Match ID: 993 from the Database.
Likely, there are no bets for this match.
Please verify this is accurate in the databse [activebets table]
10-02 16:52:03: - Logging - 
== ERROR: == 
Unable to locate bets for Match ID: 6439 from the Database.
Likely, there are no bets for this match.
Please verify this is accurate in the databse [activebets table]
10-02 16:52:03: - Logging - 
== ERROR: == 
Unable to locate bets for Match ID: 2903 from the Database.
Likely, there are no bets for this match.
Please verify this is accurate in the databse [activebets table]
10-02 16:52:03: - Logging - 
== ERROR: == 
Unable to locate bets for Match ID: 2901 from the Database.
Likely, there are no bets for this match.
Please verify this is accurate in the databse [activebets table]
10-02 16:52:03: - Logging - 
== ERROR: == 
Unable to locate bets for Match ID: 5598 from the Database.
Likely, there are no bets for this match.
Please verify this is accurate in the databse [activebets table]
10-02 16:52:03: - Logging - 
== ERROR: == 
Unable to locate bets for Match ID: 2220 from the Database.
Likely, there are no bets for this match.
Please verify this is accurate in the databse [activebets table]
10-02 16:52:03: - Logging - 
== ERROR: == 
Unable to locate bets for Match ID: 1208 from the Database.
Likely, there are no bets for this match.
Please verify this is accurate in the databse [activebets table]
10-02 16:52:03: - Logging - 
== ERROR: == 
Unable to locate bets for Match ID: 7771 from the Database.
Likely, there are no bets for this match.
Please verify this is accurate in the databse [activebets table]
10-02 16:56:02: - Logging - 
== ERROR: == 
Unable to locate bets for Match ID: 1063 from the Database.
Likely, there are no bets for this match.
Please verify this is accurate in the databse [activebets table]
10-02 16:56:02: - Logging - 
== ERROR: == 
Unable to locate bets for Match ID: 2903 from the Database.
Likely, there are no bets for this match.
Please verify this is accurate in the databse [activebets table]
10-02 16:56:02: - Logging - 
== ERROR: == 
Unable to locate bets for Match ID: 993 from the Database.
Likely, there are no bets for this match.
Please verify this is accurate in the databse [activebets table]
10-02 16:56:02: - Logging - 
== ERROR: == 
Unable to locate bets for Match ID: 6439 from the Database.
Likely, there are no bets for this match.
Please verify this is accurate in the databse [activebets table]
10-02 16:56:02: - Logging - 
== ERROR: == 
Unable to locate bets for Match ID: 5598 from the Database.
Likely, there are no bets for this match.
Please verify this is accurate in the databse [activebets table]
10-02 16:56:02: - Logging - 
== ERROR: == 
Unable to locate bets for Match ID: 2901 from the Database.
Likely, there are no bets for this match.
Please verify this is accurate in the databse [activebets table]
10-02 16:56:02: - Logging - 
== ERROR: == 
Unable to locate bets for Match ID: 1208 from the Database.
Likely, there are no bets for this match.
Please verify this is accurate in the databse [activebets table]
10-02 16:56:02: - Logging - 
== ERROR: == 
Unable to locate bets for Match ID: 2220 from the Database.
Likely, there are no bets for this match.
Please verify this is accurate in the databse [activebets table]
10-02 16:56:02: - Logging - 
== ERROR: == 
Unable to locate bets for Match ID: 7771 from the Database.
Likely, there are no bets for this match.
Please verify this is accurate in the databse [activebets table]
10-02 16:58:01: - Logging - 
== ERROR: == 
Unable to locate bets for Match ID: 1063 from the Database.
Likely, there are no bets for this match.
Please verify this is accurate in the databse [activebets table]
10-02 16:58:01: - Logging - 
== ERROR: == 
Unable to locate bets for Match ID: 5598 from the Database.
Likely, there are no bets for this match.
Please verify this is accurate in the databse [activebets table]
10-02 16:58:01: - Logging - 
== ERROR: == 
Unable to locate bets for Match ID: 2903 from the Database.
Likely, there are no bets for this match.
Please verify this is accurate in the databse [activebets table]
10-02 16:58:01: - Logging - 
== ERROR: == 
Unable to locate bets for Match ID: 993 from the Database.
Likely, there are no bets for this match.
Please verify this is accurate in the databse [activebets table]
10-02 16:58:01: - Logging - 
== ERROR: == 
Unable to locate bets for Match ID: 6439 from the Database.
Likely, there are no bets for this match.
Please verify this is accurate in the databse [activebets table]
10-02 16:58:01: - Logging - 
== ERROR: == 
Unable to locate bets for Match ID: 1208 from the Database.
Likely, there are no bets for this match.
Please verify this is accurate in the databse [activebets table]
10-02 16:58:01: - Logging - 
== ERROR: == 
Unable to locate bets for Match ID: 2901 from the Database.
Likely, there are no bets for this match.
Please verify this is accurate in the databse [activebets table]
10-02 16:58:01: - Logging - 
== ERROR: == 
Unable to locate bets for Match ID: 7771 from the Database.
Likely, there are no bets for this match.
Please verify this is accurate in the databse [activebets table]
10-02 16:58:01: - Logging - 
== ERROR: == 
Unable to locate bets for Match ID: 2220 from the Database.
Likely, there are no bets for this match.
Please verify this is accurate in the databse [activebets table]
10-02 16:58:01: - Logging - 
== ERROR: == 
Unable to locate bets for Match ID: 188 from the Database.
Likely, there are no bets for this match.
Please verify this is accurate in the databse [activebets table]
10-02 17:18:02: - Logging - 
== ERROR: == 
Unable to locate bets for Match ID: 1063 from the Database.
Likely, there are no bets for this match.
Please verify this is accurate in the databse [activebets table]
10-02 17:18:02: - Logging - 
== ERROR: == 
Unable to locate bets for Match ID: 2903 from the Database.
Likely, there are no bets for this match.
Please verify this is accurate in the databse [activebets table]
10-02 17:18:02: - Logging - 
== ERROR: == 
Unable to locate bets for Match ID: 5598 from the Database.
Likely, there are no bets for this match.
Please verify this is accurate in the databse [activebets table]
10-02 17:18:02: - Logging - 
== ERROR: == 
Unable to locate bets for Match ID: 6439 from the Database.
Likely, there are no bets for this match.
Please verify this is accurate in the databse [activebets table]
10-02 17:18:02: - Logging - 
== ERROR: == 
Unable to locate bets for Match ID: 993 from the Database.
Likely, there are no bets for this match.
Please verify this is accurate in the databse [activebets table]
10-02 17:18:02: - Logging - 
== ERROR: == 
Unable to locate bets for Match ID: 2901 from the Database.
Likely, there are no bets for this match.
Please verify this is accurate in the databse [activebets table]
10-02 17:18:02: - Logging - 
== ERROR: == 
Unable to locate bets for Match ID: 1208 from the Database.
Likely, there are no bets for this match.
Please verify this is accurate in the databse [activebets table]
10-02 17:18:02: - Logging - 
== ERROR: == 
Unable to locate bets for Match ID: 2220 from the Database.
Likely, there are no bets for this match.
Please verify this is accurate in the databse [activebets table]
10-02 17:18:02: - Logging - 
== ERROR: == 
Unable to locate bets for Match ID: 7771 from the Database.
Likely, there are no bets for this match.
Please verify this is accurate in the databse [activebets table]
10-02 17:26:02: - Logging - 
== ERROR: == 
Unable to locate bets for Match ID: 1063 from the Database.
Likely, there are no bets for this match.
Please verify this is accurate in the databse [activebets table]
10-02 17:26:02: - Logging - 
== ERROR: == 
Unable to locate bets for Match ID: 2903 from the Database.
Likely, there are no bets for this match.
Please verify this is accurate in the databse [activebets table]
10-02 17:26:02: - Logging - 
== ERROR: == 
Unable to locate bets for Match ID: 993 from the Database.
Likely, there are no bets for this match.
Please verify this is accurate in the databse [activebets table]
10-02 17:26:02: - Logging - 
== ERROR: == 
Unable to locate bets for Match ID: 5598 from the Database.
Likely, there are no bets for this match.
Please verify this is accurate in the databse [activebets table]
10-02 17:26:02: - Logging - 
== ERROR: == 
Unable to locate bets for Match ID: 6439 from the Database.
Likely, there are no bets for this match.
Please verify this is accurate in the databse [activebets table]
10-02 17:26:02: - Logging - 
== ERROR: == 
Unable to locate bets for Match ID: 1208 from the Database.
Likely, there are no bets for this match.
Please verify this is accurate in the databse [activebets table]
10-02 17:26:02: - Logging - 
== ERROR: == 
Unable to locate bets for Match ID: 2901 from the Database.
Likely, there are no bets for this match.
Please verify this is accurate in the databse [activebets table]
10-02 17:26:02: - Logging - 
== ERROR: == 
Unable to locate bets for Match ID: 2220 from the Database.
Likely, there are no bets for this match.
Please verify this is accurate in the databse [activebets table]
10-02 17:26:02: - Logging - 
== ERROR: == 
Unable to locate bets for Match ID: 7771 from the Database.
Likely, there are no bets for this match.
Please verify this is accurate in the databse [activebets table]
10-02 17:28:01: - Logging - 
== ERROR: == 
Unable to locate bets for Match ID: 1063 from the Database.
Likely, there are no bets for this match.
Please verify this is accurate in the databse [activebets table]
10-02 17:28:01: - Logging - 
== ERROR: == 
Unable to locate bets for Match ID: 993 from the Database.
Likely, there are no bets for this match.
Please verify this is accurate in the databse [activebets table]
10-02 17:28:01: - Logging - 
== ERROR: == 
Unable to locate bets for Match ID: 6439 from the Database.
Likely, there are no bets for this match.
Please verify this is accurate in the databse [activebets table]
10-02 17:28:01: - Logging - 
== ERROR: == 
Unable to locate bets for Match ID: 2903 from the Database.
Likely, there are no bets for this match.
Please verify this is accurate in the databse [activebets table]
10-02 17:28:01: - Logging - 
== ERROR: == 
Unable to locate bets for Match ID: 2901 from the Database.
Likely, there are no bets for this match.
Please verify this is accurate in the databse [activebets table]
10-02 17:28:01: - Logging - 
== ERROR: == 
Unable to locate bets for Match ID: 5598 from the Database.
Likely, there are no bets for this match.
Please verify this is accurate in the databse [activebets table]
10-02 17:28:01: - Logging - 
== ERROR: == 
Unable to locate bets for Match ID: 2220 from the Database.
Likely, there are no bets for this match.
Please verify this is accurate in the databse [activebets table]
10-02 17:28:01: - Logging - 
== ERROR: == 
Unable to locate bets for Match ID: 1208 from the Database.
Likely, there are no bets for this match.
Please verify this is accurate in the databse [activebets table]
10-02 17:28:01: - Logging - 
== ERROR: == 
Unable to locate bets for Match ID: 7771 from the Database.
Likely, there are no bets for this match.
Please verify this is accurate in the databse [activebets table]
10-02 17:30:02: - Logging - 
== ERROR: == 
Unable to locate bets for Match ID: 1063 from the Database.
Likely, there are no bets for this match.
Please verify this is accurate in the databse [activebets table]
10-02 17:30:02: - Logging - 
== ERROR: == 
Unable to locate bets for Match ID: 993 from the Database.
Likely, there are no bets for this match.
Please verify this is accurate in the databse [activebets table]
10-02 17:30:02: - Logging - 
== ERROR: == 
Unable to locate bets for Match ID: 2903 from the Database.
Likely, there are no bets for this match.
Please verify this is accurate in the databse [activebets table]
10-02 17:30:02: - Logging - 
== ERROR: == 
Unable to locate bets for Match ID: 6439 from the Database.
Likely, there are no bets for this match.
Please verify this is accurate in the databse [activebets table]
10-02 17:30:02: - Logging - 
== ERROR: == 
Unable to locate bets for Match ID: 5598 from the Database.
Likely, there are no bets for this match.
Please verify this is accurate in the databse [activebets table]
10-02 17:30:02: - Logging - 
== ERROR: == 
Unable to locate bets for Match ID: 2901 from the Database.
Likely, there are no bets for this match.
Please verify this is accurate in the databse [activebets table]
10-02 17:30:02: - Logging - 
== ERROR: == 
Unable to locate bets for Match ID: 1208 from the Database.
Likely, there are no bets for this match.
Please verify this is accurate in the databse [activebets table]
10-02 17:30:02: - Logging - 
== ERROR: == 
Unable to locate bets for Match ID: 2220 from the Database.
Likely, there are no bets for this match.
Please verify this is accurate in the databse [activebets table]
10-02 17:30:02: - Logging - 
== ERROR: == 
Unable to locate bets for Match ID: 7771 from the Database.
Likely, there are no bets for this match.
Please verify this is accurate in the databse [activebets table]
10-02 17:36:03: - Logging - 
== ERROR: == 
Unable to locate bets for Match ID: 1063 from the Database.
Likely, there are no bets for this match.
Please verify this is accurate in the databse [activebets table]
10-02 17:36:03: - Logging - 
Unable to locate bets for Match ID: 1063
Likely, there are no bets for placed on this match
Please verify this is accurate in the database [activebets table]
10-02 17:36:03: - Logging - 
== ERROR: == 
Unable to locate bets for Match ID: 2903 from the Database.
Likely, there are no bets for this match.
Please verify this is accurate in the databse [activebets table]
10-02 17:36:03: - Logging - 
Unable to locate bets for Match ID: 2903
Likely, there are no bets for placed on this match
Please verify this is accurate in the database [activebets table]
10-02 17:36:03: - Logging - 
== ERROR: == 
Unable to locate bets for Match ID: 993 from the Database.
Likely, there are no bets for this match.
Please verify this is accurate in the databse [activebets table]
10-02 17:36:03: - Logging - 
Unable to locate bets for Match ID: 993
Likely, there are no bets for placed on this match
Please verify this is accurate in the database [activebets table]
10-02 17:36:03: - Logging - 
== ERROR: == 
Unable to locate bets for Match ID: 6439 from the Database.
Likely, there are no bets for this match.
Please verify this is accurate in the databse [activebets table]
10-02 17:36:03: - Logging - 
Unable to locate bets for Match ID: 6439
Likely, there are no bets for placed on this match
Please verify this is accurate in the database [activebets table]
10-02 17:36:03: - Logging - 
== ERROR: == 
Unable to locate bets for Match ID: 5598 from the Database.
Likely, there are no bets for this match.
Please verify this is accurate in the databse [activebets table]
10-02 17:36:03: - Logging - 
Unable to locate bets for Match ID: 5598
Likely, there are no bets for placed on this match
Please verify this is accurate in the database [activebets table]
10-02 17:36:03: - Logging - 
== ERROR: == 
Unable to locate bets for Match ID: 2901 from the Database.
Likely, there are no bets for this match.
Please verify this is accurate in the databse [activebets table]
10-02 17:36:03: - Logging - 
Unable to locate bets for Match ID: 2901
Likely, there are no bets for placed on this match
Please verify this is accurate in the database [activebets table]
10-02 17:36:03: - Logging - 
== ERROR: == 
Unable to locate bets for Match ID: 1208 from the Database.
Likely, there are no bets for this match.
Please verify this is accurate in the databse [activebets table]
10-02 17:36:03: - Logging - 
Unable to locate bets for Match ID: 1208
Likely, there are no bets for placed on this match
Please verify this is accurate in the database [activebets table]
10-02 17:36:03: - Logging - 
== ERROR: == 
Unable to locate bets for Match ID: 2220 from the Database.
Likely, there are no bets for this match.
Please verify this is accurate in the databse [activebets table]
10-02 17:36:03: - Logging - 
Unable to locate bets for Match ID: 2220
Likely, there are no bets for placed on this match
Please verify this is accurate in the database [activebets table]
10-02 17:36:03: - Logging - 
== ERROR: == 
Unable to locate bets for Match ID: 7771 from the Database.
Likely, there are no bets for this match.
Please verify this is accurate in the databse [activebets table]
10-02 17:36:03: - Logging - 
Unable to locate bets for Match ID: 7771
Likely, there are no bets for placed on this match
Please verify this is accurate in the database [activebets table]
10-02 17:42:01: - Logging - 
== ERROR: == 
Unable to locate bets for Match ID: 1063 from the Database.
Likely, there are no bets for this match.
Please verify this is accurate in the databse [activebets table]
10-02 17:42:01: - Logging - 
Unable to locate bets for Match ID: 1063
Likely, there are no bets for placed on this match
Please verify this is accurate in the database [activebets table]
10-02 17:42:01: - Logging - 
== ERROR: == 
Unable to locate bets for Match ID: 2903 from the Database.
Likely, there are no bets for this match.
Please verify this is accurate in the databse [activebets table]
10-02 17:42:01: - Logging - 
Unable to locate bets for Match ID: 2903
Likely, there are no bets for placed on this match
Please verify this is accurate in the database [activebets table]
10-02 17:42:01: - Logging - 
== ERROR: == 
Unable to locate bets for Match ID: 993 from the Database.
Likely, there are no bets for this match.
Please verify this is accurate in the databse [activebets table]
10-02 17:42:01: - Logging - 
Unable to locate bets for Match ID: 993
Likely, there are no bets for placed on this match
Please verify this is accurate in the database [activebets table]
10-02 17:42:01: - Logging - 
== ERROR: == 
Unable to locate bets for Match ID: 5598 from the Database.
Likely, there are no bets for this match.
Please verify this is accurate in the databse [activebets table]
10-02 17:42:01: - Logging - 
Unable to locate bets for Match ID: 5598
Likely, there are no bets for placed on this match
Please verify this is accurate in the database [activebets table]
10-02 17:42:01: - Logging - 
== ERROR: == 
Unable to locate bets for Match ID: 1208 from the Database.
Likely, there are no bets for this match.
Please verify this is accurate in the databse [activebets table]
10-02 17:42:01: - Logging - 
Unable to locate bets for Match ID: 1208
Likely, there are no bets for placed on this match
Please verify this is accurate in the database [activebets table]
10-02 17:42:01: - Logging - 
== ERROR: == 
Unable to locate bets for Match ID: 6439 from the Database.
Likely, there are no bets for this match.
Please verify this is accurate in the databse [activebets table]
10-02 17:42:01: - Logging - 
Unable to locate bets for Match ID: 6439
Likely, there are no bets for placed on this match
Please verify this is accurate in the database [activebets table]
10-02 17:42:01: - Logging - 
== ERROR: == 
Unable to locate bets for Match ID: 2901 from the Database.
Likely, there are no bets for this match.
Please verify this is accurate in the databse [activebets table]
10-02 17:42:01: - Logging - 
Unable to locate bets for Match ID: 2901
Likely, there are no bets for placed on this match
Please verify this is accurate in the database [activebets table]
10-02 17:42:01: - Logging - 
== ERROR: == 
Unable to locate bets for Match ID: 7771 from the Database.
Likely, there are no bets for this match.
Please verify this is accurate in the databse [activebets table]
10-02 17:42:01: - Logging - 
Unable to locate bets for Match ID: 7771
Likely, there are no bets for placed on this match
Please verify this is accurate in the database [activebets table]
10-02 17:42:01: - Logging - 
== ERROR: == 
Unable to locate bets for Match ID: 2220 from the Database.
Likely, there are no bets for this match.
Please verify this is accurate in the databse [activebets table]
10-02 17:42:01: - Logging - 
Unable to locate bets for Match ID: 2220
Likely, there are no bets for placed on this match
Please verify this is accurate in the database [activebets table]
10-02 17:42:01: - Logging - 
== ERROR: == 
Unable to locate bets for Match ID: 188 from the Database.
Likely, there are no bets for this match.
Please verify this is accurate in the databse [activebets table]
10-02 17:42:01: - Logging - 
Unable to locate bets for Match ID: 188
Likely, there are no bets for placed on this match
Please verify this is accurate in the database [activebets table]
10-02 17:44:02: - Logging - 
== ERROR: == 
Unable to locate bets for Match ID: 1063 from the Database.
Likely, there are no bets for this match.
Please verify this is accurate in the databse [activebets table]
10-02 17:44:02: - Logging - 
Unable to locate bets for Match ID: 1063
Likely, there are no bets for placed on this match
Please verify this is accurate in the database [activebets table]
10-02 17:44:02: - Logging - 
== ERROR: == 
Unable to locate bets for Match ID: 993 from the Database.
Likely, there are no bets for this match.
Please verify this is accurate in the databse [activebets table]
10-02 17:44:02: - Logging - 
Unable to locate bets for Match ID: 993
Likely, there are no bets for placed on this match
Please verify this is accurate in the database [activebets table]
10-02 17:44:02: - Logging - 
== ERROR: == 
Unable to locate bets for Match ID: 2903 from the Database.
Likely, there are no bets for this match.
Please verify this is accurate in the databse [activebets table]
10-02 17:44:02: - Logging - 
Unable to locate bets for Match ID: 2903
Likely, there are no bets for placed on this match
Please verify this is accurate in the database [activebets table]
10-02 17:44:02: - Logging - 
== ERROR: == 
Unable to locate bets for Match ID: 6439 from the Database.
Likely, there are no bets for this match.
Please verify this is accurate in the databse [activebets table]
10-02 17:44:02: - Logging - 
Unable to locate bets for Match ID: 6439
Likely, there are no bets for placed on this match
Please verify this is accurate in the database [activebets table]
10-02 17:44:02: - Logging - 
== ERROR: == 
Unable to locate bets for Match ID: 5598 from the Database.
Likely, there are no bets for this match.
Please verify this is accurate in the databse [activebets table]
10-02 17:44:02: - Logging - 
Unable to locate bets for Match ID: 5598
Likely, there are no bets for placed on this match
Please verify this is accurate in the database [activebets table]
10-02 17:44:02: - Logging - 
== ERROR: == 
Unable to locate bets for Match ID: 2901 from the Database.
Likely, there are no bets for this match.
Please verify this is accurate in the databse [activebets table]
10-02 17:44:02: - Logging - 
Unable to locate bets for Match ID: 2901
Likely, there are no bets for placed on this match
Please verify this is accurate in the database [activebets table]
10-02 17:44:02: - Logging - 
== ERROR: == 
Unable to locate bets for Match ID: 1208 from the Database.
Likely, there are no bets for this match.
Please verify this is accurate in the databse [activebets table]
10-02 17:44:02: - Logging - 
Unable to locate bets for Match ID: 1208
Likely, there are no bets for placed on this match
Please verify this is accurate in the database [activebets table]
10-02 17:44:02: - Logging - 
== ERROR: == 
Unable to locate bets for Match ID: 2220 from the Database.
Likely, there are no bets for this match.
Please verify this is accurate in the databse [activebets table]
10-02 17:44:02: - Logging - 
Unable to locate bets for Match ID: 2220
Likely, there are no bets for placed on this match
Please verify this is accurate in the database [activebets table]
10-02 17:44:02: - Logging - 
== ERROR: == 
Unable to locate bets for Match ID: 7771 from the Database.
Likely, there are no bets for this match.
Please verify this is accurate in the databse [activebets table]
10-02 17:44:02: - Logging - 
Unable to locate bets for Match ID: 7771
Likely, there are no bets for placed on this match
Please verify this is accurate in the database [activebets table]
10-02 17:44:02: - Logging - 
== ERROR: == 
Unable to locate bets for Match ID: 188 from the Database.
Likely, there are no bets for this match.
Please verify this is accurate in the databse [activebets table]
10-02 17:44:02: - Logging - 
Unable to locate bets for Match ID: 188
Likely, there are no bets for placed on this match
Please verify this is accurate in the database [activebets table]
10-02 17:46:01: - Logging - 
== ERROR: == 
Unable to locate bets for Match ID: 1063 from the Database.
Likely, there are no bets for this match.
Please verify this is accurate in the databse [activebets table]
10-02 17:46:01: - Logging - 
Unable to locate bets for Match ID: 1063
Likely, there are no bets for placed on this match
Please verify this is accurate in the database [activebets table]
10-02 17:46:01: - Logging - 
== ERROR: == 
Unable to locate bets for Match ID: 993 from the Database.
Likely, there are no bets for this match.
Please verify this is accurate in the databse [activebets table]
10-02 17:46:01: - Logging - 
Unable to locate bets for Match ID: 993
Likely, there are no bets for placed on this match
Please verify this is accurate in the database [activebets table]
10-02 17:46:01: - Logging - 
== ERROR: == 
Unable to locate bets for Match ID: 2903 from the Database.
Likely, there are no bets for this match.
Please verify this is accurate in the databse [activebets table]
10-02 17:46:01: - Logging - 
Unable to locate bets for Match ID: 2903
Likely, there are no bets for placed on this match
Please verify this is accurate in the database [activebets table]
10-02 17:46:01: - Logging - 
== ERROR: == 
Unable to locate bets for Match ID: 6439 from the Database.
Likely, there are no bets for this match.
Please verify this is accurate in the databse [activebets table]
10-02 17:46:01: - Logging - 
Unable to locate bets for Match ID: 6439
Likely, there are no bets for placed on this match
Please verify this is accurate in the database [activebets table]
10-02 17:46:01: - Logging - 
== ERROR: == 
Unable to locate bets for Match ID: 5598 from the Database.
Likely, there are no bets for this match.
Please verify this is accurate in the databse [activebets table]
10-02 17:46:01: - Logging - 
Unable to locate bets for Match ID: 5598
Likely, there are no bets for placed on this match
Please verify this is accurate in the database [activebets table]
10-02 17:46:01: - Logging - 
== ERROR: == 
Unable to locate bets for Match ID: 2901 from the Database.
Likely, there are no bets for this match.
Please verify this is accurate in the databse [activebets table]
10-02 17:46:01: - Logging - 
Unable to locate bets for Match ID: 2901
Likely, there are no bets for placed on this match
Please verify this is accurate in the database [activebets table]
10-02 17:46:01: - Logging - 
== ERROR: == 
Unable to locate bets for Match ID: 1208 from the Database.
Likely, there are no bets for this match.
Please verify this is accurate in the databse [activebets table]
10-02 17:46:01: - Logging - 
Unable to locate bets for Match ID: 1208
Likely, there are no bets for placed on this match
Please verify this is accurate in the database [activebets table]
10-02 17:46:01: - Logging - 
== ERROR: == 
Unable to locate bets for Match ID: 2220 from the Database.
Likely, there are no bets for this match.
Please verify this is accurate in the databse [activebets table]
10-02 17:46:01: - Logging - 
Unable to locate bets for Match ID: 2220
Likely, there are no bets for placed on this match
Please verify this is accurate in the database [activebets table]
10-02 17:46:01: - Logging - 
== ERROR: == 
Unable to locate bets for Match ID: 7771 from the Database.
Likely, there are no bets for this match.
Please verify this is accurate in the databse [activebets table]
10-02 17:46:01: - Logging - 
Unable to locate bets for Match ID: 7771
Likely, there are no bets for placed on this match
Please verify this is accurate in the database [activebets table]
10-02 17:46:01: - Logging - 
== ERROR: == 
Unable to locate bets for Match ID: 188 from the Database.
Likely, there are no bets for this match.
Please verify this is accurate in the databse [activebets table]
10-02 17:46:01: - Logging - 
Unable to locate bets for Match ID: 188
Likely, there are no bets for placed on this match
Please verify this is accurate in the database [activebets table]
10-02 17:50:01: - Logging - 
== ERROR: == 
Unable to locate bets for Match ID: 1063 from the Database.
Likely, there are no bets for this match.
Please verify this is accurate in the databse [activebets table]
10-02 17:50:01: - Logging - 
Unable to locate bets for Match ID: 1063
Likely, there are no bets for placed on this match
Please verify this is accurate in the database [activebets table]
10-02 17:50:01: - Logging - 
== ERROR: == 
Unable to locate bets for Match ID: 993 from the Database.
Likely, there are no bets for this match.
Please verify this is accurate in the databse [activebets table]
10-02 17:50:01: - Logging - 
Unable to locate bets for Match ID: 993
Likely, there are no bets for placed on this match
Please verify this is accurate in the database [activebets table]
10-02 17:50:01: - Logging - 
== ERROR: == 
Unable to locate bets for Match ID: 6439 from the Database.
Likely, there are no bets for this match.
Please verify this is accurate in the databse [activebets table]
10-02 17:50:01: - Logging - 
Unable to locate bets for Match ID: 6439
Likely, there are no bets for placed on this match
Please verify this is accurate in the database [activebets table]
10-02 17:50:01: - Logging - 
== ERROR: == 
Unable to locate bets for Match ID: 2903 from the Database.
Likely, there are no bets for this match.
Please verify this is accurate in the databse [activebets table]
10-02 17:50:01: - Logging - 
Unable to locate bets for Match ID: 2903
Likely, there are no bets for placed on this match
Please verify this is accurate in the database [activebets table]
10-02 17:50:01: - Logging - 
== ERROR: == 
Unable to locate bets for Match ID: 1208 from the Database.
Likely, there are no bets for this match.
Please verify this is accurate in the databse [activebets table]
10-02 17:50:01: - Logging - 
Unable to locate bets for Match ID: 1208
Likely, there are no bets for placed on this match
Please verify this is accurate in the database [activebets table]
10-02 17:50:01: - Logging - 
== ERROR: == 
Unable to locate bets for Match ID: 5598 from the Database.
Likely, there are no bets for this match.
Please verify this is accurate in the databse [activebets table]
10-02 17:50:01: - Logging - 
Unable to locate bets for Match ID: 5598
Likely, there are no bets for placed on this match
Please verify this is accurate in the database [activebets table]
10-02 17:50:01: - Logging - 
== ERROR: == 
Unable to locate bets for Match ID: 7771 from the Database.
Likely, there are no bets for this match.
Please verify this is accurate in the databse [activebets table]
10-02 17:50:01: - Logging - 
Unable to locate bets for Match ID: 7771
Likely, there are no bets for placed on this match
Please verify this is accurate in the database [activebets table]
10-02 17:50:01: - Logging - 
== ERROR: == 
Unable to locate bets for Match ID: 2901 from the Database.
Likely, there are no bets for this match.
Please verify this is accurate in the databse [activebets table]
10-02 17:50:01: - Logging - 
Unable to locate bets for Match ID: 2901
Likely, there are no bets for placed on this match
Please verify this is accurate in the database [activebets table]
10-02 17:50:01: - Logging - 
== ERROR: == 
Unable to locate bets for Match ID: 2220 from the Database.
Likely, there are no bets for this match.
Please verify this is accurate in the databse [activebets table]
10-02 17:50:01: - Logging - 
Unable to locate bets for Match ID: 2220
Likely, there are no bets for placed on this match
Please verify this is accurate in the database [activebets table]
10-02 17:50:01: - Logging - 
== ERROR: == 
Unable to locate bets for Match ID: 188 from the Database.
Likely, there are no bets for this match.
Please verify this is accurate in the databse [activebets table]
10-02 17:50:01: - Logging - 
Unable to locate bets for Match ID: 188
Likely, there are no bets for placed on this match
Please verify this is accurate in the database [activebets table]
10-02 17:52:03: - Logging - 
== ERROR: == 
Unable to locate bets for Match ID: 1063 from the Database.
Likely, there are no bets for this match.
Please verify this is accurate in the databse [activebets table]
10-02 17:52:03: - Logging - 
Unable to locate bets for Match ID: 1063
Likely, there are no bets for placed on this match
Please verify this is accurate in the database [activebets table]
10-02 17:52:03: - Logging - 
== ERROR: == 
Unable to locate bets for Match ID: 993 from the Database.
Likely, there are no bets for this match.
Please verify this is accurate in the databse [activebets table]
10-02 17:52:03: - Logging - 
Unable to locate bets for Match ID: 993
Likely, there are no bets for placed on this match
Please verify this is accurate in the database [activebets table]
10-02 17:52:03: - Logging - 
== ERROR: == 
Unable to locate bets for Match ID: 6439 from the Database.
Likely, there are no bets for this match.
Please verify this is accurate in the databse [activebets table]
10-02 17:52:03: - Logging - 
Unable to locate bets for Match ID: 6439
Likely, there are no bets for placed on this match
Please verify this is accurate in the database [activebets table]
10-02 17:52:03: - Logging - 
== ERROR: == 
Unable to locate bets for Match ID: 2901 from the Database.
Likely, there are no bets for this match.
Please verify this is accurate in the databse [activebets table]
10-02 17:52:03: - Logging - 
Unable to locate bets for Match ID: 2901
Likely, there are no bets for placed on this match
Please verify this is accurate in the database [activebets table]
10-02 17:52:03: - Logging - 
== ERROR: == 
Unable to locate bets for Match ID: 2903 from the Database.
Likely, there are no bets for this match.
Please verify this is accurate in the databse [activebets table]
10-02 17:52:03: - Logging - 
Unable to locate bets for Match ID: 2903
Likely, there are no bets for placed on this match
Please verify this is accurate in the database [activebets table]
10-02 17:52:03: - Logging - 
== ERROR: == 
Unable to locate bets for Match ID: 5598 from the Database.
Likely, there are no bets for this match.
Please verify this is accurate in the databse [activebets table]
10-02 17:52:03: - Logging - 
Unable to locate bets for Match ID: 5598
Likely, there are no bets for placed on this match
Please verify this is accurate in the database [activebets table]
10-02 17:52:03: - Logging - 
== ERROR: == 
Unable to locate bets for Match ID: 1208 from the Database.
Likely, there are no bets for this match.
Please verify this is accurate in the databse [activebets table]
10-02 17:52:03: - Logging - 
Unable to locate bets for Match ID: 1208
Likely, there are no bets for placed on this match
Please verify this is accurate in the database [activebets table]
10-02 17:52:03: - Logging - 
== ERROR: == 
Unable to locate bets for Match ID: 2220 from the Database.
Likely, there are no bets for this match.
Please verify this is accurate in the databse [activebets table]
10-02 17:52:03: - Logging - 
Unable to locate bets for Match ID: 2220
Likely, there are no bets for placed on this match
Please verify this is accurate in the database [activebets table]
10-02 17:52:03: - Logging - 
== ERROR: == 
Unable to locate bets for Match ID: 188 from the Database.
Likely, there are no bets for this match.
Please verify this is accurate in the databse [activebets table]
10-02 17:52:03: - Logging - 
Unable to locate bets for Match ID: 188
Likely, there are no bets for placed on this match
Please verify this is accurate in the database [activebets table]
10-02 17:52:03: - Logging - 
== ERROR: == 
Unable to locate bets for Match ID: 7771 from the Database.
Likely, there are no bets for this match.
Please verify this is accurate in the databse [activebets table]
10-02 17:52:03: - Logging - 
Unable to locate bets for Match ID: 7771
Likely, there are no bets for placed on this match
Please verify this is accurate in the database [activebets table]
10-02 17:57:08: - Logging - 
== ERROR: == 
Unable to locate bets for Match ID: 3712 from the Database.
Likely, there are no bets for this match.
Please verify this is accurate in the databse [activebets table]
10-02 17:57:08: - Logging - 
Unable to locate bets for Match ID: 3712
Likely, there are no bets for placed on this match
Please verify this is accurate in the database [activebets table]
10-02 18:00:50: - Logging - 
== ERROR: == 
Unable to locate bets for Match ID: 9720 from the Database.
Likely, there are no bets for this match.
Please verify this is accurate in the databse [activebets table]
10-02 18:00:50: - Logging - 
Unable to locate bets for Match ID: 9720
Likely, there are no bets for placed on this match
Please verify this is accurate in the database [activebets table]
10-02 18:01:59: - Logging - 
== ERROR: == 
Unable to locate bets for Match ID: 9720 from the Database.
Likely, there are no bets for this match.
Please verify this is accurate in the databse [activebets table]
10-02 18:01:59: - Logging - 
Unable to locate bets for Match ID: 9720
Likely, there are no bets for placed on this match
Please verify this is accurate in the database [activebets table]
10-02 18:02:40: - Logging - 
== ERROR: == 
Unable to locate bets for Match ID: 8696 from the Database.
Likely, there are no bets for this match.
Please verify this is accurate in the databse [activebets table]
10-02 18:02:40: - Logging - 
Unable to locate bets for Match ID: 8696
Likely, there are no bets for placed on this match
Please verify this is accurate in the database [activebets table]
10-02 22:04:01: - Logging - 
== ERROR: == 
Unable to locate bets for Match ID: 9720 from the Database.
Likely, there are no bets for this match.
Please verify this is accurate in the databse [activebets table]
10-02 22:04:01: - Logging - 
Unable to locate bets for Match #9720 - Verify that this is accurate
10-02 22:04:01: - Logging - 
== ERROR: == 
Unable to locate bets for Match ID: 7843 from the Database.
Likely, there are no bets for this match.
Please verify this is accurate in the databse [activebets table]
10-02 22:04:01: - Logging - 
Unable to locate bets for Match #7843 - Verify that this is accurate
10-02 22:04:01: - Logging - 
== ERROR: == 
Unable to locate bets for Match ID: 8696 from the Database.
Likely, there are no bets for this match.
Please verify this is accurate in the databse [activebets table]
10-02 22:04:01: - Logging - 
Unable to locate bets for Match #8696 - Verify that this is accurate
10-02 22:06:01: - Logging - 
== ERROR: == 
Unable to locate bets for Match ID: 9720 from the Database.
Likely, there are no bets for this match.
Please verify this is accurate in the databse [activebets table]
10-02 22:06:01: - Logging - 
Unable to locate bets for Match #9720 - Verify that this is accurate
10-02 22:06:01: - Logging - 
== ERROR: == 
Unable to locate bets for Match ID: 8696 from the Database.
Likely, there are no bets for this match.
Please verify this is accurate in the databse [activebets table]
10-02 22:06:01: - Logging - 
Unable to locate bets for Match #8696 - Verify that this is accurate
10-02 22:06:01: - Logging - 
== ERROR: == 
Unable to locate bets for Match ID: 7843 from the Database.
Likely, there are no bets for this match.
Please verify this is accurate in the databse [activebets table]
10-02 22:06:01: - Logging - 
Unable to locate bets for Match #7843 - Verify that this is accurate
10-02 22:08:01: - Logging - 
== ERROR: == 
Unable to locate bets for Match ID: 9720 from the Database.
Likely, there are no bets for this match.
Please verify this is accurate in the databse [activebets table]
10-02 22:08:01: - Logging - 
Unable to locate bets for Match #9720 - Verify that this is accurate
10-02 22:08:01: - Logging - 
== ERROR: == 
Unable to locate bets for Match ID: 8696 from the Database.
Likely, there are no bets for this match.
Please verify this is accurate in the databse [activebets table]
10-02 22:08:01: - Logging - 
Unable to locate bets for Match #8696 - Verify that this is accurate
10-02 22:08:01: - Logging - 
== ERROR: == 
Unable to locate bets for Match ID: 7843 from the Database.
Likely, there are no bets for this match.
Please verify this is accurate in the databse [activebets table]
10-02 22:08:01: - Logging - 
Unable to locate bets for Match #7843 - Verify that this is accurate
10-02 22:10:04: - Logging - 
== ERROR: == 
Unable to locate bets for Match ID: 9720 from the Database.
Likely, there are no bets for this match.
Please verify this is accurate in the databse [activebets table]
10-02 22:10:04: - Logging - 
Unable to locate bets for Match #9720 - Verify that this is accurate
10-02 22:10:04: - Logging - 
== ERROR: == 
Unable to locate bets for Match ID: 8696 from the Database.
Likely, there are no bets for this match.
Please verify this is accurate in the databse [activebets table]
10-02 22:10:04: - Logging - 
Unable to locate bets for Match #8696 - Verify that this is accurate
10-02 22:10:04: - Logging - 
== ERROR: == 
Unable to locate bets for Match ID: 7843 from the Database.
Likely, there are no bets for this match.
Please verify this is accurate in the databse [activebets table]
10-02 22:10:04: - Logging - 
Unable to locate bets for Match #7843 - Verify that this is accurate
10-02 22:14:02: - Logging - 
== ERROR: == 
Unable to locate bets for Match ID: 9720 from the Database.
Likely, there are no bets for this match.
Please verify this is accurate in the databse [activebets table]
10-02 22:14:02: - Logging - 
Unable to locate bets for Match #9720 - Verify that this is accurate
10-02 22:14:02: - Logging - 
== ERROR: == 
Unable to locate bets for Match ID: 8696 from the Database.
Likely, there are no bets for this match.
Please verify this is accurate in the databse [activebets table]
10-02 22:14:02: - Logging - 
Unable to locate bets for Match #8696 - Verify that this is accurate
10-02 22:14:02: - Logging - 
== ERROR: == 
Unable to locate bets for Match ID: 7843 from the Database.
Likely, there are no bets for this match.
Please verify this is accurate in the databse [activebets table]
10-02 22:14:02: - Logging - 
Unable to locate bets for Match #7843 - Verify that this is accurate
10-02 22:16:01: - Logging - 
== ERROR: == 
Unable to locate bets for Match ID: 9720 from the Database.
Likely, there are no bets for this match.
Please verify this is accurate in the databse [activebets table]
10-02 22:16:01: - Logging - 
Unable to locate bets for Match #9720 - Verify that this is accurate
10-02 22:16:01: - Logging - 
== ERROR: == 
Unable to locate bets for Match ID: 8696 from the Database.
Likely, there are no bets for this match.
Please verify this is accurate in the databse [activebets table]
10-02 22:16:01: - Logging - 
Unable to locate bets for Match #8696 - Verify that this is accurate
10-02 22:16:01: - Logging - 
== ERROR: == 
Unable to locate bets for Match ID: 7843 from the Database.
Likely, there are no bets for this match.
Please verify this is accurate in the databse [activebets table]
10-02 22:16:01: - Logging - 
Unable to locate bets for Match #7843 - Verify that this is accurate
10-02 22:18:01: - Logging - 
== ERROR: == 
Unable to locate bets for Match ID: 9720 from the Database.
Likely, there are no bets for this match.
Please verify this is accurate in the databse [activebets table]
10-02 22:18:01: - Logging - 
Unable to locate bets for Match #9720 - Verify that this is accurate
10-02 22:18:01: - Logging - 
== ERROR: == 
Unable to locate bets for Match ID: 8696 from the Database.
Likely, there are no bets for this match.
Please verify this is accurate in the databse [activebets table]
10-02 22:18:01: - Logging - 
Unable to locate bets for Match #8696 - Verify that this is accurate
10-02 22:18:01: - Logging - 
== ERROR: == 
Unable to locate bets for Match ID: 7843 from the Database.
Likely, there are no bets for this match.
Please verify this is accurate in the databse [activebets table]
10-02 22:18:01: - Logging - 
Unable to locate bets for Match #7843 - Verify that this is accurate
10-02 22:22:02: - Logging - 
== ERROR: == 
Unable to locate bets for Match ID: 9720 from the Database.
Likely, there are no bets for this match.
Please verify this is accurate in the databse [activebets table]
10-02 22:22:02: - Logging - 
Unable to locate bets for Match #9720 - Verify that this is accurate
10-02 22:22:02: - Logging - 
== ERROR: == 
Unable to locate bets for Match ID: 8696 from the Database.
Likely, there are no bets for this match.
Please verify this is accurate in the databse [activebets table]
10-02 22:22:02: - Logging - 
Unable to locate bets for Match #8696 - Verify that this is accurate
10-02 22:22:02: - Logging - 
== ERROR: == 
Unable to locate bets for Match ID: 7843 from the Database.
Likely, there are no bets for this match.
Please verify this is accurate in the databse [activebets table]
10-02 22:22:02: - Logging - 
Unable to locate bets for Match #7843 - Verify that this is accurate
10-02 23:51:28: - Logging - 
Unable to locate bets for Match #1111 - Verify that this is accurate
10-03 00:09:31: - Logging - 
Unable to locate bets for Match #1111 - Verify that this is accurate
10-03 00:09:31: - Logging - 
Unable to locate bets for Match #1122 - Verify that this is accurate
10-03 00:42:54: - Logging - 
Unable to locate bets for Match #4444 - Verify that this is accurate
10-03 01:10:54: - Logging - 
Unable to locate bets for Match #3333 - Verify that this is accurate
10-03 01:10:54: - Logging - 
Unable to locate bets for Match #4444 - Verify that this is accurate
10-03 01:12:21: - Logging - 
Unable to locate bets for Match #3333 - Verify that this is accurate
10-03 01:12:21: - Logging - 
Unable to locate bets for Match #4444 - Verify that this is accurate
10-03 01:15:55: - Logging - 
Unable to locate bets for Match #3333 - Verify that this is accurate
10-03 01:15:55: - Logging - 
Unable to locate bets for Match #4444 - Verify that this is accurate
10-03 01:17:05: - Logging - 
Unable to locate bets for Match #3333 - Verify that this is accurate
10-03 01:23:11: - Logging - 
Unable to locate bets for Match #4444 - Verify that this is accurate
10-03 01:27:32: - Logging - 
Unable to locate bets for Match #3333 - Verify that this is accurate
10-03 01:27:33: - Logging - 
Unable to locate bets for Match #4444 - Verify that this is accurate
10-03 01:28:25: - Logging - 
Unable to locate bets for Match #3333 - Verify that this is accurate
10-03 01:30:19: - Logging - 
Unable to locate bets for Match #4444 - Verify that this is accurate
10-03 01:33:31: - Logging - 
Unable to locate bets for Match #4444 - Verify that this is accurate
10-03 01:35:40: - Logging - 
Unable to locate bets for Match #3333 - Verify that this is accurate
10-03 01:35:40: - Logging - 
Unable to locate bets for Match #4444 - Verify that this is accurate
10-03 01:40:10: - Logging - 
== ERROR: == 
Unable to locate bets for Match ID: 3333 from the Database.
Likely, there are no bets for this match.
Please verify this is accurate in the databse [activebets table]
10-03 02:06:48: - Logging - 
== ERROR: == 
Unable to locate bets for Match ID: 3333 from the Database.
Likely, there are no bets for this match.
Please verify this is accurate in the databse [activebets table]
10-03 02:06:48: - Logging - 
Unable to locate bets for Match #3333 - Verify that this is accurate
10-03 02:06:48: - Logging - 
== ERROR: == 
Unable to locate bets for Match ID: 4444 from the Database.
Likely, there are no bets for this match.
Please verify this is accurate in the databse [activebets table]
10-03 02:06:48: - Logging - 
Unable to locate bets for Match #4444 - Verify that this is accurate
10-03 02:23:49: - Logging - 
== ERROR: == 
Unable to locate bets for Match ID: 4444 from the Database.
Likely, there are no bets for this match.
Please verify this is accurate in the databse [activebets table]
10-03 02:24:15: - Logging - 
== ERROR: == 
Unable to locate bets for Match ID: 4444 from the Database.
Likely, there are no bets for this match.
Please verify this is accurate in the databse [activebets table]
10-03 02:24:15: - Logging - 
Unable to locate bets for Match #4444 - Verify that this is accurate
10-03 02:24:15: - Logging - 
== ERROR: == 
Unable to locate bets for Match ID: 3333 from the Database.
Likely, there are no bets for this match.
Please verify this is accurate in the databse [activebets table]
10-03 02:24:15: - Logging - 
Unable to locate bets for Match #3333 - Verify that this is accurate
10-03 02:24:46: - Logging - 
== ERROR: == 
Unable to locate bets for Match ID: 4444 from the Database.
Likely, there are no bets for this match.
Please verify this is accurate in the databse [activebets table]
10-03 02:24:46: - Logging - 
Unable to locate bets for Match #4444 - Verify that this is accurate
10-03 02:24:46: - Logging - 
== ERROR: == 
Unable to locate bets for Match ID: 3333 from the Database.
Likely, there are no bets for this match.
Please verify this is accurate in the databse [activebets table]
10-03 02:24:46: - Logging - 
Unable to locate bets for Match #3333 - Verify that this is accurate
10-03 02:26:39: - Logging - 
== ERROR: == 
Unable to locate bets for Match ID: 4444 from the Database.
Likely, there are no bets for this match.
Please verify this is accurate in the databse [activebets table]
10-03 02:26:39: - Logging - 
No bets found for Match ID: 4444
10-03 02:26:39: - Logging - 
Match 3333 is already in progress to be closed - Ceasing close bet operations.
10-03 02:26:39: - Logging - 
== ERROR: == 
Unable to locate bets for Match ID: 3333 from the Database.
Likely, there are no bets for this match.
Please verify this is accurate in the databse [activebets table]
10-03 02:27:52: - Logging - 
Match 4444 is already in progress to be closed - Ceasing close bet operations.
10-03 02:28:37: - Logging - 
Error: Match 4444 is already in progress to be closed - Ceasing close bet operations.
10-03 02:28:37: - Logging - 
Error: Match 3333 is already in progress to be closed - Ceasing close bet operations.
10-03 02:28:37: - Logging - 
== ERROR: == 
Unable to locate bets for Match ID: 4444 from the Database.
Likely, there are no bets for this match.
Please verify this is accurate in the databse [activebets table]
10-03 02:28:37: - Logging - 
== ERROR: == 
Unable to locate bets for Match ID: 3333 from the Database.
Likely, there are no bets for this match.
Please verify this is accurate in the databse [activebets table]
10-03 02:31:14: - Logging - 
== ERROR: == 
Unable to locate bets for Match ID: 4444 from the Database.
Likely, there are no bets for this match.
Please verify this is accurate in the databse [activebets table]
10-03 02:31:14: - Logging - 
No bets found for Match ID: 4444
10-03 02:31:15: - Logging - 
== ERROR: == 
Unable to locate bets for Match ID: 3333 from the Database.
Likely, there are no bets for this match.
Please verify this is accurate in the databse [activebets table]
10-03 02:31:15: - Logging - 
No bets found for Match ID: 3333
10-03 02:31:50: - Logging - 
== ERROR: == 
Unable to locate bets for Match ID: 4444 from the Database.
Likely, there are no bets for this match.
Please verify this is accurate in the databse [activebets table]
10-03 02:31:50: - Logging - 
No bets found for Match ID: 4444
10-03 02:31:50: - Logging - 
== ERROR: == 
Unable to locate bets for Match ID: 3333 from the Database.
Likely, there are no bets for this match.
Please verify this is accurate in the databse [activebets table]
10-03 02:31:50: - Logging - 
No bets found for Match ID: 3333
10-03 02:32:17: - Logging - 
== ERROR: == 
Unable to locate bets for Match ID: 4444 from the Database.
Likely, there are no bets for this match.
Please verify this is accurate in the databse [activebets table]
10-03 02:32:17: - Logging - 
No bets found for Match ID: 4444
10-03 02:32:17: - Logging - 
== ERROR: == 
Unable to locate bets for Match ID: 3333 from the Database.
Likely, there are no bets for this match.
Please verify this is accurate in the databse [activebets table]
10-03 02:32:17: - Logging - 
No bets found for Match ID: 3333
10-03 02:35:18: - Logging - 
== ERROR: == 
Unable to locate bets for Match ID: 4444 from the Database.
Likely, there are no bets for this match.
Please verify this is accurate in the databse [activebets table]
10-03 02:35:18: - Logging - 
No bets found for Match ID: 4444
10-03 02:35:18: - Logging - 
== ERROR: == 
Unable to locate bets for Match ID: 3333 from the Database.
Likely, there are no bets for this match.
Please verify this is accurate in the databse [activebets table]
10-03 02:35:18: - Logging - 
No bets found for Match ID: 3333
10-03 02:35:45: - Logging - 
== ERROR: == 
Unable to locate bets for Match ID: 4444 from the Database.
Likely, there are no bets for this match.
Please verify this is accurate in the databse [activebets table]
10-03 02:35:45: - Logging - 
No bets found for Match ID: 4444
10-03 02:35:45: - Logging - 
== ERROR: == 
Unable to locate bets for Match ID: 3333 from the Database.
Likely, there are no bets for this match.
Please verify this is accurate in the databse [activebets table]
10-03 02:35:45: - Logging - 
No bets found for Match ID: 3333
10-03 23:15:02: - Logging - 
== ERROR: == 
Unable to locate bets for Match ID: 919 from the Database.
Likely, there are no bets for this match.
Please verify this is accurate in the databse [activebets table]
10-03 23:15:02: - Logging - 
No bets found for Match ID: 919
10-03 23:20:03: - Logging - 
== ERROR: == 
Unable to locate bets for Match ID: 919 from the Database.
Likely, there are no bets for this match.
Please verify this is accurate in the databse [activebets table]
10-03 23:20:03: - Logging - 
No bets found for Match ID: 919
10-03 23:25:01: - Logging - 
== ERROR: == 
Unable to locate bets for Match ID: 919 from the Database.
Likely, there are no bets for this match.
Please verify this is accurate in the databse [activebets table]
10-03 23:25:01: - Logging - 
No bets found for Match ID: 919
10-03 23:30:01: - Logging - 
== ERROR: == 
Unable to locate bets for Match ID: 919 from the Database.
Likely, there are no bets for this match.
Please verify this is accurate in the databse [activebets table]
10-03 23:30:01: - Logging - 
No bets found for Match ID: 919
10-03 23:35:04: - Logging - 
== ERROR: == 
Unable to locate bets for Match ID: 919 from the Database.
Likely, there are no bets for this match.
Please verify this is accurate in the databse [activebets table]
10-03 23:35:04: - Logging - 
No bets found for Match ID: 919
10-03 23:40:00: - Logging - 
== ERROR: == 
Unable to locate bets for Match ID: 919 from the Database.
Likely, there are no bets for this match.
Please verify this is accurate in the databse [activebets table]
10-03 23:40:00: - Logging - 
No bets found for Match ID: 919
10-03 23:45:01: - Logging - 
== ERROR: == 
Unable to locate bets for Match ID: 919 from the Database.
Likely, there are no bets for this match.
Please verify this is accurate in the databse [activebets table]
10-03 23:45:01: - Logging - 
No bets found for Match ID: 919
10-03 23:50:04: - Logging - 
== ERROR: == 
Unable to locate bets for Match ID: 919 from the Database.
Likely, there are no bets for this match.
Please verify this is accurate in the databse [activebets table]
10-03 23:50:04: - Logging - 
No bets found for Match ID: 919
10-03 23:55:00: - Logging - 
== ERROR: == 
Unable to locate bets for Match ID: 919 from the Database.
Likely, there are no bets for this match.
Please verify this is accurate in the databse [activebets table]
10-03 23:55:00: - Logging - 
No bets found for Match ID: 919
10-04 02:20:04: - Logging - 
== ERROR: == 
Unable to locate bets for Match ID: 7568 from the Database.
Likely, there are no bets for this match.
Please verify this is accurate in the databse [activebets table]
10-04 02:20:04: - Logging - 
No bets found for Match ID: 7568
10-04 02:50:02: - Logging - 
== ERROR: == 
Unable to locate bets for Match ID: 7588 from the Database.
Likely, there are no bets for this match.
Please verify this is accurate in the databse [activebets table]
10-04 02:50:02: - Logging - 
No bets found for Match ID: 7588
10-16 15:58:01: - Logging - 
== ERROR: == 
Unable to locate bets for Match ID: 1925 from the Database.
Likely, there are no bets for this match.
Please verify this is accurate in the databse [activebets table]
10-16 15:58:01: - Logging - 
No bets found for Match ID: 1925
10-16 17:44:00: - Logging - 
== ERROR: == 
Unable to locate bets for Match ID: 2951 from the Database.
Likely, there are no bets for this match.
Please verify this is accurate in the databse [activebets table]
10-16 17:44:00: - Logging - 
No bets found for Match ID: 2951
10-16 17:44:00: - Logging - 
== ERROR: == 
Unable to locate bets for Match ID: 6310 from the Database.
Likely, there are no bets for this match.
Please verify this is accurate in the databse [activebets table]
10-16 17:44:00: - Logging - 
No bets found for Match ID: 6310
10-16 17:44:00: - Logging - 
== ERROR: == 
Unable to locate bets for Match ID: 151 from the Database.
Likely, there are no bets for this match.
Please verify this is accurate in the databse [activebets table]
10-16 17:44:00: - Logging - 
No bets found for Match ID: 151
10-16 17:44:01: - Logging - 
== ERROR: == 
Unable to locate bets for Match ID: 3035 from the Database.
Likely, there are no bets for this match.
Please verify this is accurate in the databse [activebets table]
10-16 17:44:01: - Logging - 
No bets found for Match ID: 3035
10-16 17:44:01: - Logging - 
== ERROR: == 
Unable to locate bets for Match ID: 6407 from the Database.
Likely, there are no bets for this match.
Please verify this is accurate in the databse [activebets table]
10-16 17:44:01: - Logging - 
No bets found for Match ID: 6407
10-16 17:44:01: - Logging - 
== ERROR: == 
Unable to locate bets for Match ID: 547 from the Database.
Likely, there are no bets for this match.
Please verify this is accurate in the databse [activebets table]
10-16 17:44:01: - Logging - 
No bets found for Match ID: 547
10-16 17:44:01: - Logging - 
== ERROR: == 
Unable to locate bets for Match ID: 6365 from the Database.
Likely, there are no bets for this match.
Please verify this is accurate in the databse [activebets table]
10-16 17:44:01: - Logging - 
No bets found for Match ID: 6365
10-21 23:27:01: --------    -------- 
== ERROR: == 
Unable to locate bets for Match ID: 4399 from the Database.
Likely, there are no bets for this match.
Please verify this is accurate in the databse [activebets table]
--------    --------
10-21 23:27:01: --------    -------- 
No bets found for Match ID: 4399
--------    --------
10-23 20:40:02: --------    -------- 
== ERROR: == 
Unable to locate bets for Match ID: 8405 from the Database.
Likely, there are no bets for this match.
Please verify this is accurate in the databse [activebets table]
--------    --------
10-23 20:40:02: --------    -------- 
No bets found for Match ID: 8405
--------    --------
10-23 20:40:02: --------    -------- 
== ERROR: == 
Unable to locate bets for Match ID: 1521 from the Database.
Likely, there are no bets for this match.
Please verify this is accurate in the databse [activebets table]
--------    --------
10-23 20:40:02: --------    -------- 
No bets found for Match ID: 1521
--------    --------
10-23 20:40:02: --------    -------- 
== ERROR: == 
Unable to locate bets for Match ID: 7602 from the Database.
Likely, there are no bets for this match.
Please verify this is accurate in the databse [activebets table]
--------    --------
10-23 20:40:02: --------    -------- 
No bets found for Match ID: 7602
--------    --------
10-23 20:40:02: --------    -------- 
== ERROR: == 
Unable to locate bets for Match ID: 2025 from the Database.
Likely, there are no bets for this match.
Please verify this is accurate in the databse [activebets table]
--------    --------
10-23 20:40:02: --------    -------- 
No bets found for Match ID: 2025
--------    --------
10-23 20:40:02: --------    -------- 
== ERROR: == 
Unable to locate bets for Match ID: 7242 from the Database.
Likely, there are no bets for this match.
Please verify this is accurate in the databse [activebets table]
--------    --------
10-23 20:40:02: --------    -------- 
No bets found for Match ID: 7242
--------    --------
10-23 20:40:02: --------    -------- 
== ERROR: == 
Unable to locate bets for Match ID: 2552 from the Database.
Likely, there are no bets for this match.
Please verify this is accurate in the databse [activebets table]
--------    --------
10-23 20:40:02: --------    -------- 
No bets found for Match ID: 2552
--------    --------
10-23 20:40:02: --------    -------- 
== ERROR: == 
Unable to locate bets for Match ID: 6999 from the Database.
Likely, there are no bets for this match.
Please verify this is accurate in the databse [activebets table]
--------    --------
10-23 20:40:02: --------    -------- 
No bets found for Match ID: 6999
--------    --------
10-23 20:40:02: --------    -------- 
== ERROR: == 
Unable to locate bets for Match ID: 4455 from the Database.
Likely, there are no bets for this match.
Please verify this is accurate in the databse [activebets table]
--------    --------
10-23 20:40:02: --------    -------- 
No bets found for Match ID: 4455
--------    --------
10-23 20:40:02: --------    -------- 
== ERROR: == 
Unable to locate bets for Match ID: 5079 from the Database.
Likely, there are no bets for this match.
Please verify this is accurate in the databse [activebets table]
--------    --------
10-23 20:40:02: --------    -------- 
No bets found for Match ID: 5079
--------    --------
10-23 21:16:01: --------    -------- 
== ERROR: == 
Unable to locate bets for Match ID: 8405 from the Database.
Likely, there are no bets for this match.
Please verify this is accurate in the databse [activebets table]
--------    --------
10-23 21:16:01: --------    -------- 
No bets found for Match ID: 8405
--------    --------
10-23 21:16:01: --------    -------- 
== ERROR: == 
Unable to locate bets for Match ID: 1521 from the Database.
Likely, there are no bets for this match.
Please verify this is accurate in the databse [activebets table]
--------    --------
10-23 21:16:01: --------    -------- 
No bets found for Match ID: 1521
--------    --------
10-23 21:16:01: --------    -------- 
== ERROR: == 
Unable to locate bets for Match ID: 7602 from the Database.
Likely, there are no bets for this match.
Please verify this is accurate in the databse [activebets table]
--------    --------
10-23 21:16:01: --------    -------- 
No bets found for Match ID: 7602
--------    --------
10-23 21:16:01: --------    -------- 
== ERROR: == 
Unable to locate bets for Match ID: 4010 from the Database.
Likely, there are no bets for this match.
Please verify this is accurate in the databse [activebets table]
--------    --------
10-23 21:16:01: --------    -------- 
No bets found for Match ID: 4010
--------    --------
10-23 21:16:01: --------    -------- 
== ERROR: == 
Unable to locate bets for Match ID: 2025 from the Database.
Likely, there are no bets for this match.
Please verify this is accurate in the databse [activebets table]
--------    --------
10-23 21:16:01: --------    -------- 
No bets found for Match ID: 2025
--------    --------
10-23 21:16:01: --------    -------- 
== ERROR: == 
Unable to locate bets for Match ID: 7242 from the Database.
Likely, there are no bets for this match.
Please verify this is accurate in the databse [activebets table]
--------    --------
10-23 21:16:01: --------    -------- 
No bets found for Match ID: 7242
--------    --------
10-23 21:16:01: --------    -------- 
== ERROR: == 
Unable to locate bets for Match ID: 2552 from the Database.
Likely, there are no bets for this match.
Please verify this is accurate in the databse [activebets table]
--------    --------
10-23 21:16:01: --------    -------- 
No bets found for Match ID: 2552
--------    --------
10-23 21:16:01: --------    -------- 
== ERROR: == 
Unable to locate bets for Match ID: 6999 from the Database.
Likely, there are no bets for this match.
Please verify this is accurate in the databse [activebets table]
--------    --------
10-23 21:16:01: --------    -------- 
No bets found for Match ID: 6999
--------    --------
10-23 21:16:01: --------    -------- 
== ERROR: == 
Unable to locate bets for Match ID: 4455 from the Database.
Likely, there are no bets for this match.
Please verify this is accurate in the databse [activebets table]
--------    --------
10-23 21:16:01: --------    -------- 
No bets found for Match ID: 4455
--------    --------
10-23 21:16:02: --------    -------- 
== ERROR: == 
Unable to locate bets for Match ID: 5079 from the Database.
Likely, there are no bets for this match.
Please verify this is accurate in the databse [activebets table]
--------    --------
10-23 21:16:02: --------    -------- 
No bets found for Match ID: 5079
--------    --------
10-27 16:09:17: --------    -------- 
== ERROR: == 
Unable to locate bets for Match ID: 501 from the Database.
Likely, there are no bets for this match.
Please verify this is accurate in the databse [activebets table]
--------    --------
10-27 16:09:17: --------    -------- 
No bets found for Match ID: 501
--------    --------
10-27 16:09:18: --------    -------- 
== ERROR: == 
Unable to locate bets for Match ID: 6694 from the Database.
Likely, there are no bets for this match.
Please verify this is accurate in the databse [activebets table]
--------    --------
10-27 16:09:18: --------    -------- 
No bets found for Match ID: 6694
--------    --------
