10-02 16:52:03: - Logging - 
Error: Unable to locate bet #5177 for deletion.
TypeError: Cannot read properties of undefined (reading 'splice')
10-02 16:56:02: - Logging - 
Error: Unable to locate bet #5425 for deletion.
TypeError: Cannot read properties of undefined (reading 'splice')
10-02 16:56:02: - Logging - 
Error: Unable to locate bet #4180 for deletion.
TypeError: Cannot read properties of undefined (reading 'splice')
10-02 17:41:34: - Logging - 
Error: Unable to locate bet #5492 for deletion.
TypeError: Cannot read properties of undefined (reading 'splice')
10-02 17:55:21: - Logging - 
Error: Unable to locate bet #3722 for deletion.
TypeError: Cannot read properties of undefined (reading 'splice')
10-02 17:56:44: - Logging - 
Error: Unable to locate bet #7039 for deletion.
TypeError: Cannot read properties of undefined (reading 'splice')
10-02 18:48:48: - Logging - 
Error: Unable to locate bet #4751 for deletion.
TypeError: Cannot read properties of undefined (reading 'splice')
10-02 22:01:14: - Logging - 
Error: Unable to locate bet #1144 for deletion.
TypeError: Cannot read properties of undefined (reading 'splice')
10-02 23:47:19: - Logging - 
Error: Unable to locate bet #2222 for deletion.
TypeError: Cannot read properties of undefined (reading 'splice')
10-02 23:51:28: - Logging - 
Error: Unable to locate bet #2233 for deletion.
TypeError: Cannot read properties of undefined (reading 'splice')
10-03 00:22:09: - Logging - 
Error: Unable to locate bet #2222 for deletion.
TypeError: Cannot read properties of undefined (reading 'splice')
10-03 00:22:09: - Logging - 
Error: Unable to locate bet #1111 for deletion.
TypeError: Cannot read properties of undefined (reading 'splice')
10-03 00:30:07: - Logging - 
Error: Unable to locate bet #2222 for deletion.
TypeError: Cannot read properties of undefined (reading 'splice')
10-03 00:30:07: - Logging - 
Error: Unable to locate bet #1111 for deletion.
TypeError: Cannot read properties of undefined (reading 'splice')
10-03 00:31:40: - Logging - 
Error: Unable to locate bet #2222 for deletion.
TypeError: Cannot read properties of undefined (reading 'splice')
10-03 00:31:40: - Logging - 
Error: Unable to locate bet #1111 for deletion.
TypeError: Cannot read properties of undefined (reading 'splice')
10-03 00:34:17: - Logging - 
Error: Unable to locate bet #2222 for deletion.
TypeError: Cannot read properties of undefined (reading 'splice')
10-03 00:34:17: - Logging - 
Error: Unable to locate bet #1111 for deletion.
TypeError: Cannot read properties of undefined (reading 'splice')
10-03 00:38:22: - Logging - 
Error: Unable to locate bet #2222 for deletion.
TypeError: Cannot read properties of undefined (reading 'splice')
10-03 00:42:54: - Logging - 
Error: Unable to locate bet #2222 for deletion.
TypeError: Cannot read properties of undefined (reading 'splice')
10-03 01:23:11: - Logging - 
Error: Unable to locate bet #2222 for deletion.
TypeError: Cannot read properties of undefined (reading 'splice')
10-03 01:23:11: - Logging - 
Error: Unable to locate bet #1111 for deletion.
TypeError: Cannot read properties of undefined (reading 'splice')
10-03 01:27:33: - Logging - 
Error: Unable to locate bet #1111 for deletion.
TypeError: Cannot read properties of undefined (reading 'splice')
10-03 01:30:19: - Logging - 
Error: Unable to locate bet #2222 for deletion.
TypeError: Cannot read properties of undefined (reading 'splice')
10-03 01:30:19: - Logging - 
Error: Unable to locate bet #1111 for deletion.
TypeError: Cannot read properties of undefined (reading 'splice')
10-03 01:33:31: - Logging - 
Error: Unable to locate bet #2222 for deletion.
TypeError: Cannot read properties of undefined (reading 'splice')
10-03 01:33:31: - Logging - 
Error: Unable to locate bet #1111 for deletion.
TypeError: Cannot read properties of undefined (reading 'splice')
10-03 01:35:40: - Logging - 
Error: Unable to locate bet #1111 for deletion.
TypeError: Cannot read properties of undefined (reading 'splice')
10-03 01:42:25: - Logging - 
Error: Unable to locate bet #2222 for deletion.
TypeError: Cannot read properties of undefined (reading 'splice')
10-03 01:45:05: - Logging - 
Error: Unable to locate bet #2222 for deletion.
TypeError: Cannot read properties of undefined (reading 'splice')
10-03 01:45:05: - Logging - 
Error: Unable to locate bet #8888 for deletion.
TypeError: Cannot read properties of undefined (reading 'splice')
10-03 01:45:05: - Logging - 
Error: Unable to locate bet #1111 for deletion.
TypeError: Cannot read properties of undefined (reading 'splice')
10-03 01:46:41: - Logging - 
Error: Unable to locate bet #2222 for deletion.
TypeError: Cannot read properties of undefined (reading 'splice')
10-03 01:46:41: - Logging - 
Error: Unable to locate bet #8888 for deletion.
TypeError: Cannot read properties of undefined (reading 'splice')
10-03 01:46:41: - Logging - 
Error: Unable to locate bet #1111 for deletion.
TypeError: Cannot read properties of undefined (reading 'splice')
10-03 01:56:02: - Logging - 
Error: Unable to locate bet #2222 for deletion.
TypeError: Cannot read properties of undefined (reading 'splice')
10-03 01:57:14: - Logging - 
Error: Unable to locate bet #2222 for deletion.
TypeError: Cannot read properties of undefined (reading 'splice')
10-03 01:57:14: - Logging - 
Error: Unable to locate bet #1111 for deletion.
TypeError: Cannot read properties of undefined (reading 'splice')
10-03 01:57:14: - Logging - 
Error: Unable to locate bet #8888 for deletion.
TypeError: Cannot read properties of undefined (reading 'splice')
10-03 01:57:14: - Logging - 
Error: Unable to locate bet #undefined for deletion.
TypeError: Cannot read properties of undefined (reading 'splice')
10-03 01:57:14: - Logging - 
Error: Unable to locate bet #undefined for deletion.
TypeError: Cannot read properties of undefined (reading 'splice')
10-03 01:59:39: - Logging - 
Error: Unable to locate bet #2222 for deletion.
TypeError: Cannot read properties of undefined (reading 'splice')
10-03 01:59:39: - Logging - 
Error: Unable to locate bet #1111 for deletion.
TypeError: Cannot read properties of undefined (reading 'splice')
10-03 01:59:39: - Logging - 
Error: Unable to locate bet #8888 for deletion.
TypeError: Cannot read properties of undefined (reading 'splice')
10-03 01:59:39: - Logging - 
Error: Unable to locate bet #8888 for deletion.
TypeError: Cannot read properties of undefined (reading 'splice')
10-03 01:59:39: - Logging - 
Error: Unable to locate bet #8888 for deletion.
TypeError: Cannot read properties of undefined (reading 'splice')
10-03 02:03:35: - Logging - 
Error: Unable to locate bet #2222 for deletion.
TypeError: Cannot read properties of undefined (reading 'splice')
10-03 02:03:35: - Logging - 
Error: Unable to locate bet #1111 for deletion.
TypeError: Cannot read properties of undefined (reading 'splice')
10-03 02:03:35: - Logging - 
Error: Unable to locate bet #8888 for deletion.
TypeError: Cannot read properties of undefined (reading 'splice')
10-03 02:03:35: - Logging - 
Error: Unable to locate bet #8888 for deletion.
TypeError: Cannot read properties of undefined (reading 'splice')
10-03 02:03:35: - Logging - 
Error: Unable to locate bet #8888 for deletion.
TypeError: Cannot read properties of undefined (reading 'splice')
10-03 02:05:25: - Logging - 
Error: Unable to locate bet #2222 for deletion.
TypeError: Cannot read properties of undefined (reading 'splice')
10-03 02:05:38: - Logging - 
Error: Unable to locate bet #1111 for deletion.
TypeError: Cannot read properties of undefined (reading 'splice')
10-03 02:05:49: - Logging - 
Error: Unable to locate bet #8888 for deletion.
TypeError: Cannot read properties of undefined (reading 'splice')
10-03 02:05:55: - Logging - 
Error: Unable to locate bet #8888 for deletion.
TypeError: Cannot read properties of undefined (reading 'splice')
10-03 02:07:21: - Logging - 
Error: Unable to locate bet #2222 for deletion.
TypeError: Cannot read properties of undefined (reading 'splice')
10-03 02:07:21: - Logging - 
Error: Unable to locate bet #1111 for deletion.
TypeError: Cannot read properties of undefined (reading 'splice')
10-03 02:07:21: - Logging - 
Error: Unable to locate bet #8888 for deletion.
TypeError: Cannot read properties of undefined (reading 'splice')
10-03 02:07:21: - Logging - 
Error: Unable to locate bet #8888 for deletion.
TypeError: Cannot read properties of undefined (reading 'splice')
10-03 02:07:21: - Logging - 
Error: Unable to locate bet #8888 for deletion.
TypeError: Cannot read properties of undefined (reading 'splice')
10-03 02:12:07: - Logging - 
Error: Unable to locate bet #2222 for deletion.
TypeError: Cannot read properties of undefined (reading 'splice')
10-03 02:12:07: - Logging - 
Error: Unable to locate bet #1111 for deletion.
TypeError: Cannot read properties of undefined (reading 'splice')
10-03 02:12:07: - Logging - 
Error: Unable to locate bet #8888 for deletion.
TypeError: Cannot read properties of undefined (reading 'splice')
10-03 02:12:07: - Logging - 
Error: Unable to locate bet #8888 for deletion.
TypeError: Cannot read properties of undefined (reading 'splice')
10-03 02:12:07: - Logging - 
Error: Unable to locate bet #8888 for deletion.
TypeError: Cannot read properties of undefined (reading 'splice')
10-03 02:21:08: - Logging - 
Error: Unable to locate bet #2222 for deletion.
TypeError: Cannot read properties of undefined (reading 'splice')
10-03 02:21:08: - Logging - 
Error: Unable to locate bet #1111 for deletion.
TypeError: Cannot read properties of undefined (reading 'splice')
10-03 02:21:08: - Logging - 
Error: Unable to locate bet #8888 for deletion.
TypeError: Cannot read properties of undefined (reading 'splice')
10-03 02:21:08: - Logging - 
Error: Unable to locate bet #8888 for deletion.
TypeError: Cannot read properties of undefined (reading 'splice')
10-03 02:21:08: - Logging - 
Error: Unable to locate bet #8888 for deletion.
TypeError: Cannot read properties of undefined (reading 'splice')
10-03 02:23:11: - Logging - 
Error: Unable to locate bet #1111 for deletion.
TypeError: Cannot read properties of undefined (reading 'splice')
10-03 02:23:11: - Logging - 
Error: Unable to locate bet #8888 for deletion.
TypeError: Cannot read properties of undefined (reading 'splice')
10-03 02:23:11: - Logging - 
Error: Unable to locate bet #2222 for deletion.
TypeError: Cannot read properties of undefined (reading 'splice')
10-03 02:23:11: - Logging - 
Error: Unable to locate bet #8888 for deletion.
TypeError: Cannot read properties of undefined (reading 'splice')
10-03 02:37:40: - Logging - 
Error: Unable to locate bet #1111 for deletion.
TypeError: Cannot read properties of undefined (reading 'splice')
10-03 02:37:40: - Logging - 
Error: Unable to locate bet #8888 for deletion.
TypeError: Cannot read properties of undefined (reading 'splice')
10-03 02:37:40: - Logging - 
Error: Unable to locate bet #2222 for deletion.
TypeError: Cannot read properties of undefined (reading 'splice')
10-03 02:37:40: - Logging - 
Error: Unable to locate bet #8888 for deletion.
TypeError: Cannot read properties of undefined (reading 'splice')
10-03 23:05:04: - Logging - 
Error: Unable to locate bet #4951 for deletion.
TypeError: Cannot read properties of null (reading 'splice')
10-04 01:45:01: - Logging - 
Error: Unable to locate bet #7949 for deletion.
TypeError: Cannot read properties of null (reading 'splice')
10-04 01:45:01: - Logging - 
Error: Unable to locate bet #7949 for deletion.
TypeError: Cannot read properties of null (reading 'splice')
10-04 01:48:00: - Logging - 
Error: Unable to locate bet #116 for deletion.
TypeError: Cannot read properties of null (reading 'splice')
10-04 01:55:00: - Logging - 
Error: Unable to locate bet #3365 for deletion.
TypeError: Cannot read properties of null (reading 'splice')
10-04 01:55:00: - Logging - 
Error: Unable to locate bet #3365 for deletion.
TypeError: Cannot read properties of null (reading 'splice')
10-04 01:55:00: - Logging - 
Error: Unable to locate bet #3365 for deletion.
TypeError: Cannot read properties of null (reading 'splice')
10-04 01:56:00: - Logging - 
Error: Unable to locate bet #1150 for deletion.
TypeError: Cannot read properties of null (reading 'splice')
10-04 01:56:00: - Logging - 
Error: Unable to locate bet #1150 for deletion.
TypeError: Cannot read properties of null (reading 'splice')
10-21 01:35:02: --------    -------- 
Error: Unable to locate bet #5748 for deletion.
TypeError: Cannot read properties of undefined (reading 'splice')
--------    --------
10-23 20:40:02: --------    -------- 
Error: Unable to locate bet #8023 for deletion.
TypeError: Cannot read properties of undefined (reading 'splice')
--------    --------
10-23 20:40:02: --------    -------- 
Error: Unable to locate bet #8023 for deletion.
TypeError: Cannot read properties of undefined (reading 'splice')
--------    --------
10-23 20:40:02: --------    -------- 
Error: Unable to locate bet #68 for deletion.
TypeError: Cannot read properties of undefined (reading 'splice')
--------    --------
10-23 20:40:02: --------    -------- 
Error: Unable to locate bet #68 for deletion.
TypeError: Cannot read properties of undefined (reading 'splice')
--------    --------
10-23 21:16:02: --------    -------- 
Error: Unable to locate bet #7334 for deletion.
TypeError: Cannot read properties of undefined (reading 'splice')
--------    --------
