09-24 17:50:18: - Logging - 
Launching [closeMatchups.js]
09-24 17:50:18: - Logging - 
Launching [closeMatchups.js]
09-24 17:53:17: - Logging - 
Launching [closeMatchups.js]
09-24 17:53:17: - Logging - 
Launching [closeMatchups.js]
09-24 17:56:05: - Logging - 
Launching [closeMatchups.js]
09-24 17:56:05: - Logging - 
Launching [closeMatchups.js]
09-24 17:56:05: - Logging - 
[closeMatchups.js] User undefined has 0 active bet(s).
09-24 17:56:05: - Logging - 
User undefined has no active bets
Ceased closing bet operations - no data has been changed,
09-24 17:56:05: - Logging - 
[closeMatchups.js] Operations for undefined completed.
09-25 16:10:01: - Logging - 
Launching [closeMatchups.js]
09-25 16:20:01: - Logging - 
Launching [closeMatchups.js]
09-25 16:25:04: - Logging - 
Launching [closeMatchups.js]
09-25 16:35:01: - Logging - 
Launching [closeMatchups.js]
09-25 16:55:02: - Logging - 
Launching [closeMatchups.js]
09-25 17:00:01: - Logging - 
Launching [closeMatchups.js]
09-25 17:00:01: - Logging - 
Launching [closeMatchups.js]
09-25 17:00:01: - Logging - 
Launching [closeMatchups.js]
09-25 17:00:01: - Logging - 
[closeMatchups.js] User undefined has 0 active bet(s).
09-25 17:00:01: - Logging - 
User undefined has no active bets
Ceased closing bet operations - no data has been changed,
09-25 17:00:01: - Logging - 
[closeMatchups.js] Operations for undefined completed.
09-25 18:58:01: - Logging - 
Launching [closeMatchups.js]
09-25 19:00:03: - Logging - 
Launching [closeMatchups.js]
09-25 19:02:01: - Logging - 
Launching [closeMatchups.js]
09-25 19:04:01: - Logging - 
Launching [closeMatchups.js]
09-25 19:32:01: - Logging - 
Launching [closeMatchups.js]
09-25 19:34:01: - Logging - 
Launching [closeMatchups.js]
09-25 19:36:01: - Logging - 
Launching [closeMatchups.js]
09-25 19:38:02: - Logging - 
Launching [closeMatchups.js]
09-25 19:42:01: - Logging - 
Launching [closeMatchups.js]
09-25 19:42:01: - Logging - 
[closeMatchups.js] User undefined has 0 active bet(s).
09-25 19:42:01: - Logging - 
User undefined has no active bets
Ceased closing bet operations - no data has been changed,
09-25 19:42:01: - Logging - 
[closeMatchups.js] Operations for undefined completed.
