09-06 23:21:55: Launching [closeBets.js]
09-06 23:21:55: [closeBets.js] User 208016830491525120 has 3 active bet(s).
09-06 23:21:55: [closeBets.js] Deleted 9322 from 'activebets' table.
09-06 23:21:55: User <@208016830491525120>'s Bet 9322 has been closed (Won Bet).
09-06 23:21:55: [closeBets.js] Operations for 208016830491525120 completed.
09-06 23:33:58: Launching [closeBets.js]
09-06 23:33:58: [closeBets.js] User 208016830491525120 has 3 active bet(s).
09-06 23:33:58: [closeBets.js] Deleted 679 from 'activebets' table.
09-06 23:33:58: User <@208016830491525120>'s Bet 679 has been closed (Won Bet).
09-06 23:33:58: [closeBets.js] Operations for 208016830491525120 completed.
09-06 23:43:56: Launching [closeBets.js]
09-06 23:43:56: [closeBets.js] User 208016830491525120 has 3 active bet(s).
09-06 23:43:56: [closeBets.js] Deleted 7438 from 'activebets' table.
09-06 23:43:56: User <@208016830491525120>'s Bet 7438 has been closed (Won Bet).
09-06 23:43:56: [closeBets.js] Operations for 208016830491525120 completed.
09-07 00:30:43:
Launching [closeBets.js]
09-07 00:30:43:
[closeBets.js] User 208016830491525120 has 3 active bet(s).
09-07 00:30:43:
[closeBets.js] Deleted 9908 from 'activebets' table.
09-07 00:30:43:
User <@208016830491525120>'s Bet 9908 has been closed (Won Bet).
09-07 00:30:43:
[closeBets.js] Operations for 208016830491525120 completed.
09-07 12:35:34:
Launching [closeBets.js]
09-07 12:35:34:
[closeBets.js] User 208016830491525120 has 3 active bet(s).
09-07 12:35:34:
[closeBets.js] Deleted 3655 from 'activebets' table.
09-07 12:35:34:
User <@208016830491525120>'s Bet 3655 has been closed (Won Bet).
09-07 12:35:34:
[closeBets.js] Operations for 208016830491525120 completed.
09-07 12:41:11:
Launching [closeBets.js]
09-07 12:41:11:
[closeBets.js] User 208016830491525120 has 3 active bet(s).
09-07 12:41:11:
[closeBets.js] Deleted 3038 from 'activebets' table.
09-07 12:41:11:
User <@208016830491525120>'s Bet 3038 has been closed (Won Bet).
09-07 12:41:11:
[closeBets.js] Operations for 208016830491525120 completed.
09-08 23:53:00: - Logging - 
Launching [closeBets.js]
09-08 23:53:00: - Logging - 
Launching [closeBets.js]
09-08 23:53:00: - Logging - 
Launching [closeBets.js]
09-08 23:53:00: - Logging - 
Launching [closeBets.js]
09-08 23:54:00: - Logging - 
Launching [closeBets.js]
09-08 23:54:00: - Logging - 
Launching [closeBets.js]
09-08 23:54:00: - Logging - 
Launching [closeBets.js]
09-08 23:54:00: - Logging - 
Launching [closeBets.js]
09-08 23:55:01: - Logging - 
Launching [closeBets.js]
09-08 23:55:01: - Logging - 
Launching [closeBets.js]
09-08 23:55:01: - Logging - 
Launching [closeBets.js]
09-08 23:55:01: - Logging - 
Launching [closeBets.js]
09-08 23:56:01: - Logging - 
Launching [closeBets.js]
09-08 23:56:01: - Logging - 
Launching [closeBets.js]
09-08 23:56:01: - Logging - 
Launching [closeBets.js]
09-08 23:56:01: - Logging - 
Launching [closeBets.js]
09-08 23:57:01: - Logging - 
Launching [closeBets.js]
09-08 23:57:01: - Logging - 
Launching [closeBets.js]
09-08 23:57:01: - Logging - 
Launching [closeBets.js]
09-08 23:57:01: - Logging - 
Launching [closeBets.js]
09-09 00:02:01: - Logging - 
Launching [closeBets.js]
09-09 00:02:01: - Logging - 
Launching [closeBets.js]
09-09 00:02:01: - Logging - 
Launching [closeBets.js]
09-09 00:02:01: - Logging - 
Launching [closeBets.js]
09-09 00:02:01: - Logging - 
[closeBets.js] User 208016830491525120 has 2 active bet(s).
09-09 00:02:01: - Logging - 
[closeBets.js] Deleted 2694 from 'activebets' table.
09-09 00:02:01: - Logging - 
User <@208016830491525120>'s Bet 2694 has been closed (Lost Bet).
09-09 00:02:01: - Logging - 
[closeBets.js] Operations for 208016830491525120 completed.
09-09 00:02:01: - Logging - 
[closeBets.js] User 229030234563805185 has 1 active bet(s).
09-09 00:02:01: - Logging - 
[closeBets.js] User 461738034581209088 has 1 active bet(s).
09-09 00:02:01: - Logging - 
[closeBets.js] User 185580652282773504 has 1 active bet(s).
09-09 00:02:01: - Logging - 
[closeBets.js] Deleted 6517 from 'activebets' table.
09-09 00:02:01: - Logging - 
[closeBets.js] Deleted 3692 from 'activebets' table.
09-09 00:02:01: - Logging - 
[closeBets.js] Deleted 3347 from 'activebets' table.
09-09 00:02:01: - Logging - 
User <@229030234563805185>'s Bet 6517 has been closed (Lost Bet).
09-09 00:02:01: - Logging - 
User <@185580652282773504>'s Bet 3347 has been closed (Lost Bet).
09-09 00:02:01: - Logging - 
User <@461738034581209088>'s Bet 3692 has been closed (Lost Bet).
09-09 00:02:01: - Logging - 
[closeBets.js] Operations for 229030234563805185 completed.
09-09 00:02:01: - Logging - 
[closeBets.js] Operations for 185580652282773504 completed.
09-09 00:02:01: - Logging - 
[closeBets.js] Operations for 461738034581209088 completed.
09-15 23:30:01: - Logging - 
Launching [closeBets.js]
09-15 23:30:01: - Logging - 
[closeBets.js] User 208016830491525120 has 1 active bet(s).
09-15 23:30:01: - Logging - 
[closeBets.js] Deleted 1159 from 'activebets' table.
09-15 23:30:01: - Logging - 
User <@208016830491525120>'s Bet 1159 has been closed (Won Bet).
09-15 23:30:01: - Logging - 
DM'd 208016830491525120 successfully
09-15 23:30:01: - Logging - 
[closeBets.js] Operations for 208016830491525120 completed.
09-16 01:14:01: - Logging - 
Launching [closeBets.js]
09-16 01:14:01: - Logging - 
[closeBets.js] User 208016830491525120 has 1 active bet(s).
09-16 01:14:01: - Logging - 
[closeBets.js] Deleted 3624 from 'activebets' table.
09-16 01:14:01: - Logging - 
User <@208016830491525120>'s Bet 3624 has been closed (Won Bet).
09-16 01:14:01: - Logging - 
DM'd 208016830491525120 successfully
09-16 01:14:01: - Logging - 
[closeBets.js] Operations for 208016830491525120 completed.
09-16 01:19:01: - Logging - 
Launching [closeBets.js]
09-16 01:19:01: - Logging - 
[closeBets.js] User 208016830491525120 has 1 active bet(s).
09-16 01:19:01: - Logging - 
[closeBets.js] Deleted 1262 from 'activebets' table.
09-16 01:19:01: - Logging - 
User <@208016830491525120>'s Bet 1262 has been closed (Won Bet).
09-16 01:19:01: - Logging - 
DM'd 208016830491525120 successfully
09-16 01:19:01: - Logging - 
[closeBets.js] Operations for 208016830491525120 completed.
09-16 01:29:01: - Logging - 
Launching [closeBets.js]
09-16 01:29:01: - Logging - 
[closeBets.js] User 208016830491525120 has 1 active bet(s).
09-16 01:29:01: - Logging - 
[closeBets.js] Deleted 3091 from 'activebets' table.
09-16 01:29:01: - Logging - 
User <@208016830491525120>'s Bet 3091 has been closed (Won Bet).
09-16 01:29:01: - Logging - 
DM'd 208016830491525120 successfully
09-16 01:29:01: - Logging - 
[closeBets.js] Operations for 208016830491525120 completed.
09-16 01:32:02: - Logging - 
Launching [closeBets.js]
09-16 01:32:02: - Logging - 
[closeBets.js] User 208016830491525120 has 1 active bet(s).
09-16 01:32:02: - Logging - 
[closeBets.js] Deleted 5318 from 'activebets' table.
09-16 01:32:02: - Logging - 
User <@208016830491525120>'s Bet 5318 has been closed (Won Bet).
09-16 01:32:02: - Logging - 
DM'd 208016830491525120 successfully
09-16 01:32:02: - Logging - 
[closeBets.js] Operations for 208016830491525120 completed.
09-16 01:34:00: - Logging - 
Launching [closeBets.js]
09-16 01:34:00: - Logging - 
[closeBets.js] User 208016830491525120 has 1 active bet(s).
09-16 01:34:00: - Logging - 
[closeBets.js] Deleted 2749 from 'activebets' table.
09-16 01:34:00: - Logging - 
User <@208016830491525120>'s Bet 2749 has been closed (Won Bet).
09-16 01:34:00: - Logging - 
DM'd 208016830491525120 successfully
09-16 01:34:00: - Logging - 
[closeBets.js] Operations for 208016830491525120 completed.
09-16 01:56:00: - Logging - 
Launching [closeBets.js]
09-16 01:56:00: - Logging - 
[closeBets.js] User 208016830491525120 has 1 active bet(s).
09-16 01:56:00: - Logging - 
[closeBets.js] Deleted 2132 from 'activebets' table.
09-16 01:56:00: - Logging - 
User <@208016830491525120>'s Bet 2132 has been closed (Won Bet).
09-16 01:56:00: - Logging - 
DM'd 208016830491525120 successfully
09-16 01:56:00: - Logging - 
[closeBets.js] Operations for 208016830491525120 completed.
09-18 16:30:01: - Logging - 
Launching [closeBets.js]
09-18 16:30:01: - Logging - 
[closeBets.js] User 208016830491525120 has 7 active bet(s).
09-18 16:30:01: - Logging - 
[closeBets.js] Deleted 537 from 'activebets' table.
09-18 16:30:01: - Logging - 
User <@208016830491525120>'s Bet 537 has been closed (Lost Bet).
09-18 16:30:01: - Logging - 
DM'd 208016830491525120 successfully
09-18 16:30:01: - Logging - 
[closeBets.js] Operations for 208016830491525120 completed.
09-19 13:10:02: - Logging - 
Launching [closeBets.js]
09-19 13:10:02: - Logging - 
[closeBets.js] User 208016830491525120 has 6 active bet(s).
09-19 13:10:02: - Logging - 
[closeBets.js] Deleted 5918 from 'activebets' table.
09-19 13:10:02: - Logging - 
User <@208016830491525120>'s Bet 5918 has been closed (Lost Bet).
09-19 13:10:02: - Logging - 
Launching [closeBets.js]
09-19 13:10:02: - Logging - 
[closeBets.js] User 208016830491525120 has 6 active bet(s).
09-19 13:10:02: - Logging - 
[closeBets.js] Deleted 6600 from 'activebets' table.
09-19 13:10:02: - Logging - 
User <@208016830491525120>'s Bet 6600 has been closed (Lost Bet).
09-19 13:10:02: - Logging - 
DM'd 208016830491525120 successfully
09-19 13:10:02: - Logging - 
[closeBets.js] Operations for 208016830491525120 completed.
09-19 13:10:02: - Logging - 
Launching [closeBets.js]
09-19 13:10:02: - Logging - 
[closeBets.js] User 208016830491525120 has 5 active bet(s).
09-19 13:10:02: - Logging - 
[closeBets.js] Deleted 2970 from 'activebets' table.
09-19 13:10:02: - Logging - 
User <@208016830491525120>'s Bet 2970 has been closed (Lost Bet).
09-19 13:10:02: - Logging - 
DM'd 208016830491525120 successfully
09-19 13:10:02: - Logging - 
[closeBets.js] Operations for 208016830491525120 completed.
09-19 13:10:02: - Logging - 
DM'd 208016830491525120 successfully
09-19 13:10:02: - Logging - 
[closeBets.js] Operations for 208016830491525120 completed.
09-19 13:10:02: - Logging - 
Launching [closeBets.js]
09-19 13:10:02: - Logging - 
[closeBets.js] User 208016830491525120 has 3 active bet(s).
09-19 13:10:02: - Logging - 
[closeBets.js] Deleted 2966 from 'activebets' table.
09-19 13:10:02: - Logging - 
User <@208016830491525120>'s Bet 2966 has been closed (Won Bet).
09-19 13:10:02: - Logging - 
DM'd 208016830491525120 successfully
09-19 13:10:02: - Logging - 
[closeBets.js] Operations for 208016830491525120 completed.
09-19 13:10:07: - Logging - 
Launching [closeBets.js]
09-19 13:10:07: - Logging - 
[closeBets.js] User 208016830491525120 has 2 active bet(s).
09-19 13:10:07: - Logging - 
[closeBets.js] Deleted 1522 from 'activebets' table.
09-19 13:10:07: - Logging - 
User <@208016830491525120>'s Bet 1522 has been closed (Lost Bet).
09-19 13:10:07: - Logging - 
DM'd 208016830491525120 successfully
09-19 13:10:07: - Logging - 
[closeBets.js] Operations for 208016830491525120 completed.
