{"level":"error","message":{"status":"Duplicate Matchup","teamone":"Philadelphia 76ers","teamtwo":"Atlanta Hawks"},"timestamp":"11-28 17:16:44"}
{"level":"error","message":{"status":"Duplicate Matchup","teamone":"Washington Wizards","teamtwo":"Minnesota Timberwolves"},"timestamp":"11-28 17:16:44"}
{"level":"error","message":{"status":"Duplicate Matchup","teamone":"Boston Celtics","teamtwo":"Charlotte Hornets"},"timestamp":"11-28 17:16:44"}
{"level":"error","message":{"status":"Duplicate Matchup","teamone":"Brooklyn Nets","teamtwo":"Orlando Magic"},"timestamp":"11-28 17:16:44"}
{"level":"error","message":{"status":"Duplicate Matchup","teamone":"New York Knicks","teamtwo":"Dallas Mavericks"},"timestamp":"12-03 12:29:12"}
{"level":"error","message":{"status":"Duplicate Matchup","teamone":"Los Angeles Clippers","teamtwo":"Sacramento Kings"},"timestamp":"12-03 12:29:12"}
{"level":"error","message":{"status":"Duplicate Matchup","teamone":"Minnesota Timberwolves","teamtwo":"Oklahoma City Thunder"},"timestamp":"12-03 12:29:13"}
{"level":"error","message":{"status":"Duplicate Matchup","teamone":"Toronto Raptors","teamtwo":"Orlando Magic"},"timestamp":"12-03 12:29:13"}
{"level":"error","message":{"status":"Duplicate Matchup","teamone":"Utah Jazz","teamtwo":"Portland Trail Blazers"},"timestamp":"12-03 12:29:13"}
{"level":"error","message":{"status":"Duplicate Matchup","teamone":"New York Knicks","teamtwo":"Dallas Mavericks"},"timestamp":"12-03 12:29:44"}
{"level":"error","message":{"status":"Duplicate Matchup","teamone":"Los Angeles Clippers","teamtwo":"Sacramento Kings"},"timestamp":"12-03 12:29:44"}
{"level":"error","message":{"status":"Duplicate Matchup","teamone":"Charlotte Hornets","teamtwo":"Milwaukee Bucks"},"timestamp":"12-03 12:29:44"}
{"level":"error","message":{"status":"Duplicate Matchup","teamone":"Minnesota Timberwolves","teamtwo":"Oklahoma City Thunder"},"timestamp":"12-03 12:29:44"}
{"level":"error","message":{"status":"Duplicate Matchup","teamone":"Toronto Raptors","teamtwo":"Orlando Magic"},"timestamp":"12-03 12:29:44"}
{"level":"error","message":{"status":"Duplicate Matchup","teamone":"Golden State Warriors","teamtwo":"Houston Rockets"},"timestamp":"12-03 12:29:44"}
{"level":"error","message":{"status":"Duplicate Matchup","teamone":"Utah Jazz","teamtwo":"Portland Trail Blazers"},"timestamp":"12-03 12:29:44"}
{"level":"error","message":{"status":"Duplicate Matchup","teamone":"New York Knicks","teamtwo":"Dallas Mavericks"},"timestamp":"12-03 12:30:36"}
{"level":"error","message":{"status":"Duplicate Matchup","teamone":"Los Angeles Clippers","teamtwo":"Sacramento Kings"},"timestamp":"12-03 12:30:36"}
{"level":"error","message":{"status":"Duplicate Matchup","teamone":"Charlotte Hornets","teamtwo":"Milwaukee Bucks"},"timestamp":"12-03 12:30:36"}
{"level":"error","message":{"status":"Duplicate Matchup","teamone":"Minnesota Timberwolves","teamtwo":"Oklahoma City Thunder"},"timestamp":"12-03 12:30:36"}
{"level":"error","message":{"status":"Duplicate Matchup","teamone":"Toronto Raptors","teamtwo":"Orlando Magic"},"timestamp":"12-03 12:30:36"}
{"level":"error","message":{"status":"Duplicate Matchup","teamone":"Golden State Warriors","teamtwo":"Houston Rockets"},"timestamp":"12-03 12:30:36"}
{"level":"error","message":{"status":"Duplicate Matchup","teamone":"Utah Jazz","teamtwo":"Portland Trail Blazers"},"timestamp":"12-03 12:30:36"}
{"level":"error","message":"Issue occured while collecting & storing matchup. No Information has been stored.","timestamp":"12-03 12:30:36"}
{"level":"error","message":{"status":"Duplicate Matchup","teamone":"New York Knicks","teamtwo":"Dallas Mavericks"},"timestamp":"12-03 12:30:58"}
{"level":"error","message":{"status":"Duplicate Matchup","teamone":"Los Angeles Clippers","teamtwo":"Sacramento Kings"},"timestamp":"12-03 12:30:58"}
{"level":"error","message":{"status":"Duplicate Matchup","teamone":"Charlotte Hornets","teamtwo":"Milwaukee Bucks"},"timestamp":"12-03 12:30:59"}
{"level":"error","message":{"status":"Duplicate Matchup","teamone":"Minnesota Timberwolves","teamtwo":"Oklahoma City Thunder"},"timestamp":"12-03 12:30:59"}
{"level":"error","message":{"status":"Duplicate Matchup","teamone":"Toronto Raptors","teamtwo":"Orlando Magic"},"timestamp":"12-03 12:30:59"}
{"level":"error","message":{"status":"Duplicate Matchup","teamone":"Golden State Warriors","teamtwo":"Houston Rockets"},"timestamp":"12-03 12:30:59"}
{"level":"error","message":{"status":"Duplicate Matchup","teamone":"Utah Jazz","teamtwo":"Portland Trail Blazers"},"timestamp":"12-03 12:30:59"}
{"level":"error","message":"Issue occured while collecting & storing matchup. No Information has been stored.","timestamp":"12-03 12:30:59"}
{"level":"error","message":{"status":"Duplicate Matchup","teamone":"New York Knicks","teamtwo":"Philadelphia 76ers"},"timestamp":"12-20 17:49:03"}
{"level":"error","message":{"status":"Duplicate Matchup","teamone":"Denver Nuggets","teamtwo":"Phoenix Suns"},"timestamp":"12-20 17:49:03"}
{"level":"error","message":{"status":"Duplicate Matchup","teamone":"New York Knicks","teamtwo":"Philadelphia 76ers"},"timestamp":"12-24 13:11:08"}
{"level":"error","message":{"status":"Duplicate Matchup","teamone":"Golden State Warriors","teamtwo":"Memphis Grizzlies"},"timestamp":"12-24 13:11:08"}
{"level":"error","message":{"status":"Duplicate Matchup","teamone":"Denver Nuggets","teamtwo":"Phoenix Suns"},"timestamp":"12-24 13:11:08"}
{"level":"error","message":{"status":"Duplicate Matchup","teamone":"Charlotte Hornets","teamtwo":"Boston Celtics"},"timestamp":"01-16 13:26:01"}
{"level":"error","message":{"status":"Duplicate Matchup","teamone":"Milwaukee Bucks","teamtwo":"Indiana Pacers"},"timestamp":"01-16 13:26:01"}
{"level":"error","message":{"status":"Duplicate Matchup","teamone":"Cleveland Cavaliers","teamtwo":"New Orleans Pelicans"},"timestamp":"01-16 13:26:01"}
{"level":"error","message":{"status":"Duplicate Matchup","teamone":"Charlotte Hornets","teamtwo":"Boston Celtics"},"timestamp":"01-16 13:26:47"}
{"level":"error","message":{"status":"Duplicate Matchup","teamone":"Milwaukee Bucks","teamtwo":"Indiana Pacers"},"timestamp":"01-16 13:26:47"}
{"level":"error","message":{"status":"Duplicate Matchup","teamone":"Cleveland Cavaliers","teamtwo":"New Orleans Pelicans"},"timestamp":"01-16 13:26:47"}
{"level":"error","message":{"status":"Duplicate Matchup","teamone":"Charlotte Hornets","teamtwo":"Boston Celtics"},"timestamp":"01-16 13:27:16"}
{"level":"error","message":{"status":"Duplicate Matchup","teamone":"Milwaukee Bucks","teamtwo":"Indiana Pacers"},"timestamp":"01-16 13:27:16"}
{"level":"error","message":{"status":"Duplicate Matchup","teamone":"Cleveland Cavaliers","teamtwo":"New Orleans Pelicans"},"timestamp":"01-16 13:27:16"}
{"level":"error","message":{"status":"Duplicate Matchup","teamone":"Charlotte Hornets","teamtwo":"Boston Celtics"},"timestamp":"01-16 13:28:45"}
{"level":"error","message":{"status":"Duplicate Matchup","teamone":"Milwaukee Bucks","teamtwo":"Indiana Pacers"},"timestamp":"01-16 13:28:45"}
{"level":"error","message":{"status":"Duplicate Matchup","teamone":"Cleveland Cavaliers","teamtwo":"New Orleans Pelicans"},"timestamp":"01-16 13:28:45"}
{"level":"error","message":{"status":"Duplicate Matchup","teamone":"Charlotte Hornets","teamtwo":"Boston Celtics"},"timestamp":"01-16 13:31:32"}
{"level":"error","message":{"status":"Duplicate Matchup","teamone":"Milwaukee Bucks","teamtwo":"Indiana Pacers"},"timestamp":"01-16 13:31:32"}
{"level":"error","message":{"status":"Duplicate Matchup","teamone":"Cleveland Cavaliers","teamtwo":"New Orleans Pelicans"},"timestamp":"01-16 13:31:32"}
{"level":"error","message":{"status":"Duplicate Matchup","teamone":"Charlotte Hornets","teamtwo":"Boston Celtics"},"timestamp":"01-16 13:57:02"}
{"level":"error","message":{"status":"Duplicate Matchup","teamone":"Charlotte Hornets","teamtwo":"Boston Celtics"},"timestamp":"01-16 13:57:26"}
{"level":"error","message":{"status":"Duplicate Matchup","teamone":"Milwaukee Bucks","teamtwo":"Indiana Pacers"},"timestamp":"01-16 13:57:26"}
{"level":"error","message":{"status":"Duplicate Matchup","teamone":"Charlotte Hornets","teamtwo":"Boston Celtics"},"timestamp":"01-16 14:48:26"}
{"level":"error","message":{"status":"Duplicate Matchup","teamone":"Milwaukee Bucks","teamtwo":"Indiana Pacers"},"timestamp":"01-16 14:48:26"}
{"level":"error","message":{"status":"Duplicate Matchup","teamone":"Cleveland Cavaliers","teamtwo":"New Orleans Pelicans"},"timestamp":"01-16 14:48:26"}
{"level":"error","message":{"status":"Duplicate Matchup","teamone":"Washington Wizards","teamtwo":"Golden State Warriors"},"timestamp":"01-16 14:48:26"}
{"level":"error","message":{"status":"Duplicate Matchup","teamone":"New York Knicks","teamtwo":"Toronto Raptors"},"timestamp":"01-16 14:48:26"}
{"level":"error","message":{"status":"Duplicate Matchup","teamone":"Atlanta Hawks","teamtwo":"Miami Heat"},"timestamp":"01-16 14:48:26"}
{"level":"error","message":{"status":"Duplicate Matchup","teamone":"Minnesota Timberwolves","teamtwo":"Utah Jazz"},"timestamp":"01-16 14:48:26"}
{"level":"error","message":{"status":"Duplicate Matchup","teamone":"Memphis Grizzlies","teamtwo":"Phoenix Suns"},"timestamp":"01-16 14:48:26"}
{"level":"error","message":{"status":"Duplicate Matchup","teamone":"Los Angeles Lakers","teamtwo":"Houston Rockets"},"timestamp":"01-16 14:48:26"}
{"level":"error","message":"Issue occured while collecting & storing matchup. No Information has been stored.","timestamp":"01-16 14:48:26"}
{"level":"error","message":{"status":"Duplicate Matchup","teamone":"Cleveland Cavaliers","teamtwo":"New Orleans Pelicans"},"timestamp":"01-16 17:30:53"}
{"level":"error","message":{"status":"Duplicate Matchup","teamone":"New York Knicks","teamtwo":"Toronto Raptors"},"timestamp":"01-16 17:30:53"}
{"level":"error","message":{"status":"Duplicate Matchup","teamone":"Washington Wizards","teamtwo":"Golden State Warriors"},"timestamp":"01-16 17:30:53"}
{"level":"error","message":{"status":"Duplicate Matchup","teamone":"Atlanta Hawks","teamtwo":"Miami Heat"},"timestamp":"01-16 17:30:53"}
{"level":"error","message":{"status":"Duplicate Matchup","teamone":"Minnesota Timberwolves","teamtwo":"Utah Jazz"},"timestamp":"01-16 17:30:53"}
{"level":"error","message":{"status":"Duplicate Matchup","teamone":"Memphis Grizzlies","teamtwo":"Phoenix Suns"},"timestamp":"01-16 17:30:53"}
{"level":"error","message":{"status":"Duplicate Matchup","teamone":"Los Angeles Lakers","teamtwo":"Houston Rockets"},"timestamp":"01-16 17:30:53"}
{"level":"error","message":"Issue occured while collecting & storing matchup. No Information has been stored.","timestamp":"01-16 17:30:53"}
{"level":"error","message":{"status":"Duplicate Matchup","teamone":"New York Knicks","teamtwo":"Toronto Raptors"},"timestamp":"01-16 17:31:49"}
{"level":"error","message":{"status":"Duplicate Matchup","teamone":"Washington Wizards","teamtwo":"Golden State Warriors"},"timestamp":"01-16 17:31:49"}
{"level":"error","message":{"status":"Duplicate Matchup","teamone":"Atlanta Hawks","teamtwo":"Miami Heat"},"timestamp":"01-16 17:31:49"}
{"level":"error","message":{"status":"Duplicate Matchup","teamone":"Minnesota Timberwolves","teamtwo":"Utah Jazz"},"timestamp":"01-16 17:31:49"}
{"level":"error","message":{"status":"Duplicate Matchup","teamone":"Memphis Grizzlies","teamtwo":"Phoenix Suns"},"timestamp":"01-16 17:31:49"}
{"level":"error","message":{"status":"Duplicate Matchup","teamone":"Los Angeles Lakers","teamtwo":"Houston Rockets"},"timestamp":"01-16 17:31:49"}
{"level":"error","message":"Issue occured while collecting & storing matchup. No Information has been stored.","timestamp":"01-16 17:31:49"}
{"level":"error","message":{"status":"Duplicate Matchup","teamone":"New York Knicks","teamtwo":"Toronto Raptors"},"timestamp":"01-16 17:32:04"}
{"level":"error","message":{"status":"Duplicate Matchup","teamone":"Washington Wizards","teamtwo":"Golden State Warriors"},"timestamp":"01-16 17:32:04"}
{"level":"error","message":{"status":"Duplicate Matchup","teamone":"Atlanta Hawks","teamtwo":"Miami Heat"},"timestamp":"01-16 17:32:04"}
{"level":"error","message":{"status":"Duplicate Matchup","teamone":"Minnesota Timberwolves","teamtwo":"Utah Jazz"},"timestamp":"01-16 17:32:04"}
{"level":"error","message":{"status":"Duplicate Matchup","teamone":"Memphis Grizzlies","teamtwo":"Phoenix Suns"},"timestamp":"01-16 17:32:04"}
{"level":"error","message":{"status":"Duplicate Matchup","teamone":"Los Angeles Lakers","teamtwo":"Houston Rockets"},"timestamp":"01-16 17:32:04"}
{"level":"error","message":"Issue occured while collecting & storing matchup. No Information has been stored.","timestamp":"01-16 17:32:04"}
{"level":"error","message":{"status":"Duplicate Matchup","teamone":"Washington Wizards","teamtwo":"Golden State Warriors"},"timestamp":"01-16 17:34:33"}
{"level":"error","message":{"status":"Duplicate Matchup","teamone":"Atlanta Hawks","teamtwo":"Miami Heat"},"timestamp":"01-16 17:34:33"}
{"level":"error","message":{"status":"Duplicate Matchup","teamone":"Minnesota Timberwolves","teamtwo":"Utah Jazz"},"timestamp":"01-16 17:34:33"}
{"level":"error","message":{"status":"Duplicate Matchup","teamone":"Memphis Grizzlies","teamtwo":"Phoenix Suns"},"timestamp":"01-16 17:34:33"}
{"level":"error","message":{"status":"Duplicate Matchup","teamone":"Los Angeles Lakers","teamtwo":"Houston Rockets"},"timestamp":"01-16 17:34:33"}
{"level":"error","message":"Issue occured while collecting & storing matchup. No Information has been stored.","timestamp":"01-16 17:34:33"}
{"level":"error","message":{"status":"Duplicate Matchup","teamone":"Denver Nuggets","teamtwo":"Minnesota Timberwolves"},"timestamp":"01-17 15:06:07"}
{"level":"error","message":{"status":"Duplicate Matchup","teamone":"Washington Wizards","teamtwo":"Orlando Magic"},"timestamp":"01-21 10:48:12"}
{"level":"error","message":{"status":"Duplicate Matchup","teamone":"Atlanta Hawks","teamtwo":"Charlotte Hornets"},"timestamp":"01-21 10:48:12"}
{"level":"error","message":{"status":"Duplicate Matchup","teamone":"Cleveland Cavaliers","teamtwo":"Milwaukee Bucks"},"timestamp":"01-21 10:48:12"}
{"level":"error","message":{"status":"Duplicate Matchup","teamone":"Minnesota Timberwolves","teamtwo":"Houston Rockets"},"timestamp":"01-21 10:48:12"}
{"level":"error","message":{"status":"Duplicate Matchup","teamone":"Sacramento Kings","teamtwo":"Philadelphia 76ers"},"timestamp":"01-21 10:48:12"}
