10-03 00:22:09: - Logging - 
DM'd 208016830491525120 successfully
10-03 00:22:09: - Logging - 
DM'd 208016830491525120 successfully
10-03 00:30:07: - Logging - 
DM'd 208016830491525120 successfully
10-03 00:30:07: - Logging - 
DM'd 208016830491525120 successfully
10-03 00:31:40: - Logging - 
DM'd 208016830491525120 successfully
10-03 00:31:40: - Logging - 
DM'd 208016830491525120 successfully
10-03 00:34:17: - Logging - 
DM'd 208016830491525120 successfully
10-03 00:34:17: - Logging - 
DM'd 208016830491525120 successfully
10-03 00:38:22: - Logging - 
DM'd 208016830491525120 successfully
10-03 00:42:54: - Logging - 
DM'd 208016830491525120 successfully
10-03 01:23:11: - Logging - 
DM'd 208016830491525120 successfully
10-03 01:23:11: - Logging - 
DM'd 208016830491525120 successfully
10-03 01:27:33: - Logging - 
DM'd 208016830491525120 successfully
10-03 01:30:19: - Logging - 
DM'd 208016830491525120 successfully
10-03 01:30:19: - Logging - 
DM'd 208016830491525120 successfully
10-03 01:33:31: - Logging - 
DM'd 208016830491525120 successfully
10-03 01:33:31: - Logging - 
DM'd 208016830491525120 successfully
10-03 01:35:40: - Logging - 
DM'd 208016830491525120 successfully
10-03 01:42:25: - Logging - 
DM'd 208016830491525120 successfully
10-03 01:45:05: - Logging - 
DM'd 208016830491525120 successfully
10-03 01:45:05: - Logging - 
DM'd 208016830491525120 successfully
10-03 01:46:41: - Logging - 
DM'd 208016830491525120 successfully
10-03 01:46:41: - Logging - 
DM'd 208016830491525120 successfully
10-03 01:57:14: - Logging - 
User undefined is no longer in the server. Removing bet undefined from the database.
10-03 01:57:14: - Logging - 
User undefined is no longer in the server. Removing bet undefined from the database.
10-03 01:57:14: - Logging - 
User undefined is no longer in the server. Removing bet undefined from the database.
10-03 01:59:39: - Logging - 
DM'd 208016830491525120 successfully
10-03 01:59:39: - Logging - 
User 934338000064766003 is no longer in the server. Removing bet 8888 from the database.
10-03 01:59:39: - Logging - 
User 934338000064766003 is no longer in the server. Removing bet 8888 from the database.
10-03 02:03:35: - Logging - 
DM'd 208016830491525120 successfully
10-03 02:03:35: - Logging - 
User 934338000064766003 is no longer in the server. Removing bet 8888 from the database.
10-03 02:03:35: - Logging - 
User 934338000064766003 is no longer in the server. Removing bet 8888 from the database.
10-03 02:05:27: - Logging - 
DM'd 208016830491525120 successfully
10-03 02:05:41: - Logging - 
DM'd 208016830491525120 successfully
10-03 02:05:55: - Logging - 
User 934338000064766003 is no longer in the server. Removing bet 8888 from the database.
10-03 02:07:21: - Logging - 
DM'd 208016830491525120 successfully
10-03 02:07:21: - Logging - 
User 934338000064766003 is no longer in the server. Removing bet 8888 from the database.
10-03 02:07:21: - Logging - 
User 934338000064766003 is no longer in the server. Removing bet 8888 from the database.
10-03 02:12:07: - Logging - 
DM'd 208016830491525120 successfully
10-03 02:12:07: - Logging - 
User 934338000064766003 is no longer in the server. Removing bet 8888 from the database.
10-03 02:12:07: - Logging - 
User 934338000064766003 is no longer in the server. Removing bet 8888 from the database.
10-03 02:21:08: - Logging - 
DM'd 208016830491525120 successfully
10-03 02:21:08: - Logging - 
User 934338000064766003 is no longer in the server. Removing bet 8888 from the database.
10-03 02:21:08: - Logging - 
User 934338000064766003 is no longer in the server. Removing bet 8888 from the database.
10-03 02:23:11: - Logging - 
DM'd 208016830491525120 successfully
10-03 02:23:11: - Logging - 
User 934338000064766003 is no longer in the server. Removing bet 8888 from the database.
10-03 02:23:11: - Logging - 
DM'd 208016830491525120 successfully
10-03 02:37:40: - Logging - 
DM'd 208016830491525120 successfully
10-03 02:37:40: - Logging - 
User 934338000064766003 is no longer in the server. Removing bet 8888 from the database.
10-03 02:37:40: - Logging - 
DM'd 208016830491525120 successfully
10-03 23:05:04: - Logging - 
DM'd 208016830491525120 successfully
10-04 01:45:01: - Logging - 
User 208016830491525120 is no longer in the server. Removing bet 7949 from the database.
10-04 01:48:00: - Logging - 
DM'd 208016830491525120 successfully
10-04 01:55:00: - Logging - 
User 208016830491525120 is no longer in the server. Removing bet 3365 from the database.
10-04 01:56:00: - Logging - 
DM'd 208016830491525120 successfully
10-20 10:55:05: --------    -------- 
DM'd 208016830491525120 successfully
--------    --------
10-21 01:35:02: --------    -------- 
User 208016830491525120 is no longer in the server. Removing bet 5748 from the database.
--------    --------
10-23 20:40:02: --------    -------- 
User 208016830491525120 is no longer in the server. Removing bet 8023 from the database.
--------    --------
10-23 20:40:02: --------    -------- 
User 208016830491525120 is no longer in the server. Removing bet 68 from the database.
--------    --------
10-23 21:16:02: --------    -------- 
DM'd 208016830491525120 successfully
--------    --------
10-28 03:22:12: --------    -------- 
User undefined is no longer in the server. Removing bet 1234 from the database.
--------    --------
10-28 03:23:25: --------    -------- 
DM'd 208016830491525120 successfully
--------    --------
10-28 03:26:04: --------    -------- 
DM'd 208016830491525120 successfully
--------    --------
10-28 03:27:05: --------    -------- 
DM'd 208016830491525120 successfully
--------    --------
10-28 08:13:01: --------    -------- 
DM'd 208016830491525120 successfully
--------    --------
10-28 08:13:16: --------    -------- 
DM'd 208016830491525120 successfully
--------    --------
10-28 08:13:16: --------    -------- 
DM'd 208016830491525120 successfully
--------    --------
10-28 08:14:36: --------    -------- 
DM'd 208016830491525120 successfully
--------    --------
10-28 08:15:25: --------    -------- 
DM'd 208016830491525120 successfully
--------    --------
11-04 00:52:38: --------    -------- 
DM'd 208016830491525120 successfully
--------    --------
11-04 01:01:24: --------    -------- 
DM'd 208016830491525120 successfully
--------    --------
11-22 08:06:21: --------    -------- 
DM'd 208016830491525120 successfully
--------    --------
01-18 08:00:00: --------    -------- 
DM'd 208016830491525120 successfully
--------    --------
01-18 08:00:01: --------    -------- 
DM'd 208016830491525120 successfully
--------    --------
