09-08 20:51:55: - Logging - 
Created user account for 229030234563805185 in the database.
09-08 20:52:28: - Logging - 
Created user account for 185580652282773504 in the database.
09-08 20:52:46: - Logging - 
Created user account for 461738034581209088 in the database.
09-10 00:57:43: - Logging - 
Created user account for 567764196696260611 in the database.
09-10 08:46:21: - Logging - 
Created user account for 934338000064766003 in the database.
09-24 16:28:10: - Logging - 
User 208016830491525120 is in the database, skipping creation
09-26 11:52:12: - Logging - 
Created user account for 208016830491525120 in the database.
10-02 10:21:30: - Logging - 
Created user account for 208016830491525120 in the database.
10-02 10:30:10: - Logging - 
Created user account for 208016830491525120 in the database.
10-02 22:39:35: - Logging - 
Created user account for 208016830491525120 in the database.
10-02 22:43:15: - Logging - 
Created user account for 208016830491525120 in the database.
10-02 22:43:34: - Logging - 
Created user account for 208016830491525120 in the database.
10-20 14:14:36: --------    -------- 
Created user account for 208016830491525120 in the database.
--------    --------
10-20 14:14:36: --------    -------- 
column "registerdata" of relation "NBAcurrency" does not exist
--------    -------- {"length":136,"name":"error","severity":"ERROR","code":"42703","position":"45","file":"parse_target.c","line":"1066","routine":"checkInsertTargets"}
10-20 14:15:26: --------    -------- 
Created user account for 208016830491525120 in the database.
--------    --------
10-20 14:29:20: --------    -------- 
Multiple rows were not expected.
--------    -------- {"name":"QueryResultError","code":2,"result":{"command":"SELECT","rowCount":2,"oid":null,"rows":[{"userid":"208016830491525120","balance":5000000,"lastclaimtime":"1665646479286"},{"userid":"208016830491525120","balance":4999997000,"lastclaimtime":null}],"fields":[{"name":"userid","tableID":16424,"columnID":1,"dataTypeID":20,"dataTypeSize":8,"dataTypeModifier":-1,"format":"text"},{"name":"balance","tableID":16424,"columnID":2,"dataTypeID":700,"dataTypeSize":4,"dataTypeModifier":-1,"format":"text"},{"name":"lastclaimtime","tableID":16424,"columnID":4,"dataTypeID":20,"dataTypeSize":8,"dataTypeModifier":-1,"format":"text"}],"_parsers":[null,null,null],"_types":{"_types":{"arrayParser":{},"builtins":{"BOOL":16,"BYTEA":17,"CHAR":18,"INT8":20,"INT2":21,"INT4":23,"REGPROC":24,"TEXT":25,"OID":26,"TID":27,"XID":28,"CID":29,"JSON":114,"XML":142,"PG_NODE_TREE":194,"SMGR":210,"PATH":602,"POLYGON":604,"CIDR":650,"FLOAT4":700,"FLOAT8":701,"ABSTIME":702,"RELTIME":703,"TINTERVAL":704,"CIRCLE":718,"MACADDR8":774,"MONEY":790,"MACADDR":829,"INET":869,"ACLITEM":1033,"BPCHAR":1042,"VARCHAR":1043,"DATE":1082,"TIME":1083,"TIMESTAMP":1114,"TIMESTAMPTZ":1184,"INTERVAL":1186,"TIMETZ":1266,"BIT":1560,"VARBIT":1562,"NUMERIC":1700,"REFCURSOR":1790,"REGPROCEDURE":2202,"REGOPER":2203,"REGOPERATOR":2204,"REGCLASS":2205,"REGTYPE":2206,"UUID":2950,"TXID_SNAPSHOT":2970,"PG_LSN":3220,"PG_NDISTINCT":3361,"PG_DEPENDENCIES":3402,"TSVECTOR":3614,"TSQUERY":3615,"GTSVECTOR":3642,"REGCONFIG":3734,"REGDICTIONARY":3769,"JSONB":3802,"REGNAMESPACE":4089,"REGROLE":4096}},"text":{},"binary":{}},"RowCtor":null,"rowAsArray":false,"duration":1},"query":"SELECT * FROM currency WHERE userid = '208016830491525120'","received":2}
10-20 14:30:07: --------    -------- 
Created user account for 208016830491525120 in the database.
--------    --------
10-20 14:46:19: --------    -------- 
Created user account for 208016830491525120 in the database.
--------    --------
10-20 14:59:53: --------    -------- 
Created user account for 208016830491525120 in the database.
--------    --------
10-20 14:59:53: --------    -------- 
column "registerdate" of relation "NBAcurrency" does not exist
--------    -------- {"length":136,"name":"error","severity":"ERROR","code":"42703","position":"45","file":"parse_target.c","line":"1066","routine":"checkInsertTargets"}
10-20 15:02:35: --------    -------- 
Created user account for 208016830491525120 in the database.
--------    --------
10-20 15:02:36: --------    -------- 
column "registerdate" of relation "NBAcurrency" does not exist
--------    -------- {"length":136,"name":"error","severity":"ERROR","code":"42703","position":"45","file":"parse_target.c","line":"1066","routine":"checkInsertTargets"}
10-20 15:02:59: --------    -------- 
Created user account for 208016830491525120 in the database.
--------    --------
10-20 20:39:48: --------    -------- 
Created user account for 208016830491525120 in the database.
--------    --------
10-23 00:02:38: --------    -------- 
Created user account for 208016830491525120 in the database.
--------    --------
10-23 21:45:18: --------    -------- 
User 208016830491525120 is in the database, skipping creation
--------    --------
10-24 00:19:35: --------    -------- 
Created user account for 208016830491525120 in the database.
--------    --------
