10-02 17:52:03: - Logging - 
Successfully removed 1063 from the database
10-02 17:52:03: - Logging - 
Successfully removed 993 from the database
10-02 17:52:03: - Logging - 
Successfully removed 6439 from the database
10-02 17:52:03: - Logging - 
Successfully removed 2901 from the database
10-02 17:52:03: - Logging - 
Successfully removed 2903 from the database
10-02 17:52:03: - Logging - 
Successfully removed 5598 from the database
10-02 17:52:03: - Logging - 
Successfully removed 1208 from the database
10-02 17:52:03: - Logging - 
Successfully removed 2220 from the database
10-02 17:52:03: - Logging - 
Successfully removed 188 from the database
10-02 17:52:03: - Logging - 
Successfully removed 7771 from the database
10-02 17:55:21: - Logging - 
Successfully removed 5529 from the database
10-02 17:56:44: - Logging - 
Successfully removed 3712 from the database
10-02 17:57:08: - Logging - 
Successfully removed 3712 from the database
10-02 18:00:50: - Logging - 
Successfully removed 9720 from the database
10-02 18:02:00: - Logging - 
Successfully removed 9720 from the database
10-02 18:02:40: - Logging - 
Successfully removed 8696 from the database
10-02 18:48:48: - Logging - 
Successfully removed 5682 from the database
10-02 22:01:14: - Logging - 
Successfully removed 3311 from the database
10-02 22:08:01: - Logging - 
Successfully removed 9720 from the database
10-02 22:08:01: - Logging - 
Successfully removed 8696 from the database
10-02 22:08:01: - Logging - 
Successfully removed 7843 from the database
10-02 22:10:04: - Logging - 
Successfully removed 9720 from the database
10-02 22:10:04: - Logging - 
Successfully removed 8696 from the database
10-02 22:10:04: - Logging - 
Successfully removed 7843 from the database
10-02 22:14:02: - Logging - 
Successfully removed 9720 from the database
10-02 22:14:02: - Logging - 
Successfully removed 8696 from the database
10-02 22:14:02: - Logging - 
Successfully removed 7843 from the database
10-02 22:16:01: - Logging - 
Successfully removed 9720 from the database
10-02 22:16:01: - Logging - 
Successfully removed 8696 from the database
10-02 22:16:01: - Logging - 
Successfully removed 7843 from the database
10-02 22:18:01: - Logging - 
Successfully removed 9720 from the database
10-02 22:18:01: - Logging - 
Successfully removed 8696 from the database
10-02 22:18:01: - Logging - 
Successfully removed 7843 from the database
10-02 22:22:02: - Logging - 
Successfully removed 9720 from the database
10-02 22:22:02: - Logging - 
Successfully removed 8696 from the database
10-02 22:22:02: - Logging - 
Successfully removed 7843 from the database
10-02 23:47:19: - Logging - 
Successfully removed 1111 from the database
10-02 23:47:19: - Logging - 
Unable to locate weekly odds in cache.
10-02 23:51:28: - Logging - 
Successfully removed 1111 from the database
10-02 23:51:28: - Logging - 
Successfully removed 1122 from the database
10-02 23:51:28: - Logging - 
Unable to locate weekly odds in cache.
10-03 00:09:31: - Logging - 
Successfully removed 1111 from the database
10-03 00:09:31: - Logging - 
Successfully removed 1122 from the database
10-03 00:22:09: - Logging - 
Successfully removed 3333 from the database
10-03 00:22:09: - Logging - 
Unable to locate weekly odds in cache.
10-03 00:22:09: - Logging - 
Successfully removed 4444 from the database
10-03 00:22:09: - Logging - 
Unable to locate weekly odds in cache.
10-03 00:30:07: - Logging - 
Successfully removed 3333 from the database
10-03 00:30:07: - Logging - 
Unable to locate weekly odds in cache.
10-03 00:30:07: - Logging - 
Successfully removed 4444 from the database
10-03 00:30:07: - Logging - 
Unable to locate weekly odds in cache.
10-03 00:31:40: - Logging - 
Successfully removed 3333 from the database
10-03 00:31:40: - Logging - 
Unable to locate weekly odds in cache.
10-03 00:31:40: - Logging - 
Successfully removed 4444 from the database
10-03 00:31:40: - Logging - 
Unable to locate weekly odds in cache.
10-03 00:34:17: - Logging - 
Successfully removed 3333 from the database
10-03 00:34:17: - Logging - 
Unable to locate weekly odds in cache.
10-03 00:34:17: - Logging - 
Successfully removed 4444 from the database
10-03 00:34:17: - Logging - 
Unable to locate weekly odds in cache.
10-03 00:38:23: - Logging - 
Successfully removed 3333 from the database
10-03 00:38:23: - Logging - 
Unable to locate weekly odds in cache.
10-03 00:42:54: - Logging - 
Successfully removed 3333 from the database
10-03 00:42:54: - Logging - 
Unable to locate weekly odds in cache.
10-03 00:42:54: - Logging - 
Successfully removed 4444 from the database
10-03 01:10:54: - Logging - 
Successfully removed 3333 from the database
10-03 01:10:54: - Logging - 
Successfully removed 4444 from the database
10-03 01:12:21: - Logging - 
Successfully removed 3333 from the database
10-03 01:12:21: - Logging - 
Successfully removed 4444 from the database
10-03 01:23:11: - Logging - 
Successfully removed 3333 from the database
10-03 01:23:11: - Logging - 
Unable to locate weekly odds in cache.
10-03 01:30:19: - Logging - 
Successfully removed 3333 from the database
10-03 01:30:19: - Logging - 
Unable to locate weekly odds in cache.
10-03 01:33:31: - Logging - 
Successfully removed 3333 from the database
10-03 01:33:31: - Logging - 
Unable to locate weekly odds in cache.
10-03 01:41:45: - Logging - 
Successfully removed 3333 from the database
10-03 01:41:47: - Logging - 
Unable to locate weekly odds in cache.
10-03 01:45:05: - Logging - 
Successfully removed 3333 from the database
10-03 01:45:05: - Logging - 
Unable to locate weekly odds in cache.
10-03 01:46:41: - Logging - 
Successfully removed 3333 from the database
10-03 01:46:41: - Logging - 
Unable to locate weekly odds in cache.
10-03 01:57:14: - Logging - 
Successfully removed 3333 from the database
10-03 01:57:14: - Logging - 
Unable to locate weekly odds in cache.
10-03 01:57:14: - Logging - 
Successfully removed 4444 from the database
10-03 01:57:14: - Logging - 
Unable to locate weekly odds in cache.
10-03 01:59:39: - Logging - 
Successfully removed 3333 from the database
10-03 01:59:39: - Logging - 
Unable to locate weekly odds in cache.
10-03 01:59:39: - Logging - 
Successfully removed 4444 from the database
10-03 01:59:39: - Logging - 
Unable to locate weekly odds in cache.
10-03 02:03:35: - Logging - 
Successfully removed 3333 from the database
10-03 02:03:35: - Logging - 
Unable to locate weekly odds in cache.
10-03 02:03:35: - Logging - 
Successfully removed 4444 from the database
10-03 02:03:35: - Logging - 
Unable to locate weekly odds in cache.
10-03 02:05:14: - Logging - 
Successfully removed 3333 from the database
10-03 02:05:17: - Logging - 
Unable to locate weekly odds in cache.
10-03 02:05:49: - Logging - 
Successfully removed 4444 from the database
10-03 02:05:49: - Logging - 
Unable to locate weekly odds in cache.
10-03 02:07:21: - Logging - 
Successfully removed 3333 from the database
10-03 02:07:21: - Logging - 
Unable to locate weekly odds in cache.
10-03 02:07:21: - Logging - 
Successfully removed 4444 from the database
10-03 02:07:21: - Logging - 
Unable to locate weekly odds in cache.
10-03 02:12:07: - Logging - 
Successfully removed 3333 from the database
10-03 02:12:07: - Logging - 
Unable to locate weekly odds in cache.
10-03 02:12:07: - Logging - 
Successfully removed 4444 from the database
10-03 02:12:07: - Logging - 
Unable to locate weekly odds in cache.
10-03 02:21:08: - Logging - 
Successfully removed 3333 from the database
10-03 02:21:08: - Logging - 
Unable to locate weekly odds in cache.
10-03 02:21:08: - Logging - 
Successfully removed 4444 from the database
10-03 02:21:08: - Logging - 
Unable to locate weekly odds in cache.
10-03 02:23:11: - Logging - 
Successfully removed 4444 from the database
10-03 02:23:11: - Logging - 
Unable to locate weekly odds in cache.
10-03 02:23:11: - Logging - 
Successfully removed 3333 from the database
10-03 02:23:11: - Logging - 
Unable to locate weekly odds in cache.
10-03 02:24:15: - Logging - 
Successfully removed 4444 from the database
10-03 02:24:15: - Logging - 
Unable to locate weekly odds in cache.
10-03 02:24:15: - Logging - 
Successfully removed 3333 from the database
10-03 02:24:15: - Logging - 
Unable to locate weekly odds in cache.
10-03 02:24:46: - Logging - 
Successfully removed 4444 from the database
10-03 02:24:46: - Logging - 
Unable to locate weekly odds in cache.
10-03 02:24:46: - Logging - 
Successfully removed 3333 from the database
10-03 02:24:46: - Logging - 
Unable to locate weekly odds in cache.
10-03 02:26:39: - Logging - 
Successfully removed 4444 from the database
10-03 02:26:39: - Logging - 
Unable to locate weekly odds in cache.
10-03 02:26:39: - Logging - 
Successfully removed 3333 from the database
10-03 02:26:39: - Logging - 
Unable to locate weekly odds in cache.
10-03 02:28:37: - Logging - 
Successfully removed 4444 from the database
10-03 02:28:37: - Logging - 
Unable to locate weekly odds in cache.
10-03 02:28:37: - Logging - 
Successfully removed 3333 from the database
10-03 02:28:37: - Logging - 
Unable to locate weekly odds in cache.
10-03 02:31:15: - Logging - 
Successfully removed 4444 from the database
10-03 02:31:15: - Logging - 
Unable to locate weekly odds in cache.
10-03 02:31:15: - Logging - 
Successfully removed 3333 from the database
10-03 02:31:15: - Logging - 
Unable to locate weekly odds in cache.
10-03 02:31:50: - Logging - 
Successfully removed 4444 from the database
10-03 02:31:50: - Logging - 
Unable to locate weekly odds in cache.
10-03 02:31:50: - Logging - 
Successfully removed 3333 from the database
10-03 02:31:50: - Logging - 
Unable to locate weekly odds in cache.
10-03 02:32:17: - Logging - 
Successfully removed 4444 from the database
10-03 02:32:17: - Logging - 
Unable to locate weekly odds in cache.
10-03 02:32:17: - Logging - 
Successfully removed 3333 from the database
10-03 02:32:17: - Logging - 
Unable to locate weekly odds in cache.
10-03 02:35:18: - Logging - 
Successfully removed 4444 from the database
10-03 02:35:18: - Logging - 
Unable to locate weekly odds in cache.
10-03 02:35:18: - Logging - 
Successfully removed 3333 from the database
10-03 02:35:18: - Logging - 
Unable to locate weekly odds in cache.
10-03 02:35:45: - Logging - 
Successfully removed 4444 from the database
10-03 02:35:45: - Logging - 
Unable to locate weekly odds in cache.
10-03 02:35:45: - Logging - 
Successfully removed 3333 from the database
10-03 02:35:45: - Logging - 
Unable to locate weekly odds in cache.
10-03 02:37:40: - Logging - 
Successfully removed 4444 from the database
10-03 02:37:40: - Logging - 
Unable to locate weekly odds in cache.
10-03 02:37:40: - Logging - 
Successfully removed 3333 from the database
10-03 02:37:40: - Logging - 
Unable to locate weekly odds in cache.
10-03 23:05:04: - Logging - 
Successfully removed 919 from the database
10-03 23:05:04: - Logging - 
Successfully removed 919 from the cache
10-03 23:15:02: - Logging - 
Successfully removed 919 from the database
10-03 23:15:02: - Logging - 
Successfully removed 919 from the cache
10-03 23:20:03: - Logging - 
Successfully removed 919 from the database
10-03 23:20:03: - Logging - 
Successfully removed 919 from the cache
10-03 23:25:01: - Logging - 
Successfully removed 919 from the database
10-03 23:25:01: - Logging - 
Successfully removed 919 from the cache
10-03 23:30:01: - Logging - 
Successfully removed 919 from the database
10-03 23:30:01: - Logging - 
Successfully removed 919 from the cache
10-03 23:35:04: - Logging - 
Successfully removed 919 from the database
10-03 23:35:04: - Logging - 
Successfully removed 919 from the cache
10-03 23:40:00: - Logging - 
Successfully removed 919 from the database
10-03 23:40:00: - Logging - 
Successfully removed 919 from the cache
10-03 23:45:01: - Logging - 
Successfully removed 919 from the database
10-03 23:45:01: - Logging - 
Successfully removed 919 from the cache
10-03 23:50:04: - Logging - 
Successfully removed 919 from the database
10-03 23:50:04: - Logging - 
Successfully removed 919 from the cache
10-03 23:55:00: - Logging - 
Successfully removed 919 from the database
10-03 23:55:00: - Logging - 
Successfully removed 919 from the cache
10-04 01:45:01: - Logging - 
Successfully removed 7568 from the database
10-04 01:45:01: - Logging - 
Successfully removed 7568 from the cache
10-16 15:58:01: - Logging - 
Successfully removed 1925 from the database
10-16 15:58:01: - Logging - 
Successfully removed 1925 from the cache
10-16 15:58:01: - Logging - 
Successfully removed 1925 from the database
10-16 15:58:01: - Logging - 
Successfully removed 1925 from the cache
10-16 17:44:00: - Logging - 
Successfully removed 2951 from the database
10-16 17:44:00: - Logging - 
Successfully removed 2951 from the cache
10-16 17:44:00: - Logging - 
Successfully removed 6310 from the database
10-16 17:44:00: - Logging - 
Successfully removed 6310 from the cache
10-16 17:44:01: - Logging - 
Successfully removed 151 from the database
10-16 17:44:01: - Logging - 
Successfully removed 151 from the cache
10-16 17:44:01: - Logging - 
Successfully removed 2951 from the database
10-16 17:44:01: - Logging - 
Successfully removed 2951 from the cache
10-16 17:44:01: - Logging - 
Successfully removed 3035 from the database
10-16 17:44:01: - Logging - 
Successfully removed 3035 from the cache
10-16 17:44:01: - Logging - 
Successfully removed 3035 from the database
10-16 17:44:01: - Logging - 
Successfully removed 3035 from the cache
10-16 17:44:01: - Logging - 
Successfully removed 6310 from the database
10-16 17:44:01: - Logging - 
Successfully removed 6310 from the cache
10-16 17:44:01: - Logging - 
Successfully removed 151 from the database
10-16 17:44:01: - Logging - 
Successfully removed 151 from the cache
10-16 17:44:01: - Logging - 
Successfully removed 6407 from the database
10-16 17:44:01: - Logging - 
Successfully removed 6407 from the cache
10-16 17:44:01: - Logging - 
Successfully removed 6407 from the database
10-16 17:44:01: - Logging - 
Successfully removed 6407 from the cache
10-16 17:44:01: - Logging - 
Successfully removed 547 from the database
10-16 17:44:01: - Logging - 
Successfully removed 547 from the cache
10-16 17:44:01: - Logging - 
Successfully removed 547 from the database
10-16 17:44:01: - Logging - 
Successfully removed 547 from the cache
10-16 17:44:01: - Logging - 
Successfully removed 6365 from the database
10-16 17:44:01: - Logging - 
Successfully removed 6365 from the cache
10-16 17:44:01: - Logging - 
Successfully removed 6365 from the database
10-16 17:44:01: - Logging - 
Successfully removed 6365 from the cache
10-21 01:35:02: --------    -------- 
Successfully removed 9104 from the database
--------    --------
10-21 01:35:02: --------    -------- 
Successfully removed 9104 from the cache
--------    --------
10-27 16:09:17: --------    -------- 
Successfully removed 501 from the database
--------    --------
10-27 16:09:17: --------    -------- 
Successfully removed 501 from the cache
--------    --------
10-27 16:09:18: --------    -------- 
Successfully removed 6694 from the database
--------    --------
10-27 16:09:18: --------    -------- 
Successfully removed 6694 from the cache
--------    --------
10-27 16:09:18: --------    -------- 
Successfully removed 501 from the database
--------    --------
10-27 16:09:18: --------    -------- 
Successfully removed 501 from the cache
--------    --------
10-27 16:09:18: --------    -------- 
Successfully removed 6694 from the database
--------    --------
10-27 16:09:18: --------    -------- 
Successfully removed 6694 from the cache
--------    --------
11-24 23:34:43: --------    -------- 
Successfully removed matchup Dallas Cowboys vs New York Giants from the database
--------    --------
11-24 23:34:43: --------    -------- 
Successfully removed matchup Minnesota Vikings vs New England Patriots from the database
--------    --------
12-06 21:50:02: --------    -------- 
Successfully removed matchup Cleveland Cavaliers vs Los Angeles Lakers from the database
--------    --------
12-06 21:55:02: --------    -------- 
Successfully removed matchup Miami Heat vs Detroit Pistons from the database
--------    --------
12-07 00:40:02: --------    -------- 
Successfully removed matchup Denver Nuggets vs Dallas Mavericks from the database
--------    --------
01-18 08:00:00: --------    -------- 
Successfully removed matchup Milwaukee Bucks vs Toronto Raptors from the database
--------    --------
01-18 08:00:01: --------    -------- 
Successfully removed matchup San Antonio Spurs vs Brooklyn Nets from the database
--------    --------
01-18 08:00:01: --------    -------- 
Successfully removed matchup Denver Nuggets vs Portland Trail Blazers from the database
--------    --------
01-18 08:00:01: --------    -------- 
Successfully removed matchup Los Angeles Clippers vs Philadelphia 76ers from the database
--------    --------
