10-02 22:20:02: - Logging - 
Unable to locate a matchup for team New Orleans Saints
10-02 22:22:01: - Logging - 
Unable to locate a matchup for team New Orleans Saints
10-02 22:22:01: - Logging - 
Unable to locate a matchup for team Atlanta Falcons
10-02 22:22:01: - Logging - 
Unable to locate a matchup for team Dallas Cowboys
10-02 22:22:01: - Logging - 
Unable to locate a matchup for team Indianapolis Colts
10-02 22:22:01: - Logging - 
Unable to locate a matchup for team Philadelphia Eagles
10-02 22:22:01: - Logging - 
Unable to locate a matchup for team Pittsburgh Steelers
10-02 22:22:01: - Logging - 
Unable to locate a matchup for team Baltimore Ravens
10-02 22:22:01: - Logging - 
Unable to locate a matchup for team Detroit Lions
10-02 22:22:01: - Logging - 
Unable to locate a matchup for team New York Giants
10-02 22:22:01: - Logging - 
Unable to locate a matchup for team Houston Texans
10-02 22:22:01: - Logging - 
Unable to locate a matchup for team Minnesota Vikings
10-02 22:22:01: - Logging - 
Unable to locate a matchup for team Cleveland Browns
10-02 22:22:01: - Logging - 
Unable to locate a matchup for team Washington Commanders
10-02 22:22:01: - Logging - 
Unable to locate a matchup for team Tennessee Titans
10-02 22:22:01: - Logging - 
Unable to locate a matchup for team Jacksonville Jaguars
10-02 22:22:01: - Logging - 
Unable to locate a matchup for team New York Jets
10-02 22:22:01: - Logging - 
Unable to locate a matchup for team Buffalo Bills
10-02 22:22:01: - Logging - 
Unable to locate a matchup for team Seattle Seahawks
10-02 22:22:01: - Logging - 
Unable to locate a matchup for team Chicago Bears
10-02 22:22:01: - Logging - 
Unable to locate a matchup for team Los Angeles Chargers
10-02 22:24:01: - Logging - 
Unable to locate weekly odds in cache.
10-02 22:24:01: - Logging - 
Unable to locate weekly odds in cache.
10-02 22:24:01: - Logging - 
Unable to locate weekly odds in cache.
10-02 22:24:01: - Logging - 
Unable to locate weekly odds in cache.
10-02 22:24:01: - Logging - 
Unable to locate weekly odds in cache.
10-02 22:24:01: - Logging - 
Unable to locate weekly odds in cache.
10-02 22:24:01: - Logging - 
Unable to locate weekly odds in cache.
10-02 22:24:01: - Logging - 
Unable to locate weekly odds in cache.
10-02 22:24:01: - Logging - 
Unable to locate weekly odds in cache.
10-02 22:24:01: - Logging - 
Unable to locate weekly odds in cache.
10-02 22:24:01: - Logging - 
Unable to locate weekly odds in cache.
10-02 22:24:01: - Logging - 
Unable to locate weekly odds in cache.
10-02 22:24:01: - Logging - 
Unable to locate weekly odds in cache.
10-02 22:24:01: - Logging - 
Unable to locate weekly odds in cache.
10-02 22:24:01: - Logging - 
Unable to locate weekly odds in cache.
10-02 22:24:01: - Logging - 
Unable to locate weekly odds in cache.
10-02 22:24:01: - Logging - 
Unable to locate weekly odds in cache.
10-02 22:24:01: - Logging - 
Unable to locate weekly odds in cache.
10-02 22:24:01: - Logging - 
Unable to locate weekly odds in cache.
10-02 22:24:01: - Logging - 
Unable to locate weekly odds in cache.
10-02 22:24:01: - Logging - 
Unable to locate weekly odds in cache.
10-02 22:24:01: - Logging - 
Unable to locate weekly odds in cache.
10-02 22:24:01: - Logging - 
Unable to locate weekly odds in cache.
10-02 22:24:01: - Logging - 
Unable to locate weekly odds in cache.
10-02 22:24:01: - Logging - 
Unable to locate weekly odds in cache.
10-02 22:24:01: - Logging - 
Unable to locate weekly odds in cache.
10-02 22:40:03: - Logging - 
Unable to locate weekly odds in cache.
10-02 22:40:03: - Logging - 
Unable to locate weekly odds in cache.
10-02 22:40:03: - Logging - 
Unable to locate weekly odds in cache.
10-02 22:40:03: - Logging - 
Unable to locate weekly odds in cache.
10-02 22:40:03: - Logging - 
Unable to locate weekly odds in cache.
10-02 22:40:03: - Logging - 
Unable to locate weekly odds in cache.
10-02 22:40:03: - Logging - 
Unable to locate weekly odds in cache.
10-02 22:40:03: - Logging - 
Unable to locate weekly odds in cache.
10-02 22:40:03: - Logging - 
Unable to locate weekly odds in cache.
10-02 22:40:03: - Logging - 
Unable to locate weekly odds in cache.
10-02 22:40:03: - Logging - 
Unable to locate weekly odds in cache.
10-02 22:40:03: - Logging - 
Unable to locate weekly odds in cache.
10-02 22:40:03: - Logging - 
Unable to locate weekly odds in cache.
10-02 22:40:03: - Logging - 
Unable to locate weekly odds in cache.
10-02 22:40:03: - Logging - 
Unable to locate weekly odds in cache.
10-02 22:40:03: - Logging - 
Unable to locate weekly odds in cache.
10-02 22:40:03: - Logging - 
Unable to locate weekly odds in cache.
10-02 22:40:03: - Logging - 
Unable to locate weekly odds in cache.
10-02 22:40:03: - Logging - 
Unable to locate weekly odds in cache.
10-02 22:40:03: - Logging - 
Unable to locate weekly odds in cache.
10-02 22:40:03: - Logging - 
Unable to locate weekly odds in cache.
10-02 22:40:03: - Logging - 
Unable to locate weekly odds in cache.
10-02 22:40:03: - Logging - 
Unable to locate weekly odds in cache.
10-02 22:40:03: - Logging - 
Unable to locate weekly odds in cache.
10-02 22:40:03: - Logging - 
Unable to locate weekly odds in cache.
10-02 22:40:03: - Logging - 
Unable to locate weekly odds in cache.
10-02 22:42:00: - Logging - 
Unable to locate weekly odds in cache.
10-02 22:42:00: - Logging - 
Unable to locate weekly odds in cache.
10-02 22:42:00: - Logging - 
Unable to locate weekly odds in cache.
10-02 22:42:00: - Logging - 
Unable to locate weekly odds in cache.
10-02 22:42:00: - Logging - 
Unable to locate weekly odds in cache.
10-02 22:42:00: - Logging - 
Unable to locate weekly odds in cache.
10-02 22:42:00: - Logging - 
Unable to locate weekly odds in cache.
10-02 22:42:00: - Logging - 
Unable to locate weekly odds in cache.
10-02 22:42:00: - Logging - 
Unable to locate weekly odds in cache.
10-02 22:42:00: - Logging - 
Unable to locate weekly odds in cache.
10-02 22:42:00: - Logging - 
Unable to locate weekly odds in cache.
10-02 22:42:00: - Logging - 
Unable to locate weekly odds in cache.
10-02 22:42:00: - Logging - 
Unable to locate weekly odds in cache.
10-02 22:42:00: - Logging - 
Unable to locate weekly odds in cache.
10-02 22:42:00: - Logging - 
Unable to locate weekly odds in cache.
10-02 22:42:00: - Logging - 
Unable to locate weekly odds in cache.
10-02 22:42:00: - Logging - 
Unable to locate weekly odds in cache.
10-02 22:42:00: - Logging - 
Unable to locate weekly odds in cache.
10-02 22:42:00: - Logging - 
Unable to locate weekly odds in cache.
10-02 22:42:00: - Logging - 
Unable to locate weekly odds in cache.
10-02 22:42:00: - Logging - 
Unable to locate weekly odds in cache.
10-02 22:42:00: - Logging - 
Unable to locate weekly odds in cache.
10-02 22:42:00: - Logging - 
Unable to locate weekly odds in cache.
10-02 22:42:00: - Logging - 
Unable to locate weekly odds in cache.
10-02 22:42:00: - Logging - 
Unable to locate weekly odds in cache.
10-02 22:42:00: - Logging - 
Unable to locate weekly odds in cache.
10-02 22:48:00: - Logging - 
Unable to locate weekly odds in cache.
10-02 22:48:00: - Logging - 
Unable to locate weekly odds in cache.
10-02 22:48:00: - Logging - 
Unable to locate weekly odds in cache.
10-02 22:48:00: - Logging - 
Unable to locate weekly odds in cache.
10-02 22:48:00: - Logging - 
Unable to locate weekly odds in cache.
10-02 22:48:00: - Logging - 
Unable to locate weekly odds in cache.
10-02 22:48:00: - Logging - 
Unable to locate weekly odds in cache.
10-02 22:48:00: - Logging - 
Unable to locate weekly odds in cache.
10-02 22:48:00: - Logging - 
Unable to locate weekly odds in cache.
10-02 22:48:00: - Logging - 
Unable to locate weekly odds in cache.
10-02 22:48:00: - Logging - 
Unable to locate weekly odds in cache.
10-02 22:48:00: - Logging - 
Unable to locate weekly odds in cache.
10-02 22:48:00: - Logging - 
Unable to locate weekly odds in cache.
10-02 22:48:00: - Logging - 
Unable to locate weekly odds in cache.
10-02 22:48:00: - Logging - 
Unable to locate weekly odds in cache.
10-02 22:48:00: - Logging - 
Unable to locate weekly odds in cache.
10-02 22:48:00: - Logging - 
Unable to locate weekly odds in cache.
10-02 22:48:00: - Logging - 
Unable to locate weekly odds in cache.
10-02 22:48:00: - Logging - 
Unable to locate weekly odds in cache.
10-02 22:48:00: - Logging - 
Unable to locate weekly odds in cache.
10-02 22:48:00: - Logging - 
Unable to locate weekly odds in cache.
10-02 22:48:00: - Logging - 
Unable to locate weekly odds in cache.
10-02 22:48:00: - Logging - 
Unable to locate weekly odds in cache.
10-02 22:48:00: - Logging - 
Unable to locate weekly odds in cache.
10-02 22:48:00: - Logging - 
Unable to locate weekly odds in cache.
10-02 22:48:00: - Logging - 
Unable to locate weekly odds in cache.
10-02 22:50:02: - Logging - 
Unable to locate weekly odds in cache.
10-02 22:50:02: - Logging - 
Unable to locate weekly odds in cache.
10-02 22:50:02: - Logging - 
Unable to locate weekly odds in cache.
10-02 22:50:02: - Logging - 
Unable to locate weekly odds in cache.
10-02 22:50:02: - Logging - 
Unable to locate weekly odds in cache.
10-02 22:50:02: - Logging - 
Unable to locate weekly odds in cache.
10-02 22:50:02: - Logging - 
Unable to locate weekly odds in cache.
10-02 22:50:02: - Logging - 
Unable to locate weekly odds in cache.
10-02 22:50:02: - Logging - 
Unable to locate weekly odds in cache.
10-02 22:50:02: - Logging - 
Unable to locate weekly odds in cache.
10-02 22:50:02: - Logging - 
Unable to locate weekly odds in cache.
10-02 22:50:02: - Logging - 
Unable to locate weekly odds in cache.
10-02 22:50:02: - Logging - 
Unable to locate weekly odds in cache.
10-02 22:50:02: - Logging - 
Unable to locate weekly odds in cache.
10-02 22:50:02: - Logging - 
Unable to locate weekly odds in cache.
10-02 22:50:02: - Logging - 
Unable to locate weekly odds in cache.
10-02 22:50:02: - Logging - 
Unable to locate weekly odds in cache.
10-02 22:50:02: - Logging - 
Unable to locate weekly odds in cache.
10-02 22:50:02: - Logging - 
Unable to locate weekly odds in cache.
10-02 22:50:02: - Logging - 
Unable to locate weekly odds in cache.
10-02 22:50:02: - Logging - 
Unable to locate weekly odds in cache.
10-02 22:50:02: - Logging - 
Unable to locate weekly odds in cache.
10-02 22:50:02: - Logging - 
Unable to locate weekly odds in cache.
10-02 22:50:02: - Logging - 
Unable to locate weekly odds in cache.
10-02 22:50:02: - Logging - 
Unable to locate weekly odds in cache.
10-02 22:50:02: - Logging - 
Unable to locate weekly odds in cache.
10-02 22:52:01: - Logging - 
Unable to locate weekly odds in cache.
10-02 22:52:01: - Logging - 
Unable to locate weekly odds in cache.
10-02 22:52:01: - Logging - 
Unable to locate weekly odds in cache.
10-02 22:52:01: - Logging - 
Unable to locate weekly odds in cache.
10-02 22:52:01: - Logging - 
Unable to locate weekly odds in cache.
10-02 22:52:01: - Logging - 
Unable to locate weekly odds in cache.
10-02 22:52:01: - Logging - 
Unable to locate weekly odds in cache.
10-02 22:52:01: - Logging - 
Unable to locate weekly odds in cache.
10-02 22:52:01: - Logging - 
Unable to locate weekly odds in cache.
10-02 22:52:01: - Logging - 
Unable to locate weekly odds in cache.
10-02 22:52:01: - Logging - 
Unable to locate weekly odds in cache.
10-02 22:52:01: - Logging - 
Unable to locate weekly odds in cache.
10-02 22:52:01: - Logging - 
Unable to locate weekly odds in cache.
10-02 22:52:01: - Logging - 
Unable to locate weekly odds in cache.
10-02 22:52:01: - Logging - 
Unable to locate weekly odds in cache.
10-02 22:52:01: - Logging - 
Unable to locate weekly odds in cache.
10-02 22:52:01: - Logging - 
Unable to locate weekly odds in cache.
10-02 22:52:01: - Logging - 
Unable to locate weekly odds in cache.
10-02 22:52:01: - Logging - 
Unable to locate weekly odds in cache.
10-02 22:52:01: - Logging - 
Unable to locate weekly odds in cache.
10-02 22:52:01: - Logging - 
Unable to locate weekly odds in cache.
10-02 22:52:01: - Logging - 
Unable to locate weekly odds in cache.
10-02 22:52:01: - Logging - 
Unable to locate weekly odds in cache.
10-02 22:52:01: - Logging - 
Unable to locate weekly odds in cache.
10-02 22:52:01: - Logging - 
Unable to locate weekly odds in cache.
10-02 22:52:01: - Logging - 
Unable to locate weekly odds in cache.
10-02 22:54:01: - Logging - 
Unable to locate weekly odds in cache.
10-02 22:54:01: - Logging - 
Unable to locate weekly odds in cache.
10-02 22:54:01: - Logging - 
Unable to locate weekly odds in cache.
10-02 22:54:01: - Logging - 
Unable to locate weekly odds in cache.
10-02 22:54:01: - Logging - 
Unable to locate weekly odds in cache.
10-02 22:54:01: - Logging - 
Unable to locate weekly odds in cache.
10-02 22:54:01: - Logging - 
Unable to locate weekly odds in cache.
10-02 22:54:01: - Logging - 
Unable to locate weekly odds in cache.
10-02 22:54:01: - Logging - 
Unable to locate weekly odds in cache.
10-02 22:54:01: - Logging - 
Unable to locate weekly odds in cache.
10-02 22:54:01: - Logging - 
Unable to locate weekly odds in cache.
10-02 22:54:01: - Logging - 
Unable to locate weekly odds in cache.
10-02 22:54:01: - Logging - 
Unable to locate weekly odds in cache.
10-02 22:54:01: - Logging - 
Unable to locate weekly odds in cache.
10-02 22:54:01: - Logging - 
Unable to locate weekly odds in cache.
10-02 22:54:01: - Logging - 
Unable to locate weekly odds in cache.
10-02 22:54:01: - Logging - 
Unable to locate weekly odds in cache.
10-02 22:54:01: - Logging - 
Unable to locate weekly odds in cache.
10-02 22:54:01: - Logging - 
Unable to locate weekly odds in cache.
10-02 22:54:01: - Logging - 
Unable to locate weekly odds in cache.
10-02 22:54:01: - Logging - 
Unable to locate weekly odds in cache.
10-02 22:54:01: - Logging - 
Unable to locate weekly odds in cache.
10-02 22:54:01: - Logging - 
Unable to locate weekly odds in cache.
10-02 22:54:01: - Logging - 
Unable to locate weekly odds in cache.
10-02 22:54:01: - Logging - 
Unable to locate weekly odds in cache.
10-02 22:54:01: - Logging - 
Unable to locate weekly odds in cache.
10-02 22:56:03: - Logging - 
Unable to locate weekly odds in cache.
10-02 22:56:03: - Logging - 
Unable to locate weekly odds in cache.
10-02 22:56:03: - Logging - 
Unable to locate weekly odds in cache.
10-02 22:56:03: - Logging - 
Unable to locate weekly odds in cache.
10-02 22:56:03: - Logging - 
Unable to locate weekly odds in cache.
10-02 22:56:03: - Logging - 
Unable to locate weekly odds in cache.
10-02 22:56:03: - Logging - 
Unable to locate weekly odds in cache.
10-02 22:56:03: - Logging - 
Unable to locate weekly odds in cache.
10-02 22:56:03: - Logging - 
Unable to locate weekly odds in cache.
10-02 22:56:03: - Logging - 
Unable to locate weekly odds in cache.
10-02 22:56:03: - Logging - 
Unable to locate weekly odds in cache.
10-02 22:56:03: - Logging - 
Unable to locate weekly odds in cache.
10-02 22:56:03: - Logging - 
Unable to locate weekly odds in cache.
10-02 22:56:03: - Logging - 
Unable to locate weekly odds in cache.
10-02 22:56:03: - Logging - 
Unable to locate weekly odds in cache.
10-02 22:56:03: - Logging - 
Unable to locate weekly odds in cache.
10-02 22:56:03: - Logging - 
Unable to locate weekly odds in cache.
10-02 22:56:03: - Logging - 
Unable to locate weekly odds in cache.
10-02 22:56:03: - Logging - 
Unable to locate weekly odds in cache.
10-02 22:56:03: - Logging - 
Unable to locate weekly odds in cache.
10-02 22:56:03: - Logging - 
Unable to locate weekly odds in cache.
10-02 22:56:03: - Logging - 
Unable to locate weekly odds in cache.
10-02 22:56:03: - Logging - 
Unable to locate weekly odds in cache.
10-02 22:56:03: - Logging - 
Unable to locate weekly odds in cache.
10-02 22:56:03: - Logging - 
Unable to locate weekly odds in cache.
10-02 22:56:03: - Logging - 
Unable to locate weekly odds in cache.
10-02 23:52:01: - Logging - 
Unable to locate weekly odds in cache.
10-02 23:52:01: - Logging - 
Unable to locate weekly odds in cache.
10-02 23:52:01: - Logging - 
Unable to locate weekly odds in cache.
10-02 23:52:01: - Logging - 
Unable to locate weekly odds in cache.
10-02 23:52:01: - Logging - 
Unable to locate weekly odds in cache.
10-02 23:52:01: - Logging - 
Unable to locate weekly odds in cache.
10-02 23:52:01: - Logging - 
Unable to locate weekly odds in cache.
10-02 23:52:01: - Logging - 
Unable to locate weekly odds in cache.
10-02 23:52:01: - Logging - 
Unable to locate weekly odds in cache.
10-02 23:52:01: - Logging - 
Unable to locate weekly odds in cache.
10-02 23:52:01: - Logging - 
Unable to locate weekly odds in cache.
10-02 23:52:01: - Logging - 
Unable to locate weekly odds in cache.
10-02 23:52:01: - Logging - 
Unable to locate weekly odds in cache.
10-02 23:52:01: - Logging - 
Unable to locate weekly odds in cache.
10-02 23:52:01: - Logging - 
Unable to locate weekly odds in cache.
10-02 23:52:01: - Logging - 
Unable to locate weekly odds in cache.
10-02 23:52:01: - Logging - 
Unable to locate weekly odds in cache.
10-02 23:52:01: - Logging - 
Unable to locate weekly odds in cache.
10-02 23:52:01: - Logging - 
Unable to locate weekly odds in cache.
10-02 23:52:01: - Logging - 
Unable to locate weekly odds in cache.
10-02 23:52:01: - Logging - 
Unable to locate weekly odds in cache.
10-02 23:52:01: - Logging - 
Unable to locate weekly odds in cache.
10-02 23:52:01: - Logging - 
Unable to locate weekly odds in cache.
10-02 23:52:01: - Logging - 
Unable to locate weekly odds in cache.
10-02 23:52:01: - Logging - 
Unable to locate weekly odds in cache.
10-02 23:52:01: - Logging - 
Unable to locate weekly odds in cache.
10-02 23:52:01: - Logging - 
Unable to locate weekly odds in cache.
10-02 23:52:01: - Logging - 
Unable to locate weekly odds in cache.
10-03 03:35:02: - Logging - 
Unable to locate weekly odds in cache.
10-03 03:35:02: - Logging - 
Unable to locate weekly odds in cache.
10-03 03:35:02: - Logging - 
Unable to locate weekly odds in cache.
10-03 03:35:02: - Logging - 
Unable to locate weekly odds in cache.
10-03 03:35:02: - Logging - 
Unable to locate weekly odds in cache.
10-03 03:35:02: - Logging - 
Unable to locate weekly odds in cache.
10-03 03:35:02: - Logging - 
Unable to locate weekly odds in cache.
10-03 03:35:02: - Logging - 
Unable to locate weekly odds in cache.
10-03 03:35:02: - Logging - 
Unable to locate weekly odds in cache.
10-03 03:35:02: - Logging - 
Unable to locate weekly odds in cache.
10-03 03:35:02: - Logging - 
Unable to locate weekly odds in cache.
10-03 03:35:02: - Logging - 
Unable to locate weekly odds in cache.
10-03 03:35:02: - Logging - 
Unable to locate weekly odds in cache.
10-03 03:35:02: - Logging - 
Unable to locate weekly odds in cache.
10-03 03:35:02: - Logging - 
Unable to locate weekly odds in cache.
10-03 03:35:02: - Logging - 
Unable to locate weekly odds in cache.
10-03 03:35:02: - Logging - 
Unable to locate weekly odds in cache.
10-03 03:35:02: - Logging - 
Unable to locate weekly odds in cache.
10-03 03:35:02: - Logging - 
Unable to locate weekly odds in cache.
10-03 03:35:02: - Logging - 
Unable to locate weekly odds in cache.
10-03 03:35:02: - Logging - 
Unable to locate weekly odds in cache.
10-03 03:35:02: - Logging - 
Unable to locate weekly odds in cache.
10-03 03:35:02: - Logging - 
Unable to locate weekly odds in cache.
10-03 03:35:02: - Logging - 
Unable to locate weekly odds in cache.
10-03 03:35:02: - Logging - 
Unable to locate weekly odds in cache.
10-03 03:35:02: - Logging - 
Unable to locate weekly odds in cache.
10-03 03:35:02: - Logging - 
Unable to locate weekly odds in cache.
10-03 03:35:02: - Logging - 
Unable to locate weekly odds in cache.
10-03 03:40:04: - Logging - 
Unable to locate weekly odds in cache.
10-03 03:40:04: - Logging - 
Unable to locate weekly odds in cache.
10-03 03:40:04: - Logging - 
Unable to locate weekly odds in cache.
10-03 03:40:04: - Logging - 
Unable to locate weekly odds in cache.
10-03 03:40:04: - Logging - 
Unable to locate weekly odds in cache.
10-03 03:40:04: - Logging - 
Unable to locate weekly odds in cache.
10-03 03:40:04: - Logging - 
Unable to locate weekly odds in cache.
10-03 03:40:04: - Logging - 
Unable to locate weekly odds in cache.
10-03 03:40:04: - Logging - 
Unable to locate weekly odds in cache.
10-03 03:40:04: - Logging - 
Unable to locate weekly odds in cache.
10-03 03:40:04: - Logging - 
Unable to locate weekly odds in cache.
10-03 03:40:04: - Logging - 
Unable to locate weekly odds in cache.
10-03 03:40:04: - Logging - 
Unable to locate weekly odds in cache.
10-03 03:40:04: - Logging - 
Unable to locate weekly odds in cache.
10-03 03:40:04: - Logging - 
Unable to locate weekly odds in cache.
10-03 03:40:04: - Logging - 
Unable to locate weekly odds in cache.
10-03 03:40:04: - Logging - 
Unable to locate weekly odds in cache.
10-03 03:40:04: - Logging - 
Unable to locate weekly odds in cache.
10-03 03:40:04: - Logging - 
Unable to locate weekly odds in cache.
10-03 03:40:04: - Logging - 
Unable to locate weekly odds in cache.
10-03 03:40:04: - Logging - 
Unable to locate weekly odds in cache.
10-03 03:40:04: - Logging - 
Unable to locate weekly odds in cache.
10-03 03:40:04: - Logging - 
Unable to locate weekly odds in cache.
10-03 03:40:04: - Logging - 
Unable to locate weekly odds in cache.
10-03 03:40:04: - Logging - 
Unable to locate weekly odds in cache.
10-03 03:40:04: - Logging - 
Unable to locate weekly odds in cache.
10-03 03:40:04: - Logging - 
Unable to locate weekly odds in cache.
10-03 03:40:04: - Logging - 
Unable to locate weekly odds in cache.
10-03 03:45:02: - Logging - 
Unable to locate weekly odds in cache.
10-03 03:45:02: - Logging - 
Unable to locate weekly odds in cache.
10-03 03:45:02: - Logging - 
Unable to locate weekly odds in cache.
10-03 03:45:02: - Logging - 
Unable to locate weekly odds in cache.
10-03 03:45:02: - Logging - 
Unable to locate weekly odds in cache.
10-03 03:45:02: - Logging - 
Unable to locate weekly odds in cache.
10-03 03:45:02: - Logging - 
Unable to locate weekly odds in cache.
10-03 03:45:02: - Logging - 
Unable to locate weekly odds in cache.
10-03 03:45:02: - Logging - 
Unable to locate weekly odds in cache.
10-03 03:45:02: - Logging - 
Unable to locate weekly odds in cache.
10-03 03:45:02: - Logging - 
Unable to locate weekly odds in cache.
10-03 03:45:02: - Logging - 
Unable to locate weekly odds in cache.
10-03 03:45:02: - Logging - 
Unable to locate weekly odds in cache.
10-03 03:45:02: - Logging - 
Unable to locate weekly odds in cache.
10-03 03:45:02: - Logging - 
Unable to locate weekly odds in cache.
10-03 03:45:02: - Logging - 
Unable to locate weekly odds in cache.
10-03 03:45:02: - Logging - 
Unable to locate weekly odds in cache.
10-03 03:45:02: - Logging - 
Unable to locate weekly odds in cache.
10-03 03:45:02: - Logging - 
Unable to locate weekly odds in cache.
10-03 03:45:02: - Logging - 
Unable to locate weekly odds in cache.
10-03 03:45:02: - Logging - 
Unable to locate weekly odds in cache.
10-03 03:45:02: - Logging - 
Unable to locate weekly odds in cache.
10-03 03:45:02: - Logging - 
Unable to locate weekly odds in cache.
10-03 03:45:02: - Logging - 
Unable to locate weekly odds in cache.
10-03 03:45:02: - Logging - 
Unable to locate weekly odds in cache.
10-03 03:45:02: - Logging - 
Unable to locate weekly odds in cache.
10-03 03:45:02: - Logging - 
Unable to locate weekly odds in cache.
10-03 03:45:02: - Logging - 
Unable to locate weekly odds in cache.
10-03 03:50:02: - Logging - 
Unable to locate weekly odds in cache.
10-03 03:50:02: - Logging - 
Unable to locate weekly odds in cache.
10-03 03:50:02: - Logging - 
Unable to locate weekly odds in cache.
10-03 03:50:02: - Logging - 
Unable to locate weekly odds in cache.
10-03 03:50:02: - Logging - 
Unable to locate weekly odds in cache.
10-03 03:50:02: - Logging - 
Unable to locate weekly odds in cache.
10-03 03:50:02: - Logging - 
Unable to locate weekly odds in cache.
10-03 03:50:02: - Logging - 
Unable to locate weekly odds in cache.
10-03 03:50:02: - Logging - 
Unable to locate weekly odds in cache.
10-03 03:50:02: - Logging - 
Unable to locate weekly odds in cache.
10-03 03:50:02: - Logging - 
Unable to locate weekly odds in cache.
10-03 03:50:02: - Logging - 
Unable to locate weekly odds in cache.
10-03 03:50:02: - Logging - 
Unable to locate weekly odds in cache.
10-03 03:50:02: - Logging - 
Unable to locate weekly odds in cache.
10-03 03:50:02: - Logging - 
Unable to locate weekly odds in cache.
10-03 03:50:02: - Logging - 
Unable to locate weekly odds in cache.
10-03 03:50:02: - Logging - 
Unable to locate weekly odds in cache.
10-03 03:50:02: - Logging - 
Unable to locate weekly odds in cache.
10-03 03:50:02: - Logging - 
Unable to locate weekly odds in cache.
10-03 03:50:02: - Logging - 
Unable to locate weekly odds in cache.
10-03 03:50:02: - Logging - 
Unable to locate weekly odds in cache.
10-03 03:50:02: - Logging - 
Unable to locate weekly odds in cache.
10-03 03:50:02: - Logging - 
Unable to locate weekly odds in cache.
10-03 03:50:02: - Logging - 
Unable to locate weekly odds in cache.
10-03 03:50:02: - Logging - 
Unable to locate weekly odds in cache.
10-03 03:50:02: - Logging - 
Unable to locate weekly odds in cache.
10-03 03:50:02: - Logging - 
Unable to locate weekly odds in cache.
10-03 03:50:02: - Logging - 
Unable to locate weekly odds in cache.
10-17 10:39:48: --------    -------- 
Unable to locate a matchup for team null
--------    --------
10-17 10:39:48: --------    -------- 
Unable to locate a matchup for team null
--------    --------
10-17 10:44:30: --------    -------- 
Unable to locate a matchup for team Carolina Panthers
--------    --------
10-17 10:44:30: --------    -------- 
Unable to locate a matchup for team Carolina Panthers
--------    --------
10-19 13:47:59: --------    -------- 
Unable to locate a matchup for team Washington Commanders
--------    --------
10-20 14:16:09: --------    -------- 
Unable to locate a matchup for team Los Angeles Clippers
--------    --------
10-20 14:16:34: --------    -------- 
Unable to locate a matchup for team Los Angeles Clippers
--------    --------
10-20 14:30:35: --------    -------- 
Unable to locate a matchup for team undefined
--------    --------
10-20 14:32:18: --------    -------- 
Unable to locate a matchup for team undefined
--------    --------
10-21 09:29:23: --------    -------- 
Unable to locate a matchup for team Arizona Cardinals
--------    --------
10-21 09:29:23: --------    -------- 
Unable to locate a matchup for team Arizona Cardinals
--------    --------
10-21 09:29:34: --------    -------- 
Unable to locate a matchup for team Arizona Cardinals
--------    --------
10-21 09:29:34: --------    -------- 
Unable to locate a matchup for team Arizona Cardinals
--------    --------
10-21 09:30:53: --------    -------- 
Unable to locate a matchup for team Arizona Cardinals
--------    --------
10-21 09:30:53: --------    -------- 
Unable to locate a matchup for team Arizona Cardinals
--------    --------
10-21 09:31:26: --------    -------- 
Unable to locate a matchup for team Arizona Cardinals
--------    --------
10-21 09:31:26: --------    -------- 
Unable to locate a matchup for team Arizona Cardinals
--------    --------
10-21 09:33:03: --------    -------- 
Unable to locate a matchup for team Arizona Cardinals
--------    --------
10-21 09:33:03: --------    -------- 
Unable to locate a matchup for team Arizona Cardinals
--------    --------
10-23 11:08:59: --------    -------- 
Unable to locate weekly odds in cache.
--------    --------
10-23 11:08:59: --------    -------- 
Unable to locate weekly odds in cache.
--------    --------
