10-02 17:52:03: - Logging - 
Match 1063 is not in progress
10-02 17:52:03: - Logging - 
Match 993 is not in progress
10-02 17:52:03: - Logging - 
Match 2903 is not in progress
10-02 17:52:03: - Logging - 
Match 6439 is not in progress
10-02 17:52:03: - Logging - 
Match 5598 is not in progress
10-02 17:52:03: - Logging - 
Match 2901 is not in progress
10-02 17:52:03: - Logging - 
Match 1208 is not in progress
10-02 17:52:03: - Logging - 
Match 2220 is not in progress
10-02 17:52:03: - Logging - 
Match 7771 is not in progress
10-02 17:52:03: - Logging - 
Match 188 is not in progress
10-02 17:55:21: - Logging - 
Match 5529 is not in progress
10-02 17:55:21: - Logging - 
Match 5529 added to cache
10-02 17:56:44: - Logging - 
Match 3712 is not in progress
10-02 17:56:44: - Logging - 
Match 3712 added to cache
10-02 17:56:44: - Logging - 
Match 3712 cleared from cache
10-02 17:57:08: - Logging - 
Match 3712 is not in progress
10-02 17:57:08: - Logging - 
Match 3712 cleared from cache
10-02 18:00:50: - Logging - 
Match 9720 is in progress
10-02 18:00:50: - Logging - 
Match 9720 cleared from cache
10-02 18:01:59: - Logging - 
Match 9720 is not in progress
10-02 18:02:00: - Logging - 
Match 9720 cleared from cache
10-02 18:02:40: - Logging - 
Match 8696 is in progress
10-02 18:02:40: - Logging - 
Match 8696 cleared from cache
10-02 18:04:09: - Logging - 
Match 7843 is in progress
10-02 18:48:48: - Logging - 
Match 5682 is not in progress
10-02 18:48:48: - Logging - 
Match 5682 added to cache
10-02 18:48:48: - Logging - 
Match 5682 cleared from cache
10-02 22:01:13: - Logging - 
Match 3311 is not in progress
10-02 22:01:13: - Logging - 
Match 3311 added to cache
10-02 22:01:14: - Logging - 
Match 3311 cleared from cache
10-02 22:02:00: - Logging - 
Match 9720 is not in progress
10-02 22:04:01: - Logging - 
Match 9720 is not in progress
10-02 22:04:01: - Logging - 
Match 8696 is not in progress
10-02 22:04:01: - Logging - 
Match 7843 is not in progress
10-02 22:06:01: - Logging - 
Match 9720 is not in progress
10-02 22:06:01: - Logging - 
Match 8696 is not in progress
10-02 22:06:01: - Logging - 
Match 7843 is not in progress
10-02 22:08:01: - Logging - 
Match 9720 is not in progress
10-02 22:08:01: - Logging - 
Match 8696 is not in progress
10-02 22:08:01: - Logging - 
Match 7843 is not in progress
10-02 22:10:04: - Logging - 
Match 9720 is not in progress
10-02 22:10:04: - Logging - 
Match 8696 is not in progress
10-02 22:10:04: - Logging - 
Match 7843 is not in progress
10-02 22:14:01: - Logging - 
Match 9720 is not in progress
10-02 22:14:01: - Logging - 
Match 8696 is not in progress
10-02 22:14:01: - Logging - 
Match 7843 is not in progress
10-02 22:16:00: - Logging - 
Match 9720 is not in progress
10-02 22:16:00: - Logging - 
Match 8696 is not in progress
10-02 22:16:00: - Logging - 
Match 7843 is not in progress
10-02 22:18:01: - Logging - 
Match 9720 is not in progress
10-02 22:18:01: - Logging - 
Match 8696 is not in progress
10-02 22:18:01: - Logging - 
Match 7843 is not in progress
10-02 22:20:02: - Logging - 
Match 9720 is not in progress
10-02 22:22:01: - Logging - 
Match 9720 is not in progress
10-02 22:22:01: - Logging - 
Match 8696 is not in progress
10-02 22:22:01: - Logging - 
Match 7843 is not in progress
10-02 23:47:19: - Logging - 
Match 1111 is not in progress
10-02 23:47:19: - Logging - 
Match 1111 added to cache
10-02 23:47:19: - Logging - 
Match 1111 cleared from cache
10-02 23:51:28: - Logging - 
Match 1111 is not in progress
10-02 23:51:28: - Logging - 
Match 1111 added to cache
10-02 23:51:28: - Logging - 
Match 1122 is not in progress
10-02 23:51:28: - Logging - 
Match 1122 added to cache
10-02 23:51:28: - Logging - 
Match 1122 cleared from cache
10-03 00:09:31: - Logging - 
Match 1111 is in progress
10-03 00:09:31: - Logging - 
Match 1111 added to cache
10-03 00:09:31: - Logging - 
Match 1122 is not in progress
10-03 00:09:31: - Logging - 
Match 1122 added to cache
10-03 00:18:42: - Logging - 
Match 3333 is not in progress
10-03 00:18:42: - Logging - 
Match 3333 added to cache
10-03 00:18:42: - Logging - 
Match 3333 cleared from cache
10-03 00:22:09: - Logging - 
Match 3333 is not in progress
10-03 00:22:09: - Logging - 
Match 3333 added to cache
10-03 00:22:09: - Logging - 
Match 3333 cleared from cache
10-03 00:22:09: - Logging - 
Match 4444 is not in progress
10-03 00:22:09: - Logging - 
Match 4444 added to cache
10-03 00:22:09: - Logging - 
Match 4444 cleared from cache
10-03 00:30:07: - Logging - 
Match 3333 is not in progress
10-03 00:30:07: - Logging - 
Match 3333 added to cache
10-03 00:30:07: - Logging - 
Match 3333 cleared from cache
10-03 00:30:07: - Logging - 
Match 4444 is not in progress
10-03 00:30:07: - Logging - 
Match 4444 added to cache
10-03 00:30:07: - Logging - 
Match 4444 cleared from cache
10-03 00:31:40: - Logging - 
Match 3333 is not in progress
10-03 00:31:40: - Logging - 
Match 3333 added to cache
10-03 00:31:40: - Logging - 
Match 3333 cleared from cache
10-03 00:31:40: - Logging - 
Match 4444 is not in progress
10-03 00:31:40: - Logging - 
Match 4444 added to cache
10-03 00:31:40: - Logging - 
Match 4444 cleared from cache
10-03 00:34:17: - Logging - 
Match 3333 is not in progress
10-03 00:34:17: - Logging - 
Match 3333 added to cache
10-03 00:34:17: - Logging - 
Match 3333 cleared from cache
10-03 00:34:17: - Logging - 
Match 4444 is not in progress
10-03 00:34:17: - Logging - 
Match 4444 added to cache
10-03 00:34:17: - Logging - 
Match 4444 cleared from cache
10-03 00:38:22: - Logging - 
Match 3333 is not in progress
10-03 00:38:22: - Logging - 
Match 3333 added to cache
10-03 00:38:22: - Logging - 
Match 3333 cleared from cache
10-03 00:38:23: - Logging - 
Match 4444 is not in progress
10-03 00:38:23: - Logging - 
Match 4444 added to cache
10-03 00:38:23: - Logging - 
Match 4444 cleared from cache
10-03 00:42:54: - Logging - 
Match 3333 is not in progress
10-03 00:42:54: - Logging - 
Match 3333 added to cache
10-03 00:42:54: - Logging - 
Match 3333 cleared from cache
10-03 00:42:54: - Logging - 
Match 4444 is not in progress
10-03 00:42:54: - Logging - 
Match 4444 added to cache
10-03 01:10:54: - Logging - 
Match 3333 is not in progress
10-03 01:10:54: - Logging - 
Match 3333 added to cache
10-03 01:10:54: - Logging - 
Match 4444 is in progress
10-03 01:10:54: - Logging - 
Match 4444 added to cache
10-03 01:12:21: - Logging - 
Match 3333 is not in progress
10-03 01:12:21: - Logging - 
Match 3333 added to cache
10-03 01:12:21: - Logging - 
Match 4444 is not in progress
10-03 01:12:21: - Logging - 
Match 4444 added to cache
10-03 01:15:55: - Logging - 
Match 3333 is in progress
10-03 01:15:55: - Logging - 
Match 3333 added to cache
10-03 01:15:55: - Logging - 
Match 4444 is in progress
10-03 01:15:55: - Logging - 
Match 4444 added to cache
10-03 01:16:48: - Logging - 
Match 3333 is in progress
10-03 01:17:05: - Logging - 
Match 3333 added to cache
10-03 01:18:52: - Logging - 
Match 3333 is not in progress
10-03 01:20:59: - Logging - 
Match 3333 added to cache
10-03 01:23:11: - Logging - 
Match 3333 is not in progress
10-03 01:23:11: - Logging - 
Match 3333 added to cache
10-03 01:23:11: - Logging - 
Match 3333 cleared from cache
10-03 01:23:11: - Logging - 
Match 4444 is not in progress
10-03 01:23:11: - Logging - 
Match 4444 added to cache
10-03 01:27:32: - Logging - 
Match 3333 is not in progress
10-03 01:27:32: - Logging - 
Match 3333 is not in progress
10-03 01:27:32: - Logging - 
Match 3333 added to cache
10-03 01:27:32: - Logging - 
Match 4444 is in progress
10-03 01:27:32: - Logging - 
Match 4444 added to cache
10-03 01:28:03: - Logging - 
Match 3333 added to cache
10-03 01:30:19: - Logging - 
Match 3333 is in progress
10-03 01:30:19: - Logging - 
Match 3333 added to cache
10-03 01:30:19: - Logging - 
Match 3333 cleared from cache
10-03 01:30:19: - Logging - 
Match 4444 is in progress
10-03 01:30:19: - Logging - 
Match 4444 added to cache
10-03 01:33:30: - Logging - 
Match 3333 is not in progress
10-03 01:33:31: - Logging - 
Match 3333 added to cache
10-03 01:33:31: - Logging - 
Match 3333 cleared from cache
10-03 01:33:31: - Logging - 
Match 4444 is not in progress
10-03 01:33:31: - Logging - 
Match 4444 added to cache
10-03 01:35:40: - Logging - 
Match 3333 is not in progress
10-03 01:35:40: - Logging - 
Match 3333 is not in progress
10-03 01:35:40: - Logging - 
Match 3333 added to cache
10-03 01:35:40: - Logging - 
Match 4444 is in progress
10-03 01:35:40: - Logging - 
Match 4444 added to cache
10-03 01:35:54: - Logging - 
Match 3333 added to cache
10-03 01:38:07: - Logging - 
Match 3333 is in progress
10-03 01:38:33: - Logging - 
Match 3333 added to cache
10-03 01:39:11: - Logging - 
Match 3333 cleared from cache
10-03 01:40:03: - Logging - 
Match 3333 is not in progress
10-03 01:40:53: - Logging - 
Match 3333 is not in progress
10-03 01:41:23: - Logging - 
Match 3333 added to cache
10-03 01:41:44: - Logging - 
Match 3333 cleared from cache
10-03 01:41:53: - Logging - 
Match 4444 is not in progress
10-03 01:42:06: - Logging - 
Match 4444 added to cache
10-03 01:45:05: - Logging - 
Match 3333 is not in progress
10-03 01:45:05: - Logging - 
Match 3333 added to cache
10-03 01:45:05: - Logging - 
Match 3333 cleared from cache
10-03 01:45:05: - Logging - 
Match 4444 is in progress
10-03 01:45:05: - Logging - 
Match 4444 added to cache
10-03 01:46:41: - Logging - 
Match 3333 is not in progress
10-03 01:46:41: - Logging - 
Match 3333 added to cache
10-03 01:46:41: - Logging - 
Match 3333 cleared from cache
10-03 01:46:41: - Logging - 
Match 4444 is not in progress
10-03 01:46:41: - Logging - 
Match 4444 added to cache
10-03 01:56:02: - Logging - 
Match 3333 is not in progress
10-03 01:56:02: - Logging - 
Match 3333 added to cache
10-03 01:56:02: - Logging - 
Match 3333 cleared from cache
10-03 01:57:14: - Logging - 
Match 3333 is not in progress
10-03 01:57:14: - Logging - 
Match 3333 added to cache
10-03 01:57:14: - Logging - 
Match 3333 cleared from cache
10-03 01:57:14: - Logging - 
Match 4444 is not in progress
10-03 01:57:14: - Logging - 
Match 4444 added to cache
10-03 01:57:14: - Logging - 
Match 4444 cleared from cache
10-03 01:59:39: - Logging - 
Match 3333 is not in progress
10-03 01:59:39: - Logging - 
Match 3333 added to cache
10-03 01:59:39: - Logging - 
Match 3333 cleared from cache
10-03 01:59:39: - Logging - 
Match 4444 is not in progress
10-03 01:59:39: - Logging - 
Match 4444 added to cache
10-03 01:59:39: - Logging - 
Match 4444 cleared from cache
10-03 02:03:35: - Logging - 
Match 3333 is not in progress
10-03 02:03:35: - Logging - 
Match 3333 is not in progress
10-03 02:03:35: - Logging - 
Match 3333 added to cache
10-03 02:03:35: - Logging - 
Match 3333 cleared from cache
10-03 02:03:35: - Logging - 
Match 4444 is not in progress
10-03 02:03:35: - Logging - 
Match 4444 added to cache
10-03 02:03:35: - Logging - 
Match 4444 cleared from cache
10-03 02:04:39: - Logging - 
Match 3333 is not in progress
10-03 02:04:49: - Logging - 
Match 3333 added to cache
10-03 02:05:12: - Logging - 
Match 3333 cleared from cache
10-03 02:05:23: - Logging - 
Match 4444 is not in progress
10-03 02:05:27: - Logging - 
Match 4444 added to cache
10-03 02:05:49: - Logging - 
Match 4444 cleared from cache
10-03 02:06:48: - Logging - 
Match 3333 is not in progress
10-03 02:06:48: - Logging - 
Match 4444 is not in progress
10-03 02:07:21: - Logging - 
Match 3333 is not in progress
10-03 02:07:21: - Logging - 
Match 3333 added to cache
10-03 02:07:21: - Logging - 
Match 3333 cleared from cache
10-03 02:07:21: - Logging - 
Match 4444 is not in progress
10-03 02:07:21: - Logging - 
Match 4444 added to cache
10-03 02:07:21: - Logging - 
Match 4444 cleared from cache
10-03 02:12:07: - Logging - 
Match 3333 is not in progress
10-03 02:12:07: - Logging - 
Match 3333 added to cache
10-03 02:12:07: - Logging - 
Match 3333 cleared from cache
10-03 02:12:07: - Logging - 
Match 4444 is not in progress
10-03 02:12:07: - Logging - 
Match 4444 added to cache
10-03 02:12:07: - Logging - 
Match 4444 cleared from cache
10-03 02:21:07: - Logging - 
Match 3333 is not in progress
10-03 02:21:08: - Logging - 
Match 3333 added to cache
10-03 02:21:08: - Logging - 
Match 3333 cleared from cache
10-03 02:21:08: - Logging - 
Match 4444 is not in progress
10-03 02:21:08: - Logging - 
Match 4444 added to cache
10-03 02:21:08: - Logging - 
Match 4444 cleared from cache
10-03 02:23:11: - Logging - 
Match 4444 is not in progress
10-03 02:23:11: - Logging - 
Match 4444 added to cache
10-03 02:23:11: - Logging - 
Match 4444 cleared from cache
10-03 02:23:11: - Logging - 
Match 3333 is not in progress
10-03 02:23:11: - Logging - 
Match 3333 added to cache
10-03 02:23:11: - Logging - 
Match 3333 cleared from cache
10-03 02:23:48: - Logging - 
Match 4444 is not in progress
10-03 02:24:15: - Logging - 
Match 4444 is not in progress
10-03 02:24:15: - Logging - 
Match 4444 added to cache
10-03 02:24:15: - Logging - 
Match 4444 cleared from cache
10-03 02:24:15: - Logging - 
Match 3333 is not in progress
10-03 02:24:15: - Logging - 
Match 3333 added to cache
10-03 02:24:15: - Logging - 
Match 3333 cleared from cache
10-03 02:24:46: - Logging - 
Match 4444 is not in progress
10-03 02:24:46: - Logging - 
Match 4444 added to cache
10-03 02:24:46: - Logging - 
Match 4444 cleared from cache
10-03 02:24:46: - Logging - 
Match 3333 is in progress
10-03 02:24:46: - Logging - 
Match 3333 added to cache
10-03 02:24:46: - Logging - 
Match 3333 cleared from cache
10-03 02:26:39: - Logging - 
Match 4444 is not in progress
10-03 02:26:39: - Logging - 
Match 4444 added to cache
10-03 02:26:39: - Logging - 
Match 4444 cleared from cache
10-03 02:26:39: - Logging - 
Match 3333 is in progress
10-03 02:26:39: - Logging - 
Match 3333 added to cache
10-03 02:26:39: - Logging - 
Match 3333 cleared from cache
10-03 02:27:52: - Logging - 
Match 4444 is in progress
10-03 02:28:37: - Logging - 
Match 4444 is in progress
10-03 02:28:37: - Logging - 
Match 3333 is in progress
10-03 02:28:37: - Logging - 
Match 4444 added to cache
10-03 02:28:37: - Logging - 
Match 4444 cleared from cache
10-03 02:28:37: - Logging - 
Match 3333 added to cache
10-03 02:28:37: - Logging - 
Match 3333 cleared from cache
10-03 02:31:14: - Logging - 
Match 4444 is not in progress
10-03 02:31:14: - Logging - 
Match 4444 added to cache
10-03 02:31:14: - Logging - 
Match 4444 cleared from cache
10-03 02:31:14: - Logging - 
Match 3333 is not in progress
10-03 02:31:15: - Logging - 
Match 3333 added to cache
10-03 02:31:15: - Logging - 
Match 3333 cleared from cache
10-03 02:31:50: - Logging - 
Match 4444 is not in progress
10-03 02:31:50: - Logging - 
Match 4444 added to cache
10-03 02:31:50: - Logging - 
Match 4444 cleared from cache
10-03 02:31:50: - Logging - 
Match 3333 is not in progress
10-03 02:31:50: - Logging - 
Match 3333 added to cache
10-03 02:31:50: - Logging - 
Match 3333 cleared from cache
10-03 02:32:17: - Logging - 
Match 4444 is not in progress
10-03 02:32:17: - Logging - 
Match 4444 added to cache
10-03 02:32:17: - Logging - 
Match 4444 cleared from cache
10-03 02:32:17: - Logging - 
Match 3333 is not in progress
10-03 02:32:17: - Logging - 
Match 3333 added to cache
10-03 02:32:17: - Logging - 
Match 3333 cleared from cache
10-03 02:35:18: - Logging - 
Match 4444 is not in progress
10-03 02:35:18: - Logging - 
Match 4444 added to cache
10-03 02:35:18: - Logging - 
Match 4444 cleared from cache
10-03 02:35:18: - Logging - 
Match 3333 added to cache
10-03 02:35:18: - Logging - 
Match 3333 cleared from cache
10-03 02:35:45: - Logging - 
Match 4444 is not in progress
10-03 02:35:45: - Logging - 
Match 4444 added to cache
10-03 02:35:45: - Logging - 
Match 4444 cleared from cache
10-03 02:35:45: - Logging - 
Match 3333 added to cache
10-03 02:35:45: - Logging - 
Match 3333 cleared from cache
10-03 02:37:39: - Logging - 
Match 4444 added to cache
10-03 02:37:40: - Logging - 
Match 4444 cleared from cache
10-03 02:37:40: - Logging - 
Match 3333 added to cache
10-03 02:37:40: - Logging - 
Match 3333 cleared from cache
10-03 23:05:04: - Logging - 
Match 919 added to cache
10-03 23:05:04: - Logging - 
Match 919 cleared from cache
10-03 23:15:02: - Logging - 
Match 919 added to cache
10-03 23:15:02: - Logging - 
Match 919 cleared from cache
10-03 23:20:03: - Logging - 
Match 919 added to cache
10-03 23:20:03: - Logging - 
Match 919 cleared from cache
10-03 23:25:01: - Logging - 
Match 919 added to cache
10-03 23:25:01: - Logging - 
Match 919 cleared from cache
10-03 23:30:01: - Logging - 
Match 919 added to cache
10-03 23:30:01: - Logging - 
Match 919 cleared from cache
10-03 23:35:04: - Logging - 
Match 919 added to cache
10-03 23:35:04: - Logging - 
Match 919 cleared from cache
10-03 23:40:00: - Logging - 
Match 919 added to cache
10-03 23:40:00: - Logging - 
Match 919 cleared from cache
10-03 23:45:01: - Logging - 
Match 919 added to cache
10-03 23:45:01: - Logging - 
Match 919 cleared from cache
10-03 23:50:04: - Logging - 
Match 919 added to cache
10-03 23:50:04: - Logging - 
Match 919 cleared from cache
10-03 23:55:00: - Logging - 
Match 919 added to cache
10-03 23:55:00: - Logging - 
Match 919 cleared from cache
10-04 01:45:01: - Logging - 
Match 7568 added to cache
10-04 01:45:01: - Logging - 
Match 7568 cleared from cache
10-04 01:48:00: - Logging - 
Match 7568 added to cache
10-04 01:48:00: - Logging - 
Match 7568 cleared from cache
10-04 01:55:00: - Logging - 
Match 7568 added to cache
10-04 01:55:00: - Logging - 
Match 7568 cleared from cache
10-04 01:56:00: - Logging - 
Match 7568 added to cache
10-04 01:56:00: - Logging - 
Match 7568 cleared from cache
10-04 02:20:04: - Logging - 
Match 7568 added to cache
10-04 02:20:04: - Logging - 
Match 7568 cleared from cache
10-04 02:50:02: - Logging - 
Match 7588 added to cache
10-04 02:50:02: - Logging - 
Match 7588 cleared from cache
10-16 15:58:01: - Logging - 
Match 1925 added to cache
10-16 15:58:01: - Logging - 
Match 1925 cleared from cache
10-16 17:44:00: - Logging - 
Match 2951 added to cache
10-16 17:44:00: - Logging - 
Match 2951 cleared from cache
10-16 17:44:00: - Logging - 
Match 6310 added to cache
10-16 17:44:00: - Logging - 
Match 6310 cleared from cache
10-16 17:44:00: - Logging - 
Match 151 added to cache
10-16 17:44:00: - Logging - 
Match 151 cleared from cache
10-16 17:44:01: - Logging - 
Match 3035 added to cache
10-16 17:44:01: - Logging - 
Match 3035 cleared from cache
10-16 17:44:01: - Logging - 
Match 6407 added to cache
10-16 17:44:01: - Logging - 
Match 6407 cleared from cache
10-16 17:44:01: - Logging - 
Match 547 added to cache
10-16 17:44:01: - Logging - 
Match 547 cleared from cache
10-16 17:44:01: - Logging - 
Match 6365 added to cache
10-16 17:44:01: - Logging - 
Match 6365 cleared from cache
10-21 01:35:02: --------    -------- 
Match 9104 added to cache
--------    --------
10-21 01:35:02: --------    -------- 
Match 9104 cleared from cache
--------    --------
10-21 23:27:01: --------    -------- 
Match 4399 added to cache
--------    --------
10-21 23:27:01: --------    -------- 
Match 4399 cleared from cache
--------    --------
10-23 20:40:02: --------    -------- 
Match 8405 added to cache
--------    --------
10-23 20:40:02: --------    -------- 
Match 8405 cleared from cache
--------    --------
10-23 20:40:02: --------    -------- 
Match 1521 added to cache
--------    --------
10-23 20:40:02: --------    -------- 
Match 1521 cleared from cache
--------    --------
10-23 20:40:02: --------    -------- 
Match 7602 added to cache
--------    --------
10-23 20:40:02: --------    -------- 
Match 7602 cleared from cache
--------    --------
10-23 20:40:02: --------    -------- 
Match 4010 added to cache
--------    --------
10-23 20:40:02: --------    -------- 
Match 4010 cleared from cache
--------    --------
10-23 20:40:02: --------    -------- 
Match 2025 added to cache
--------    --------
10-23 20:40:02: --------    -------- 
Match 2025 cleared from cache
--------    --------
10-23 20:40:02: --------    -------- 
Match 7242 added to cache
--------    --------
10-23 20:40:02: --------    -------- 
Match 7242 cleared from cache
--------    --------
10-23 20:40:02: --------    -------- 
Match 2552 added to cache
--------    --------
10-23 20:40:02: --------    -------- 
Match 2552 cleared from cache
--------    --------
10-23 20:40:02: --------    -------- 
Match 6999 added to cache
--------    --------
10-23 20:40:02: --------    -------- 
Match 6999 cleared from cache
--------    --------
10-23 20:40:02: --------    -------- 
Match 4455 added to cache
--------    --------
10-23 20:40:02: --------    -------- 
Match 4455 cleared from cache
--------    --------
10-23 20:40:02: --------    -------- 
Match 5079 added to cache
--------    --------
10-23 20:40:02: --------    -------- 
Match 5079 cleared from cache
--------    --------
10-23 20:40:02: --------    -------- 
Match 9846 added to cache
--------    --------
10-23 20:40:02: --------    -------- 
Match 9846 cleared from cache
--------    --------
10-23 21:16:01: --------    -------- 
Match 8405 added to cache
--------    --------
10-23 21:16:01: --------    -------- 
Match 8405 cleared from cache
--------    --------
10-23 21:16:01: --------    -------- 
Match 1521 added to cache
--------    --------
10-23 21:16:01: --------    -------- 
Match 1521 cleared from cache
--------    --------
10-23 21:16:01: --------    -------- 
Match 7602 added to cache
--------    --------
10-23 21:16:01: --------    -------- 
Match 7602 cleared from cache
--------    --------
10-23 21:16:01: --------    -------- 
Match 4010 added to cache
--------    --------
10-23 21:16:01: --------    -------- 
Match 4010 cleared from cache
--------    --------
10-23 21:16:01: --------    -------- 
Match 2025 added to cache
--------    --------
10-23 21:16:01: --------    -------- 
Match 2025 cleared from cache
--------    --------
10-23 21:16:01: --------    -------- 
Match 7242 added to cache
--------    --------
10-23 21:16:01: --------    -------- 
Match 7242 cleared from cache
--------    --------
10-23 21:16:01: --------    -------- 
Match 2552 added to cache
--------    --------
10-23 21:16:01: --------    -------- 
Match 2552 cleared from cache
--------    --------
10-23 21:16:01: --------    -------- 
Match 6999 added to cache
--------    --------
10-23 21:16:01: --------    -------- 
Match 6999 cleared from cache
--------    --------
10-23 21:16:01: --------    -------- 
Match 4455 added to cache
--------    --------
10-23 21:16:01: --------    -------- 
Match 4455 cleared from cache
--------    --------
10-23 21:16:02: --------    -------- 
Match 5079 added to cache
--------    --------
10-23 21:16:02: --------    -------- 
Match 5079 cleared from cache
--------    --------
10-23 21:16:02: --------    -------- 
Match 9846 added to cache
--------    --------
10-23 21:16:02: --------    -------- 
Match 9846 cleared from cache
--------    --------
10-27 16:09:17: --------    -------- 
Match 501 cleared from cache
--------    --------
10-27 16:09:18: --------    -------- 
Match 6694 cleared from cache
--------    --------
