11-22 08:58:49: --------    -------- 
{
	rss: '78.03 MB -> Resident Set Size - total memory allocated for the process execution',
	heapTotal: '56.59 MB -> total size of the allocated heap',
	heapUsed: '27.68 MB -> actual memory used during the execution',
	external: '3.1 MB -> V8 external memory'
}
--------    --------
11-22 08:59:18: --------    -------- 
{
	rss: '78.12 MB -> Resident Set Size - total memory allocated for the process execution',
	heapTotal: '56.59 MB -> total size of the allocated heap',
	heapUsed: '27.28 MB -> actual memory used during the execution',
	external: '3.09 MB -> V8 external memory'
}
--------    --------
11-22 09:01:18: --------    -------- 
{
	rss: '78.18 MB -> Resident Set Size - total memory allocated for the process execution',
	heapTotal: '56.59 MB -> total size of the allocated heap',
	heapUsed: '28.15 MB -> actual memory used during the execution',
	external: '3.09 MB -> V8 external memory'
}
--------    --------
11-22 09:02:10: --------    -------- 
{
	rss: '78.29 MB -> Resident Set Size - total memory allocated for the process execution',
	heapTotal: '56.59 MB -> total size of the allocated heap',
	heapUsed: '28.2 MB -> actual memory used during the execution',
	external: '3.08 MB -> V8 external memory'
}
--------    --------
undefined
undefined
